{"/Users/lihanzhu/Documents/GitHub/project-video-and-messaging-web-app-557project-kai-haotian-lihan/project557/src/index.js": {"path":"/Users/lihanzhu/Documents/GitHub/project-video-and-messaging-web-app-557project-kai-haotian-lihan/project557/src/index.js","statementMap":{},"fnMap":{},"branchMap":{},"s":{},"f":{},"b":{}}
,"/Users/lihanzhu/Documents/GitHub/project-video-and-messaging-web-app-557project-kai-haotian-lihan/project557/src/reportWebVitals.js": {"path":"/Users/lihanzhu/Documents/GitHub/project-video-and-messaging-web-app-557project-kai-haotian-lihan/project557/src/reportWebVitals.js","statementMap":{"0":{"start":{"line":1,"column":24},"end":{"line":11,"column":1}},"1":{"start":{"line":2,"column":2},"end":{"line":10,"column":3}},"2":{"start":{"line":3,"column":4},"end":{"line":9,"column":7}},"3":{"start":{"line":4,"column":6},"end":{"line":4,"column":26}},"4":{"start":{"line":5,"column":6},"end":{"line":5,"column":26}},"5":{"start":{"line":6,"column":6},"end":{"line":6,"column":26}},"6":{"start":{"line":7,"column":6},"end":{"line":7,"column":26}},"7":{"start":{"line":8,"column":6},"end":{"line":8,"column":27}}},"fnMap":{"0":{"name":"(anonymous_0)","decl":{"start":{"line":1,"column":24},"end":{"line":1,"column":25}},"loc":{"start":{"line":1,"column":39},"end":{"line":11,"column":1}},"line":1},"1":{"name":"(anonymous_1)","decl":{"start":{"line":3,"column":30},"end":{"line":3,"column":31}},"loc":{"start":{"line":3,"column":79},"end":{"line":9,"column":5}},"line":3}},"branchMap":{"0":{"loc":{"start":{"line":2,"column":2},"end":{"line":10,"column":3}},"type":"if","locations":[{"start":{"line":2,"column":2},"end":{"line":10,"column":3}},{"start":{"line":2,"column":2},"end":{"line":10,"column":3}}],"line":2},"1":{"loc":{"start":{"line":2,"column":6},"end":{"line":2,"column":52}},"type":"binary-expr","locations":[{"start":{"line":2,"column":6},"end":{"line":2,"column":17}},{"start":{"line":2,"column":21},"end":{"line":2,"column":52}}],"line":2}},"s":{"0":1,"1":1,"2":1,"3":1,"4":1,"5":1,"6":1,"7":1},"f":{"0":1,"1":1},"b":{"0":[1,0],"1":[1,1]},"_coverageSchema":"1a1c01bbd47fc00a2c39e90264f33305004495a9","hash":"76800f6a748f10117d216d31147e6593d371c16a"}
,"/Users/lihanzhu/Documents/GitHub/project-video-and-messaging-web-app-557project-kai-haotian-lihan/project557/src/components/App.js": {"path":"/Users/lihanzhu/Documents/GitHub/project-video-and-messaging-web-app-557project-kai-haotian-lihan/project557/src/components/App.js","statementMap":{"0":{"start":{"line":8,"column":4},"end":{"line":8,"column":12}},"1":{"start":{"line":9,"column":4},"end":{"line":14,"column":6}},"2":{"start":{"line":15,"column":4},"end":{"line":15,"column":53}},"3":{"start":{"line":16,"column":4},"end":{"line":16,"column":49}},"4":{"start":{"line":20,"column":4},"end":{"line":20,"column":46}},"5":{"start":{"line":21,"column":4},"end":{"line":21,"column":51}},"6":{"start":{"line":22,"column":4},"end":{"line":22,"column":48}},"7":{"start":{"line":24,"column":4},"end":{"line":24,"column":41}},"8":{"start":{"line":25,"column":4},"end":{"line":25,"column":43}},"9":{"start":{"line":26,"column":4},"end":{"line":26,"column":43}},"10":{"start":{"line":30,"column":4},"end":{"line":30,"column":39}},"11":{"start":{"line":31,"column":4},"end":{"line":31,"column":40}},"12":{"start":{"line":35,"column":4},"end":{"line":46,"column":6}}},"fnMap":{"0":{"name":"(anonymous_0)","decl":{"start":{"line":7,"column":2},"end":{"line":7,"column":3}},"loc":{"start":{"line":7,"column":16},"end":{"line":17,"column":3}},"line":7},"1":{"name":"(anonymous_1)","decl":{"start":{"line":19,"column":2},"end":{"line":19,"column":3}},"loc":{"start":{"line":19,"column":45},"end":{"line":27,"column":3}},"line":19},"2":{"name":"(anonymous_2)","decl":{"start":{"line":29,"column":2},"end":{"line":29,"column":3}},"loc":{"start":{"line":29,"column":19},"end":{"line":32,"column":3}},"line":29},"3":{"name":"(anonymous_3)","decl":{"start":{"line":34,"column":2},"end":{"line":34,"column":3}},"loc":{"start":{"line":34,"column":11},"end":{"line":47,"column":3}},"line":34}},"branchMap":{},"s":{"0":4,"1":4,"2":4,"3":4,"4":1,"5":1,"6":1,"7":1,"8":1,"9":1,"10":1,"11":1,"12":8},"f":{"0":4,"1":1,"2":1,"3":8},"b":{},"_coverageSchema":"1a1c01bbd47fc00a2c39e90264f33305004495a9","hash":"de9447d5755a3a4d6301147e43e177baa66c9b3a"}
,"/Users/lihanzhu/Documents/GitHub/project-video-and-messaging-web-app-557project-kai-haotian-lihan/project557/src/components/Chat.js": {"path":"/Users/lihanzhu/Documents/GitHub/project-video-and-messaging-web-app-557project-kai-haotian-lihan/project557/src/components/Chat.js","statementMap":{"0":{"start":{"line":26,"column":34},"end":{"line":26,"column":45}},"1":{"start":{"line":28,"column":34},"end":{"line":28,"column":45}},"2":{"start":{"line":39,"column":6},"end":{"line":39,"column":11}},"3":{"start":{"line":40,"column":2},"end":{"line":40,"column":28}},"4":{"start":{"line":42,"column":25},"end":{"line":42,"column":70}},"5":{"start":{"line":42,"column":31},"end":{"line":42,"column":70}},"6":{"start":{"line":42,"column":57},"end":{"line":42,"column":69}},"7":{"start":{"line":44,"column":25},"end":{"line":44,"column":70}},"8":{"start":{"line":44,"column":31},"end":{"line":44,"column":70}},"9":{"start":{"line":44,"column":57},"end":{"line":44,"column":69}},"10":{"start":{"line":46,"column":23},"end":{"line":64,"column":3}},"11":{"start":{"line":47,"column":4},"end":{"line":52,"column":5}},"12":{"start":{"line":48,"column":20},"end":{"line":48,"column":71}},"13":{"start":{"line":49,"column":6},"end":{"line":51,"column":7}},"14":{"start":{"line":50,"column":8},"end":{"line":50,"column":47}},"15":{"start":{"line":53,"column":4},"end":{"line":61,"column":6}},"16":{"start":{"line":63,"column":4},"end":{"line":63,"column":44}},"17":{"start":{"line":63,"column":30},"end":{"line":63,"column":42}},"18":{"start":{"line":66,"column":2},"end":{"line":79,"column":9}},"19":{"start":{"line":67,"column":4},"end":{"line":67,"column":19}},"20":{"start":{"line":69,"column":20},"end":{"line":71,"column":5}},"21":{"start":{"line":70,"column":6},"end":{"line":70,"column":41}},"22":{"start":{"line":74,"column":4},"end":{"line":74,"column":53}},"23":{"start":{"line":76,"column":4},"end":{"line":78,"column":6}},"24":{"start":{"line":77,"column":6},"end":{"line":77,"column":58}},"25":{"start":{"line":84,"column":2},"end":{"line":97,"column":4}},"26":{"start":{"line":102,"column":42},"end":{"line":102,"column":53}},"27":{"start":{"line":103,"column":38},"end":{"line":103,"column":48}},"28":{"start":{"line":104,"column":38},"end":{"line":104,"column":48}},"29":{"start":{"line":105,"column":28},"end":{"line":106,"column":55}},"30":{"start":{"line":106,"column":4},"end":{"line":106,"column":55}},"31":{"start":{"line":106,"column":38},"end":{"line":106,"column":54}},"32":{"start":{"line":107,"column":23},"end":{"line":107,"column":28}},"33":{"start":{"line":108,"column":24},"end":{"line":108,"column":42}},"34":{"start":{"line":109,"column":18},"end":{"line":109,"column":35}},"35":{"start":{"line":110,"column":18},"end":{"line":116,"column":3}},"36":{"start":{"line":111,"column":17},"end":{"line":111,"column":53}},"37":{"start":{"line":112,"column":4},"end":{"line":115,"column":5}},"38":{"start":{"line":113,"column":6},"end":{"line":113,"column":34}},"39":{"start":{"line":114,"column":6},"end":{"line":114,"column":48}},"40":{"start":{"line":129,"column":24},"end":{"line":161,"column":3}},"41":{"start":{"line":130,"column":4},"end":{"line":160,"column":5}},"42":{"start":{"line":131,"column":6},"end":{"line":159,"column":7}},"43":{"start":{"line":133,"column":8},"end":{"line":133,"column":34}},"44":{"start":{"line":134,"column":8},"end":{"line":134,"column":28}},"45":{"start":{"line":137,"column":23},"end":{"line":137,"column":39}},"46":{"start":{"line":139,"column":8},"end":{"line":157,"column":10}},"47":{"start":{"line":140,"column":22},"end":{"line":140,"column":33}},"48":{"start":{"line":141,"column":10},"end":{"line":141,"column":34}},"49":{"start":{"line":142,"column":10},"end":{"line":142,"column":78}},"50":{"start":{"line":144,"column":25},"end":{"line":144,"column":32}},"51":{"start":{"line":145,"column":10},"end":{"line":156,"column":12}},"52":{"start":{"line":146,"column":12},"end":{"line":155,"column":13}},"53":{"start":{"line":147,"column":14},"end":{"line":147,"column":53}},"54":{"start":{"line":148,"column":14},"end":{"line":148,"column":77}},"55":{"start":{"line":149,"column":14},"end":{"line":149,"column":63}},"56":{"start":{"line":150,"column":30},"end":{"line":153,"column":34}},"57":{"start":{"line":154,"column":14},"end":{"line":154,"column":58}},"58":{"start":{"line":158,"column":8},"end":{"line":158,"column":48}},"59":{"start":{"line":165,"column":22},"end":{"line":205,"column":3}},"60":{"start":{"line":166,"column":4},"end":{"line":166,"column":80}},"61":{"start":{"line":167,"column":19},"end":{"line":167,"column":71}},"62":{"start":{"line":168,"column":18},"end":{"line":168,"column":20}},"63":{"start":{"line":169,"column":4},"end":{"line":204,"column":7}},"64":{"start":{"line":170,"column":6},"end":{"line":170,"column":38}},"65":{"start":{"line":171,"column":23},"end":{"line":171,"column":48}},"66":{"start":{"line":172,"column":6},"end":{"line":190,"column":8}},"67":{"start":{"line":173,"column":8},"end":{"line":173,"column":27}},"68":{"start":{"line":174,"column":8},"end":{"line":189,"column":9}},"69":{"start":{"line":175,"column":23},"end":{"line":175,"column":62}},"70":{"start":{"line":176,"column":24},"end":{"line":176,"column":66}},"71":{"start":{"line":177,"column":28},"end":{"line":177,"column":59}},"72":{"start":{"line":178,"column":10},"end":{"line":178,"column":57}},"73":{"start":{"line":179,"column":10},"end":{"line":179,"column":55}},"74":{"start":{"line":180,"column":10},"end":{"line":182,"column":11}},"75":{"start":{"line":181,"column":12},"end":{"line":181,"column":61}},"76":{"start":{"line":183,"column":10},"end":{"line":183,"column":39}},"77":{"start":{"line":184,"column":10},"end":{"line":186,"column":37}},"78":{"start":{"line":188,"column":10},"end":{"line":188,"column":30}},"79":{"start":{"line":191,"column":6},"end":{"line":191,"column":26}},"80":{"start":{"line":193,"column":6},"end":{"line":203,"column":8}},"81":{"start":{"line":194,"column":8},"end":{"line":194,"column":24}},"82":{"start":{"line":195,"column":8},"end":{"line":195,"column":44}},"83":{"start":{"line":195,"column":37},"end":{"line":195,"column":44}},"84":{"start":{"line":196,"column":8},"end":{"line":198,"column":11}},"85":{"start":{"line":197,"column":10},"end":{"line":197,"column":23}},"86":{"start":{"line":199,"column":8},"end":{"line":199,"column":38}},"87":{"start":{"line":200,"column":8},"end":{"line":202,"column":50}},"88":{"start":{"line":207,"column":22},"end":{"line":214,"column":3}},"89":{"start":{"line":208,"column":4},"end":{"line":208,"column":36}},"90":{"start":{"line":209,"column":4},"end":{"line":211,"column":5}},"91":{"start":{"line":210,"column":6},"end":{"line":210,"column":55}},"92":{"start":{"line":212,"column":20},"end":{"line":212,"column":75}},"93":{"start":{"line":213,"column":4},"end":{"line":213,"column":48}},"94":{"start":{"line":217,"column":26},"end":{"line":244,"column":3}},"95":{"start":{"line":218,"column":4},"end":{"line":243,"column":5}},"96":{"start":{"line":219,"column":6},"end":{"line":242,"column":7}},"97":{"start":{"line":221,"column":8},"end":{"line":221,"column":34}},"98":{"start":{"line":222,"column":8},"end":{"line":222,"column":28}},"99":{"start":{"line":224,"column":23},"end":{"line":224,"column":39}},"100":{"start":{"line":226,"column":8},"end":{"line":240,"column":10}},"101":{"start":{"line":228,"column":34},"end":{"line":228,"column":76}},"102":{"start":{"line":229,"column":27},"end":{"line":229,"column":58}},"103":{"start":{"line":230,"column":10},"end":{"line":230,"column":54}},"104":{"start":{"line":231,"column":10},"end":{"line":231,"column":56}},"105":{"start":{"line":232,"column":10},"end":{"line":232,"column":45}},"106":{"start":{"line":233,"column":10},"end":{"line":233,"column":44}},"107":{"start":{"line":234,"column":10},"end":{"line":236,"column":11}},"108":{"start":{"line":235,"column":12},"end":{"line":235,"column":61}},"109":{"start":{"line":237,"column":10},"end":{"line":237,"column":48}},"110":{"start":{"line":238,"column":10},"end":{"line":238,"column":86}},"111":{"start":{"line":239,"column":10},"end":{"line":239,"column":43}},"112":{"start":{"line":241,"column":8},"end":{"line":241,"column":48}},"113":{"start":{"line":246,"column":22},"end":{"line":254,"column":3}},"114":{"start":{"line":247,"column":4},"end":{"line":247,"column":36}},"115":{"start":{"line":248,"column":4},"end":{"line":251,"column":5}},"116":{"start":{"line":249,"column":6},"end":{"line":249,"column":55}},"117":{"start":{"line":250,"column":6},"end":{"line":250,"column":57}},"118":{"start":{"line":252,"column":20},"end":{"line":252,"column":75}},"119":{"start":{"line":253,"column":4},"end":{"line":253,"column":48}},"120":{"start":{"line":257,"column":31},"end":{"line":257,"column":59}},"121":{"start":{"line":258,"column":19},"end":{"line":258,"column":47}},"122":{"start":{"line":259,"column":4},"end":{"line":282,"column":5}},"123":{"start":{"line":260,"column":19},"end":{"line":260,"column":59}},"124":{"start":{"line":261,"column":6},"end":{"line":263,"column":7}},"125":{"start":{"line":262,"column":8},"end":{"line":262,"column":40}},"126":{"start":{"line":264,"column":6},"end":{"line":279,"column":7}},"127":{"start":{"line":265,"column":8},"end":{"line":265,"column":60}},"128":{"start":{"line":267,"column":24},"end":{"line":267,"column":69}},"129":{"start":{"line":268,"column":20},"end":{"line":268,"column":67}},"130":{"start":{"line":269,"column":8},"end":{"line":278,"column":10}},"131":{"start":{"line":281,"column":6},"end":{"line":281,"column":58}},"132":{"start":{"line":283,"column":4},"end":{"line":283,"column":32}},"133":{"start":{"line":288,"column":35},"end":{"line":288,"column":55}},"134":{"start":{"line":289,"column":19},"end":{"line":289,"column":47}},"135":{"start":{"line":290,"column":4},"end":{"line":320,"column":5}},"136":{"start":{"line":291,"column":19},"end":{"line":291,"column":59}},"137":{"start":{"line":292,"column":6},"end":{"line":294,"column":7}},"138":{"start":{"line":293,"column":8},"end":{"line":293,"column":40}},"139":{"start":{"line":295,"column":6},"end":{"line":316,"column":7}},"140":{"start":{"line":297,"column":8},"end":{"line":297,"column":56}},"141":{"start":{"line":299,"column":33},"end":{"line":299,"column":59}},"142":{"start":{"line":303,"column":39},"end":{"line":303,"column":58}},"143":{"start":{"line":304,"column":8},"end":{"line":313,"column":9}},"144":{"start":{"line":304,"column":21},"end":{"line":304,"column":22}},"145":{"start":{"line":305,"column":10},"end":{"line":305,"column":52}},"146":{"start":{"line":306,"column":10},"end":{"line":308,"column":11}},"147":{"start":{"line":307,"column":12},"end":{"line":307,"column":48}},"148":{"start":{"line":309,"column":10},"end":{"line":309,"column":61}},"149":{"start":{"line":310,"column":10},"end":{"line":310,"column":64}},"150":{"start":{"line":311,"column":10},"end":{"line":311,"column":87}},"151":{"start":{"line":312,"column":10},"end":{"line":312,"column":76}},"152":{"start":{"line":315,"column":8},"end":{"line":315,"column":52}},"153":{"start":{"line":319,"column":6},"end":{"line":319,"column":54}},"154":{"start":{"line":321,"column":4},"end":{"line":321,"column":48}},"155":{"start":{"line":324,"column":65},"end":{"line":324,"column":70}},"156":{"start":{"line":325,"column":29},"end":{"line":325,"column":45}},"157":{"start":{"line":326,"column":31},"end":{"line":326,"column":49}},"158":{"start":{"line":328,"column":2},"end":{"line":330,"column":3}},"159":{"start":{"line":329,"column":4},"end":{"line":329,"column":32}},"160":{"start":{"line":332,"column":24},"end":{"line":358,"column":3}},"161":{"start":{"line":334,"column":4},"end":{"line":343,"column":5}},"162":{"start":{"line":334,"column":17},"end":{"line":334,"column":18}},"163":{"start":{"line":335,"column":6},"end":{"line":342,"column":7}},"164":{"start":{"line":339,"column":8},"end":{"line":339,"column":31}},"165":{"start":{"line":340,"column":8},"end":{"line":340,"column":61}},"166":{"start":{"line":341,"column":8},"end":{"line":341,"column":42}},"167":{"start":{"line":345,"column":4},"end":{"line":356,"column":5}},"168":{"start":{"line":345,"column":17},"end":{"line":345,"column":18}},"169":{"start":{"line":346,"column":6},"end":{"line":346,"column":53}},"170":{"start":{"line":348,"column":6},"end":{"line":355,"column":7}},"171":{"start":{"line":352,"column":8},"end":{"line":352,"column":31}},"172":{"start":{"line":353,"column":8},"end":{"line":353,"column":74}},"173":{"start":{"line":354,"column":8},"end":{"line":354,"column":44}},"174":{"start":{"line":357,"column":4},"end":{"line":357,"column":24}},"175":{"start":{"line":360,"column":29},"end":{"line":369,"column":3}},"176":{"start":{"line":361,"column":4},"end":{"line":361,"column":24}},"177":{"start":{"line":362,"column":4},"end":{"line":362,"column":55}},"178":{"start":{"line":363,"column":4},"end":{"line":365,"column":5}},"179":{"start":{"line":363,"column":17},"end":{"line":363,"column":18}},"180":{"start":{"line":364,"column":6},"end":{"line":364,"column":37}},"181":{"start":{"line":366,"column":4},"end":{"line":368,"column":5}},"182":{"start":{"line":366,"column":17},"end":{"line":366,"column":18}},"183":{"start":{"line":367,"column":6},"end":{"line":367,"column":39}},"184":{"start":{"line":371,"column":2},"end":{"line":929,"column":4}},"185":{"start":{"line":383,"column":31},"end":{"line":383,"column":43}},"186":{"start":{"line":384,"column":14},"end":{"line":612,"column":15}},"187":{"start":{"line":385,"column":35},"end":{"line":387,"column":17}},"188":{"start":{"line":388,"column":16},"end":{"line":388,"column":63}},"189":{"start":{"line":389,"column":16},"end":{"line":611,"column":17}},"190":{"start":{"line":390,"column":18},"end":{"line":403,"column":19}},"191":{"start":{"line":391,"column":20},"end":{"line":396,"column":21}},"192":{"start":{"line":395,"column":22},"end":{"line":395,"column":42}},"193":{"start":{"line":397,"column":20},"end":{"line":399,"column":21}},"194":{"start":{"line":398,"column":22},"end":{"line":398,"column":45}},"195":{"start":{"line":400,"column":20},"end":{"line":402,"column":21}},"196":{"start":{"line":401,"column":22},"end":{"line":401,"column":47}},"197":{"start":{"line":404,"column":18},"end":{"line":431,"column":19}},"198":{"start":{"line":405,"column":20},"end":{"line":430,"column":22}},"199":{"start":{"line":424,"column":43},"end":{"line":424,"column":74}},"200":{"start":{"line":432,"column":18},"end":{"line":459,"column":19}},"201":{"start":{"line":433,"column":20},"end":{"line":458,"column":22}},"202":{"start":{"line":452,"column":43},"end":{"line":452,"column":74}},"203":{"start":{"line":460,"column":18},"end":{"line":488,"column":19}},"204":{"start":{"line":461,"column":20},"end":{"line":487,"column":22}},"205":{"start":{"line":481,"column":43},"end":{"line":481,"column":74}},"206":{"start":{"line":489,"column":18},"end":{"line":516,"column":19}},"207":{"start":{"line":490,"column":20},"end":{"line":515,"column":22}},"208":{"start":{"line":509,"column":43},"end":{"line":509,"column":74}},"209":{"start":{"line":518,"column":18},"end":{"line":540,"column":19}},"210":{"start":{"line":519,"column":20},"end":{"line":539,"column":22}},"211":{"start":{"line":535,"column":41},"end":{"line":535,"column":72}},"212":{"start":{"line":541,"column":18},"end":{"line":563,"column":19}},"213":{"start":{"line":542,"column":20},"end":{"line":562,"column":22}},"214":{"start":{"line":558,"column":41},"end":{"line":558,"column":72}},"215":{"start":{"line":564,"column":18},"end":{"line":587,"column":19}},"216":{"start":{"line":565,"column":20},"end":{"line":586,"column":22}},"217":{"start":{"line":582,"column":41},"end":{"line":582,"column":72}},"218":{"start":{"line":588,"column":18},"end":{"line":610,"column":19}},"219":{"start":{"line":589,"column":20},"end":{"line":609,"column":22}},"220":{"start":{"line":605,"column":41},"end":{"line":605,"column":72}},"221":{"start":{"line":618,"column":14},"end":{"line":840,"column":15}},"222":{"start":{"line":622,"column":35},"end":{"line":624,"column":17}},"223":{"start":{"line":625,"column":16},"end":{"line":625,"column":63}},"224":{"start":{"line":626,"column":16},"end":{"line":839,"column":17}},"225":{"start":{"line":627,"column":18},"end":{"line":627,"column":42}},"226":{"start":{"line":628,"column":18},"end":{"line":655,"column":19}},"227":{"start":{"line":629,"column":20},"end":{"line":654,"column":22}},"228":{"start":{"line":648,"column":43},"end":{"line":648,"column":74}},"229":{"start":{"line":656,"column":18},"end":{"line":683,"column":19}},"230":{"start":{"line":657,"column":20},"end":{"line":682,"column":22}},"231":{"start":{"line":676,"column":43},"end":{"line":676,"column":74}},"232":{"start":{"line":684,"column":18},"end":{"line":712,"column":19}},"233":{"start":{"line":685,"column":20},"end":{"line":711,"column":22}},"234":{"start":{"line":705,"column":43},"end":{"line":705,"column":74}},"235":{"start":{"line":713,"column":18},"end":{"line":740,"column":19}},"236":{"start":{"line":714,"column":20},"end":{"line":739,"column":22}},"237":{"start":{"line":733,"column":43},"end":{"line":733,"column":74}},"238":{"start":{"line":742,"column":18},"end":{"line":742,"column":50}},"239":{"start":{"line":743,"column":18},"end":{"line":743,"column":45}},"240":{"start":{"line":744,"column":18},"end":{"line":744,"column":48}},"241":{"start":{"line":745,"column":18},"end":{"line":767,"column":19}},"242":{"start":{"line":746,"column":20},"end":{"line":766,"column":22}},"243":{"start":{"line":762,"column":41},"end":{"line":762,"column":72}},"244":{"start":{"line":768,"column":18},"end":{"line":791,"column":19}},"245":{"start":{"line":769,"column":20},"end":{"line":790,"column":22}},"246":{"start":{"line":785,"column":41},"end":{"line":785,"column":72}},"247":{"start":{"line":792,"column":18},"end":{"line":815,"column":19}},"248":{"start":{"line":793,"column":20},"end":{"line":814,"column":22}},"249":{"start":{"line":810,"column":41},"end":{"line":810,"column":72}},"250":{"start":{"line":816,"column":18},"end":{"line":838,"column":19}},"251":{"start":{"line":817,"column":20},"end":{"line":837,"column":22}},"252":{"start":{"line":833,"column":41},"end":{"line":833,"column":72}},"253":{"start":{"line":867,"column":27},"end":{"line":867,"column":36}},"254":{"start":{"line":875,"column":27},"end":{"line":875,"column":41}},"255":{"start":{"line":882,"column":27},"end":{"line":882,"column":47}},"256":{"start":{"line":892,"column":29},"end":{"line":892,"column":45}},"257":{"start":{"line":895,"column":66},"end":{"line":895,"column":77}},"258":{"start":{"line":901,"column":64},"end":{"line":901,"column":77}},"259":{"start":{"line":908,"column":25},"end":{"line":908,"column":42}},"260":{"start":{"line":913,"column":64},"end":{"line":913,"column":77}},"261":{"start":{"line":922,"column":27},"end":{"line":922,"column":45}},"262":{"start":{"line":924,"column":64},"end":{"line":924,"column":77}}},"fnMap":{"0":{"name":"Chat","decl":{"start":{"line":24,"column":9},"end":{"line":24,"column":13}},"loc":{"start":{"line":24,"column":21},"end":{"line":98,"column":1}},"line":24},"1":{"name":"(anonymous_1)","decl":{"start":{"line":42,"column":25},"end":{"line":42,"column":26}},"loc":{"start":{"line":42,"column":31},"end":{"line":42,"column":70}},"line":42},"2":{"name":"(anonymous_2)","decl":{"start":{"line":42,"column":43},"end":{"line":42,"column":44}},"loc":{"start":{"line":42,"column":57},"end":{"line":42,"column":69}},"line":42},"3":{"name":"(anonymous_3)","decl":{"start":{"line":44,"column":25},"end":{"line":44,"column":26}},"loc":{"start":{"line":44,"column":31},"end":{"line":44,"column":70}},"line":44},"4":{"name":"(anonymous_4)","decl":{"start":{"line":44,"column":43},"end":{"line":44,"column":44}},"loc":{"start":{"line":44,"column":57},"end":{"line":44,"column":69}},"line":44},"5":{"name":"(anonymous_5)","decl":{"start":{"line":46,"column":23},"end":{"line":46,"column":24}},"loc":{"start":{"line":46,"column":35},"end":{"line":64,"column":3}},"line":46},"6":{"name":"(anonymous_6)","decl":{"start":{"line":63,"column":16},"end":{"line":63,"column":17}},"loc":{"start":{"line":63,"column":30},"end":{"line":63,"column":42}},"line":63},"7":{"name":"(anonymous_7)","decl":{"start":{"line":66,"column":12},"end":{"line":66,"column":13}},"loc":{"start":{"line":66,"column":18},"end":{"line":79,"column":3}},"line":66},"8":{"name":"(anonymous_8)","decl":{"start":{"line":69,"column":20},"end":{"line":69,"column":21}},"loc":{"start":{"line":69,"column":26},"end":{"line":71,"column":5}},"line":69},"9":{"name":"(anonymous_9)","decl":{"start":{"line":76,"column":11},"end":{"line":76,"column":12}},"loc":{"start":{"line":76,"column":17},"end":{"line":78,"column":5}},"line":76},"10":{"name":"MessagesComponent","decl":{"start":{"line":101,"column":16},"end":{"line":101,"column":33}},"loc":{"start":{"line":101,"column":41},"end":{"line":930,"column":1}},"line":101},"11":{"name":"(anonymous_11)","decl":{"start":{"line":105,"column":28},"end":{"line":105,"column":29}},"loc":{"start":{"line":106,"column":4},"end":{"line":106,"column":55}},"line":106},"12":{"name":"(anonymous_12)","decl":{"start":{"line":106,"column":20},"end":{"line":106,"column":21}},"loc":{"start":{"line":106,"column":38},"end":{"line":106,"column":54}},"line":106},"13":{"name":"stop","decl":{"start":{"line":108,"column":33},"end":{"line":108,"column":37}},"loc":{"start":{"line":108,"column":40},"end":{"line":108,"column":42}},"line":108},"14":{"name":"upl","decl":{"start":{"line":109,"column":27},"end":{"line":109,"column":30}},"loc":{"start":{"line":109,"column":33},"end":{"line":109,"column":35}},"line":109},"15":{"name":"(anonymous_15)","decl":{"start":{"line":110,"column":18},"end":{"line":110,"column":19}},"loc":{"start":{"line":110,"column":24},"end":{"line":116,"column":3}},"line":110},"16":{"name":"(anonymous_16)","decl":{"start":{"line":129,"column":24},"end":{"line":129,"column":25}},"loc":{"start":{"line":129,"column":31},"end":{"line":161,"column":3}},"line":129},"17":{"name":"(anonymous_17)","decl":{"start":{"line":139,"column":24},"end":{"line":139,"column":25}},"loc":{"start":{"line":139,"column":36},"end":{"line":157,"column":9}},"line":139},"18":{"name":"upload","decl":{"start":{"line":145,"column":31},"end":{"line":145,"column":37}},"loc":{"start":{"line":145,"column":40},"end":{"line":156,"column":11}},"line":145},"19":{"name":"(anonymous_19)","decl":{"start":{"line":165,"column":22},"end":{"line":165,"column":23}},"loc":{"start":{"line":165,"column":28},"end":{"line":205,"column":3}},"line":165},"20":{"name":"(anonymous_20)","decl":{"start":{"line":169,"column":16},"end":{"line":169,"column":17}},"loc":{"start":{"line":169,"column":28},"end":{"line":204,"column":5}},"line":169},"21":{"name":"(anonymous_21)","decl":{"start":{"line":172,"column":33},"end":{"line":172,"column":34}},"loc":{"start":{"line":172,"column":40},"end":{"line":190,"column":7}},"line":172},"22":{"name":"(anonymous_22)","decl":{"start":{"line":193,"column":24},"end":{"line":193,"column":25}},"loc":{"start":{"line":193,"column":30},"end":{"line":203,"column":7}},"line":193},"23":{"name":"(anonymous_23)","decl":{"start":{"line":196,"column":56},"end":{"line":196,"column":57}},"loc":{"start":{"line":196,"column":67},"end":{"line":198,"column":9}},"line":196},"24":{"name":"(anonymous_24)","decl":{"start":{"line":207,"column":22},"end":{"line":207,"column":23}},"loc":{"start":{"line":207,"column":28},"end":{"line":214,"column":3}},"line":207},"25":{"name":"(anonymous_25)","decl":{"start":{"line":217,"column":26},"end":{"line":217,"column":27}},"loc":{"start":{"line":217,"column":33},"end":{"line":244,"column":3}},"line":217},"26":{"name":"(anonymous_26)","decl":{"start":{"line":226,"column":24},"end":{"line":226,"column":25}},"loc":{"start":{"line":226,"column":36},"end":{"line":240,"column":9}},"line":226},"27":{"name":"up","decl":{"start":{"line":246,"column":31},"end":{"line":246,"column":33}},"loc":{"start":{"line":246,"column":36},"end":{"line":254,"column":3}},"line":246},"28":{"name":"processAt","decl":{"start":{"line":256,"column":11},"end":{"line":256,"column":20}},"loc":{"start":{"line":256,"column":38},"end":{"line":284,"column":3}},"line":256},"29":{"name":"processAt_2","decl":{"start":{"line":286,"column":11},"end":{"line":286,"column":22}},"loc":{"start":{"line":286,"column":40},"end":{"line":322,"column":3}},"line":286},"30":{"name":"(anonymous_30)","decl":{"start":{"line":332,"column":24},"end":{"line":332,"column":25}},"loc":{"start":{"line":332,"column":40},"end":{"line":358,"column":3}},"line":332},"31":{"name":"(anonymous_31)","decl":{"start":{"line":360,"column":29},"end":{"line":360,"column":30}},"loc":{"start":{"line":360,"column":41},"end":{"line":369,"column":3}},"line":360},"32":{"name":"(anonymous_32)","decl":{"start":{"line":382,"column":38},"end":{"line":382,"column":39}},"loc":{"start":{"line":382,"column":47},"end":{"line":613,"column":13}},"line":382},"33":{"name":"(anonymous_33)","decl":{"start":{"line":424,"column":37},"end":{"line":424,"column":38}},"loc":{"start":{"line":424,"column":43},"end":{"line":424,"column":74}},"line":424},"34":{"name":"(anonymous_34)","decl":{"start":{"line":452,"column":37},"end":{"line":452,"column":38}},"loc":{"start":{"line":452,"column":43},"end":{"line":452,"column":74}},"line":452},"35":{"name":"(anonymous_35)","decl":{"start":{"line":481,"column":37},"end":{"line":481,"column":38}},"loc":{"start":{"line":481,"column":43},"end":{"line":481,"column":74}},"line":481},"36":{"name":"(anonymous_36)","decl":{"start":{"line":509,"column":37},"end":{"line":509,"column":38}},"loc":{"start":{"line":509,"column":43},"end":{"line":509,"column":74}},"line":509},"37":{"name":"(anonymous_37)","decl":{"start":{"line":535,"column":35},"end":{"line":535,"column":36}},"loc":{"start":{"line":535,"column":41},"end":{"line":535,"column":72}},"line":535},"38":{"name":"(anonymous_38)","decl":{"start":{"line":558,"column":35},"end":{"line":558,"column":36}},"loc":{"start":{"line":558,"column":41},"end":{"line":558,"column":72}},"line":558},"39":{"name":"(anonymous_39)","decl":{"start":{"line":582,"column":35},"end":{"line":582,"column":36}},"loc":{"start":{"line":582,"column":41},"end":{"line":582,"column":72}},"line":582},"40":{"name":"(anonymous_40)","decl":{"start":{"line":605,"column":35},"end":{"line":605,"column":36}},"loc":{"start":{"line":605,"column":41},"end":{"line":605,"column":72}},"line":605},"41":{"name":"(anonymous_41)","decl":{"start":{"line":617,"column":40},"end":{"line":617,"column":41}},"loc":{"start":{"line":617,"column":49},"end":{"line":841,"column":13}},"line":617},"42":{"name":"(anonymous_42)","decl":{"start":{"line":648,"column":37},"end":{"line":648,"column":38}},"loc":{"start":{"line":648,"column":43},"end":{"line":648,"column":74}},"line":648},"43":{"name":"(anonymous_43)","decl":{"start":{"line":676,"column":37},"end":{"line":676,"column":38}},"loc":{"start":{"line":676,"column":43},"end":{"line":676,"column":74}},"line":676},"44":{"name":"(anonymous_44)","decl":{"start":{"line":705,"column":37},"end":{"line":705,"column":38}},"loc":{"start":{"line":705,"column":43},"end":{"line":705,"column":74}},"line":705},"45":{"name":"(anonymous_45)","decl":{"start":{"line":733,"column":37},"end":{"line":733,"column":38}},"loc":{"start":{"line":733,"column":43},"end":{"line":733,"column":74}},"line":733},"46":{"name":"(anonymous_46)","decl":{"start":{"line":762,"column":35},"end":{"line":762,"column":36}},"loc":{"start":{"line":762,"column":41},"end":{"line":762,"column":72}},"line":762},"47":{"name":"(anonymous_47)","decl":{"start":{"line":785,"column":35},"end":{"line":785,"column":36}},"loc":{"start":{"line":785,"column":41},"end":{"line":785,"column":72}},"line":785},"48":{"name":"(anonymous_48)","decl":{"start":{"line":810,"column":35},"end":{"line":810,"column":36}},"loc":{"start":{"line":810,"column":41},"end":{"line":810,"column":72}},"line":810},"49":{"name":"(anonymous_49)","decl":{"start":{"line":833,"column":35},"end":{"line":833,"column":36}},"loc":{"start":{"line":833,"column":41},"end":{"line":833,"column":72}},"line":833},"50":{"name":"(anonymous_50)","decl":{"start":{"line":867,"column":21},"end":{"line":867,"column":22}},"loc":{"start":{"line":867,"column":27},"end":{"line":867,"column":36}},"line":867},"51":{"name":"(anonymous_51)","decl":{"start":{"line":875,"column":21},"end":{"line":875,"column":22}},"loc":{"start":{"line":875,"column":27},"end":{"line":875,"column":41}},"line":875},"52":{"name":"(anonymous_52)","decl":{"start":{"line":882,"column":21},"end":{"line":882,"column":22}},"loc":{"start":{"line":882,"column":27},"end":{"line":882,"column":47}},"line":882},"53":{"name":"(anonymous_53)","decl":{"start":{"line":892,"column":22},"end":{"line":892,"column":23}},"loc":{"start":{"line":892,"column":29},"end":{"line":892,"column":45}},"line":892},"54":{"name":"(anonymous_54)","decl":{"start":{"line":895,"column":60},"end":{"line":895,"column":61}},"loc":{"start":{"line":895,"column":66},"end":{"line":895,"column":77}},"line":895},"55":{"name":"(anonymous_55)","decl":{"start":{"line":901,"column":58},"end":{"line":901,"column":59}},"loc":{"start":{"line":901,"column":64},"end":{"line":901,"column":77}},"line":901},"56":{"name":"(anonymous_56)","decl":{"start":{"line":908,"column":19},"end":{"line":908,"column":20}},"loc":{"start":{"line":908,"column":25},"end":{"line":908,"column":42}},"line":908},"57":{"name":"(anonymous_57)","decl":{"start":{"line":913,"column":58},"end":{"line":913,"column":59}},"loc":{"start":{"line":913,"column":64},"end":{"line":913,"column":77}},"line":913},"58":{"name":"(anonymous_58)","decl":{"start":{"line":922,"column":20},"end":{"line":922,"column":21}},"loc":{"start":{"line":922,"column":27},"end":{"line":922,"column":45}},"line":922},"59":{"name":"(anonymous_59)","decl":{"start":{"line":924,"column":58},"end":{"line":924,"column":59}},"loc":{"start":{"line":924,"column":64},"end":{"line":924,"column":77}},"line":924}},"branchMap":{"0":{"loc":{"start":{"line":47,"column":4},"end":{"line":52,"column":5}},"type":"if","locations":[{"start":{"line":47,"column":4},"end":{"line":52,"column":5}},{"start":{"line":47,"column":4},"end":{"line":52,"column":5}}],"line":47},"1":{"loc":{"start":{"line":49,"column":6},"end":{"line":51,"column":7}},"type":"if","locations":[{"start":{"line":49,"column":6},"end":{"line":51,"column":7}},{"start":{"line":49,"column":6},"end":{"line":51,"column":7}}],"line":49},"2":{"loc":{"start":{"line":112,"column":4},"end":{"line":115,"column":5}},"type":"if","locations":[{"start":{"line":112,"column":4},"end":{"line":115,"column":5}},{"start":{"line":112,"column":4},"end":{"line":115,"column":5}}],"line":112},"3":{"loc":{"start":{"line":112,"column":8},"end":{"line":112,"column":59}},"type":"binary-expr","locations":[{"start":{"line":112,"column":8},"end":{"line":112,"column":23}},{"start":{"line":112,"column":27},"end":{"line":112,"column":40}},{"start":{"line":112,"column":44},"end":{"line":112,"column":59}}],"line":112},"4":{"loc":{"start":{"line":130,"column":4},"end":{"line":160,"column":5}},"type":"if","locations":[{"start":{"line":130,"column":4},"end":{"line":160,"column":5}},{"start":{"line":130,"column":4},"end":{"line":160,"column":5}}],"line":130},"5":{"loc":{"start":{"line":131,"column":6},"end":{"line":159,"column":7}},"type":"if","locations":[{"start":{"line":131,"column":6},"end":{"line":159,"column":7}},{"start":{"line":131,"column":6},"end":{"line":159,"column":7}}],"line":131},"6":{"loc":{"start":{"line":146,"column":12},"end":{"line":155,"column":13}},"type":"if","locations":[{"start":{"line":146,"column":12},"end":{"line":155,"column":13}},{"start":{"line":146,"column":12},"end":{"line":155,"column":13}}],"line":146},"7":{"loc":{"start":{"line":146,"column":16},"end":{"line":146,"column":69}},"type":"binary-expr","locations":[{"start":{"line":146,"column":16},"end":{"line":146,"column":33}},{"start":{"line":146,"column":37},"end":{"line":146,"column":50}},{"start":{"line":146,"column":54},"end":{"line":146,"column":69}}],"line":146},"8":{"loc":{"start":{"line":174,"column":8},"end":{"line":189,"column":9}},"type":"if","locations":[{"start":{"line":174,"column":8},"end":{"line":189,"column":9}},{"start":{"line":174,"column":8},"end":{"line":189,"column":9}}],"line":174},"9":{"loc":{"start":{"line":180,"column":10},"end":{"line":182,"column":11}},"type":"if","locations":[{"start":{"line":180,"column":10},"end":{"line":182,"column":11}},{"start":{"line":180,"column":10},"end":{"line":182,"column":11}}],"line":180},"10":{"loc":{"start":{"line":195,"column":8},"end":{"line":195,"column":44}},"type":"if","locations":[{"start":{"line":195,"column":8},"end":{"line":195,"column":44}},{"start":{"line":195,"column":8},"end":{"line":195,"column":44}}],"line":195},"11":{"loc":{"start":{"line":209,"column":4},"end":{"line":211,"column":5}},"type":"if","locations":[{"start":{"line":209,"column":4},"end":{"line":211,"column":5}},{"start":{"line":209,"column":4},"end":{"line":211,"column":5}}],"line":209},"12":{"loc":{"start":{"line":218,"column":4},"end":{"line":243,"column":5}},"type":"if","locations":[{"start":{"line":218,"column":4},"end":{"line":243,"column":5}},{"start":{"line":218,"column":4},"end":{"line":243,"column":5}}],"line":218},"13":{"loc":{"start":{"line":219,"column":6},"end":{"line":242,"column":7}},"type":"if","locations":[{"start":{"line":219,"column":6},"end":{"line":242,"column":7}},{"start":{"line":219,"column":6},"end":{"line":242,"column":7}}],"line":219},"14":{"loc":{"start":{"line":234,"column":10},"end":{"line":236,"column":11}},"type":"if","locations":[{"start":{"line":234,"column":10},"end":{"line":236,"column":11}},{"start":{"line":234,"column":10},"end":{"line":236,"column":11}}],"line":234},"15":{"loc":{"start":{"line":248,"column":4},"end":{"line":251,"column":5}},"type":"if","locations":[{"start":{"line":248,"column":4},"end":{"line":251,"column":5}},{"start":{"line":248,"column":4},"end":{"line":251,"column":5}}],"line":248},"16":{"loc":{"start":{"line":259,"column":4},"end":{"line":282,"column":5}},"type":"if","locations":[{"start":{"line":259,"column":4},"end":{"line":282,"column":5}},{"start":{"line":259,"column":4},"end":{"line":282,"column":5}}],"line":259},"17":{"loc":{"start":{"line":261,"column":6},"end":{"line":263,"column":7}},"type":"if","locations":[{"start":{"line":261,"column":6},"end":{"line":263,"column":7}},{"start":{"line":261,"column":6},"end":{"line":263,"column":7}}],"line":261},"18":{"loc":{"start":{"line":264,"column":6},"end":{"line":279,"column":7}},"type":"if","locations":[{"start":{"line":264,"column":6},"end":{"line":279,"column":7}},{"start":{"line":264,"column":6},"end":{"line":279,"column":7}}],"line":264},"19":{"loc":{"start":{"line":290,"column":4},"end":{"line":320,"column":5}},"type":"if","locations":[{"start":{"line":290,"column":4},"end":{"line":320,"column":5}},{"start":{"line":290,"column":4},"end":{"line":320,"column":5}}],"line":290},"20":{"loc":{"start":{"line":292,"column":6},"end":{"line":294,"column":7}},"type":"if","locations":[{"start":{"line":292,"column":6},"end":{"line":294,"column":7}},{"start":{"line":292,"column":6},"end":{"line":294,"column":7}}],"line":292},"21":{"loc":{"start":{"line":295,"column":6},"end":{"line":316,"column":7}},"type":"if","locations":[{"start":{"line":295,"column":6},"end":{"line":316,"column":7}},{"start":{"line":295,"column":6},"end":{"line":316,"column":7}}],"line":295},"22":{"loc":{"start":{"line":306,"column":10},"end":{"line":308,"column":11}},"type":"if","locations":[{"start":{"line":306,"column":10},"end":{"line":308,"column":11}},{"start":{"line":306,"column":10},"end":{"line":308,"column":11}}],"line":306},"23":{"loc":{"start":{"line":328,"column":2},"end":{"line":330,"column":3}},"type":"if","locations":[{"start":{"line":328,"column":2},"end":{"line":330,"column":3}},{"start":{"line":328,"column":2},"end":{"line":330,"column":3}}],"line":328},"24":{"loc":{"start":{"line":335,"column":6},"end":{"line":342,"column":7}},"type":"if","locations":[{"start":{"line":335,"column":6},"end":{"line":342,"column":7}},{"start":{"line":335,"column":6},"end":{"line":342,"column":7}}],"line":335},"25":{"loc":{"start":{"line":336,"column":8},"end":{"line":337,"column":53}},"type":"binary-expr","locations":[{"start":{"line":336,"column":8},"end":{"line":336,"column":40}},{"start":{"line":337,"column":8},"end":{"line":337,"column":53}}],"line":336},"26":{"loc":{"start":{"line":348,"column":6},"end":{"line":355,"column":7}},"type":"if","locations":[{"start":{"line":348,"column":6},"end":{"line":355,"column":7}},{"start":{"line":348,"column":6},"end":{"line":355,"column":7}}],"line":348},"27":{"loc":{"start":{"line":349,"column":8},"end":{"line":350,"column":55}},"type":"binary-expr","locations":[{"start":{"line":349,"column":8},"end":{"line":349,"column":42}},{"start":{"line":350,"column":8},"end":{"line":350,"column":55}}],"line":349},"28":{"loc":{"start":{"line":384,"column":14},"end":{"line":612,"column":15}},"type":"if","locations":[{"start":{"line":384,"column":14},"end":{"line":612,"column":15}},{"start":{"line":384,"column":14},"end":{"line":612,"column":15}}],"line":384},"29":{"loc":{"start":{"line":389,"column":16},"end":{"line":611,"column":17}},"type":"if","locations":[{"start":{"line":389,"column":16},"end":{"line":611,"column":17}},{"start":{"line":389,"column":16},"end":{"line":611,"column":17}}],"line":389},"30":{"loc":{"start":{"line":390,"column":18},"end":{"line":403,"column":19}},"type":"if","locations":[{"start":{"line":390,"column":18},"end":{"line":403,"column":19}},{"start":{"line":390,"column":18},"end":{"line":403,"column":19}}],"line":390},"31":{"loc":{"start":{"line":391,"column":20},"end":{"line":396,"column":21}},"type":"if","locations":[{"start":{"line":391,"column":20},"end":{"line":396,"column":21}},{"start":{"line":391,"column":20},"end":{"line":396,"column":21}}],"line":391},"32":{"loc":{"start":{"line":392,"column":22},"end":{"line":393,"column":50}},"type":"binary-expr","locations":[{"start":{"line":392,"column":22},"end":{"line":392,"column":49}},{"start":{"line":393,"column":22},"end":{"line":393,"column":50}}],"line":392},"33":{"loc":{"start":{"line":397,"column":20},"end":{"line":399,"column":21}},"type":"if","locations":[{"start":{"line":397,"column":20},"end":{"line":399,"column":21}},{"start":{"line":397,"column":20},"end":{"line":399,"column":21}}],"line":397},"34":{"loc":{"start":{"line":400,"column":20},"end":{"line":402,"column":21}},"type":"if","locations":[{"start":{"line":400,"column":20},"end":{"line":402,"column":21}},{"start":{"line":400,"column":20},"end":{"line":402,"column":21}}],"line":400},"35":{"loc":{"start":{"line":404,"column":18},"end":{"line":431,"column":19}},"type":"if","locations":[{"start":{"line":404,"column":18},"end":{"line":431,"column":19}},{"start":{"line":404,"column":18},"end":{"line":431,"column":19}}],"line":404},"36":{"loc":{"start":{"line":432,"column":18},"end":{"line":459,"column":19}},"type":"if","locations":[{"start":{"line":432,"column":18},"end":{"line":459,"column":19}},{"start":{"line":432,"column":18},"end":{"line":459,"column":19}}],"line":432},"37":{"loc":{"start":{"line":460,"column":18},"end":{"line":488,"column":19}},"type":"if","locations":[{"start":{"line":460,"column":18},"end":{"line":488,"column":19}},{"start":{"line":460,"column":18},"end":{"line":488,"column":19}}],"line":460},"38":{"loc":{"start":{"line":489,"column":18},"end":{"line":516,"column":19}},"type":"if","locations":[{"start":{"line":489,"column":18},"end":{"line":516,"column":19}},{"start":{"line":489,"column":18},"end":{"line":516,"column":19}}],"line":489},"39":{"loc":{"start":{"line":518,"column":18},"end":{"line":540,"column":19}},"type":"if","locations":[{"start":{"line":518,"column":18},"end":{"line":540,"column":19}},{"start":{"line":518,"column":18},"end":{"line":540,"column":19}}],"line":518},"40":{"loc":{"start":{"line":541,"column":18},"end":{"line":563,"column":19}},"type":"if","locations":[{"start":{"line":541,"column":18},"end":{"line":563,"column":19}},{"start":{"line":541,"column":18},"end":{"line":563,"column":19}}],"line":541},"41":{"loc":{"start":{"line":564,"column":18},"end":{"line":587,"column":19}},"type":"if","locations":[{"start":{"line":564,"column":18},"end":{"line":587,"column":19}},{"start":{"line":564,"column":18},"end":{"line":587,"column":19}}],"line":564},"42":{"loc":{"start":{"line":588,"column":18},"end":{"line":610,"column":19}},"type":"if","locations":[{"start":{"line":588,"column":18},"end":{"line":610,"column":19}},{"start":{"line":588,"column":18},"end":{"line":610,"column":19}}],"line":588},"43":{"loc":{"start":{"line":618,"column":14},"end":{"line":840,"column":15}},"type":"if","locations":[{"start":{"line":618,"column":14},"end":{"line":840,"column":15}},{"start":{"line":618,"column":14},"end":{"line":840,"column":15}}],"line":618},"44":{"loc":{"start":{"line":619,"column":16},"end":{"line":620,"column":60}},"type":"binary-expr","locations":[{"start":{"line":619,"column":17},"end":{"line":619,"column":29}},{"start":{"line":619,"column":33},"end":{"line":619,"column":61}},{"start":{"line":620,"column":17},"end":{"line":620,"column":29}},{"start":{"line":620,"column":33},"end":{"line":620,"column":59}}],"line":619},"45":{"loc":{"start":{"line":626,"column":16},"end":{"line":839,"column":17}},"type":"if","locations":[{"start":{"line":626,"column":16},"end":{"line":839,"column":17}},{"start":{"line":626,"column":16},"end":{"line":839,"column":17}}],"line":626},"46":{"loc":{"start":{"line":628,"column":18},"end":{"line":655,"column":19}},"type":"if","locations":[{"start":{"line":628,"column":18},"end":{"line":655,"column":19}},{"start":{"line":628,"column":18},"end":{"line":655,"column":19}}],"line":628},"47":{"loc":{"start":{"line":656,"column":18},"end":{"line":683,"column":19}},"type":"if","locations":[{"start":{"line":656,"column":18},"end":{"line":683,"column":19}},{"start":{"line":656,"column":18},"end":{"line":683,"column":19}}],"line":656},"48":{"loc":{"start":{"line":684,"column":18},"end":{"line":712,"column":19}},"type":"if","locations":[{"start":{"line":684,"column":18},"end":{"line":712,"column":19}},{"start":{"line":684,"column":18},"end":{"line":712,"column":19}}],"line":684},"49":{"loc":{"start":{"line":713,"column":18},"end":{"line":740,"column":19}},"type":"if","locations":[{"start":{"line":713,"column":18},"end":{"line":740,"column":19}},{"start":{"line":713,"column":18},"end":{"line":740,"column":19}}],"line":713},"50":{"loc":{"start":{"line":745,"column":18},"end":{"line":767,"column":19}},"type":"if","locations":[{"start":{"line":745,"column":18},"end":{"line":767,"column":19}},{"start":{"line":745,"column":18},"end":{"line":767,"column":19}}],"line":745},"51":{"loc":{"start":{"line":768,"column":18},"end":{"line":791,"column":19}},"type":"if","locations":[{"start":{"line":768,"column":18},"end":{"line":791,"column":19}},{"start":{"line":768,"column":18},"end":{"line":791,"column":19}}],"line":768},"52":{"loc":{"start":{"line":792,"column":18},"end":{"line":815,"column":19}},"type":"if","locations":[{"start":{"line":792,"column":18},"end":{"line":815,"column":19}},{"start":{"line":792,"column":18},"end":{"line":815,"column":19}}],"line":792},"53":{"loc":{"start":{"line":816,"column":18},"end":{"line":838,"column":19}},"type":"if","locations":[{"start":{"line":816,"column":18},"end":{"line":838,"column":19}},{"start":{"line":816,"column":18},"end":{"line":838,"column":19}}],"line":816}},"s":{"0":33,"1":30,"2":30,"3":30,"4":30,"5":0,"6":0,"7":30,"8":0,"9":0,"10":30,"11":10,"12":10,"13":10,"14":0,"15":10,"16":10,"17":10,"18":30,"19":10,"20":10,"21":0,"22":10,"23":10,"24":9,"25":30,"26":42,"27":39,"28":39,"29":39,"30":0,"31":0,"32":39,"33":39,"34":39,"35":39,"36":0,"37":0,"38":0,"39":0,"40":39,"41":0,"42":0,"43":0,"44":0,"45":0,"46":0,"47":0,"48":0,"49":0,"50":0,"51":0,"52":0,"53":0,"54":0,"55":0,"56":0,"57":0,"58":0,"59":39,"60":0,"61":0,"62":0,"63":0,"64":0,"65":0,"66":0,"67":0,"68":0,"69":0,"70":0,"71":0,"72":0,"73":0,"74":0,"75":0,"76":0,"77":0,"78":0,"79":0,"80":0,"81":0,"82":0,"83":0,"84":0,"85":0,"86":0,"87":0,"88":39,"89":0,"90":0,"91":0,"92":0,"93":0,"94":39,"95":0,"96":0,"97":0,"98":0,"99":0,"100":0,"101":0,"102":0,"103":0,"104":0,"105":0,"106":0,"107":0,"108":0,"109":0,"110":0,"111":0,"112":0,"113":39,"114":0,"115":0,"116":0,"117":0,"118":0,"119":0,"120":0,"121":0,"122":0,"123":0,"124":0,"125":0,"126":0,"127":0,"128":0,"129":0,"130":0,"131":0,"132":0,"133":31,"134":31,"135":31,"136":31,"137":31,"138":0,"139":31,"140":0,"141":31,"142":31,"143":31,"144":31,"145":31,"146":31,"147":0,"148":31,"149":31,"150":31,"151":31,"152":31,"153":0,"154":0,"155":39,"156":39,"157":39,"158":39,"159":4,"160":39,"161":0,"162":0,"163":0,"164":0,"165":0,"166":0,"167":0,"168":0,"169":0,"170":0,"171":0,"172":0,"173":0,"174":0,"175":39,"176":0,"177":0,"178":0,"179":0,"180":0,"181":0,"182":0,"183":0,"184":39,"185":39,"186":39,"187":39,"188":39,"189":39,"190":22,"191":0,"192":0,"193":0,"194":0,"195":0,"196":0,"197":22,"198":16,"199":0,"200":6,"201":2,"202":0,"203":4,"204":2,"205":0,"206":2,"207":2,"208":0,"209":17,"210":11,"211":0,"212":6,"213":2,"214":0,"215":4,"216":2,"217":0,"218":2,"219":2,"220":0,"221":35,"222":35,"223":16,"224":16,"225":8,"226":8,"227":2,"228":0,"229":6,"230":2,"231":0,"232":4,"233":2,"234":0,"235":2,"236":2,"237":0,"238":8,"239":8,"240":8,"241":8,"242":2,"243":0,"244":6,"245":2,"246":0,"247":4,"248":2,"249":0,"250":2,"251":2,"252":0,"253":0,"254":0,"255":0,"256":0,"257":0,"258":0,"259":0,"260":0,"261":0,"262":0},"f":{"0":33,"1":0,"2":0,"3":0,"4":0,"5":10,"6":10,"7":10,"8":0,"9":9,"10":42,"11":0,"12":0,"13":0,"14":0,"15":0,"16":0,"17":0,"18":0,"19":0,"20":0,"21":0,"22":0,"23":0,"24":0,"25":0,"26":0,"27":0,"28":0,"29":31,"30":0,"31":0,"32":39,"33":0,"34":0,"35":0,"36":0,"37":0,"38":0,"39":0,"40":0,"41":35,"42":0,"43":0,"44":0,"45":0,"46":0,"47":0,"48":0,"49":0,"50":0,"51":0,"52":0,"53":0,"54":0,"55":0,"56":0,"57":0,"58":0,"59":0},"b":{"0":[10,0],"1":[0,10],"2":[0,0],"3":[0,0,0],"4":[0,0],"5":[0,0],"6":[0,0],"7":[0,0,0],"8":[0,0],"9":[0,0],"10":[0,0],"11":[0,0],"12":[0,0],"13":[0,0],"14":[0,0],"15":[0,0],"16":[0,0],"17":[0,0],"18":[0,0],"19":[31,0],"20":[0,31],"21":[0,31],"22":[0,31],"23":[4,35],"24":[0,0],"25":[0,0],"26":[0,0],"27":[0,0],"28":[39,0],"29":[22,17],"30":[0,22],"31":[0,0],"32":[0,0],"33":[0,0],"34":[0,0],"35":[16,6],"36":[2,4],"37":[2,2],"38":[2,0],"39":[11,6],"40":[2,4],"41":[2,2],"42":[2,0],"43":[35,0],"44":[35,35,17,17],"45":[8,8],"46":[2,6],"47":[2,4],"48":[2,2],"49":[2,0],"50":[2,6],"51":[2,4],"52":[2,2],"53":[2,0]},"_coverageSchema":"1a1c01bbd47fc00a2c39e90264f33305004495a9","hash":"8eb32daba3670e09d1151f11b0be1d1aed9873e1"}
,"/Users/lihanzhu/Documents/GitHub/project-video-and-messaging-web-app-557project-kai-haotian-lihan/project557/src/components/Contacts.js": {"path":"/Users/lihanzhu/Documents/GitHub/project-video-and-messaging-web-app-557project-kai-haotian-lihan/project557/src/components/Contacts.js","statementMap":{"0":{"start":{"line":11,"column":4},"end":{"line":11,"column":17}},"1":{"start":{"line":13,"column":4},"end":{"line":15,"column":6}},"2":{"start":{"line":19,"column":19},"end":{"line":19,"column":29}},"3":{"start":{"line":20,"column":4},"end":{"line":33,"column":25}},"4":{"start":{"line":22,"column":5},"end":{"line":31,"column":6}},"5":{"start":{"line":23,"column":22},"end":{"line":23,"column":48}},"6":{"start":{"line":24,"column":22},"end":{"line":24,"column":82}},"7":{"start":{"line":25,"column":6},"end":{"line":25,"column":42}},"8":{"start":{"line":27,"column":6},"end":{"line":27,"column":44}},"9":{"start":{"line":29,"column":7},"end":{"line":29,"column":46}},"10":{"start":{"line":30,"column":7},"end":{"line":30,"column":151}},"11":{"start":{"line":59,"column":5},"end":{"line":69,"column":3}},"12":{"start":{"line":62,"column":20},"end":{"line":62,"column":41}},"13":{"start":{"line":64,"column":6},"end":{"line":68,"column":5}},"14":{"start":{"line":66,"column":6},"end":{"line":66,"column":49}},"15":{"start":{"line":73,"column":51},"end":{"line":73,"column":61}},"16":{"start":{"line":74,"column":27},"end":{"line":74,"column":37}},"17":{"start":{"line":75,"column":4},"end":{"line":117,"column":6}},"18":{"start":{"line":86,"column":12},"end":{"line":86,"column":67}},"19":{"start":{"line":87,"column":12},"end":{"line":87,"column":45}},"20":{"start":{"line":88,"column":12},"end":{"line":88,"column":74}},"21":{"start":{"line":96,"column":25},"end":{"line":96,"column":43}},"22":{"start":{"line":121,"column":0},"end":{"line":125,"column":2}}},"fnMap":{"0":{"name":"(anonymous_0)","decl":{"start":{"line":10,"column":2},"end":{"line":10,"column":3}},"loc":{"start":{"line":10,"column":21},"end":{"line":16,"column":3}},"line":10},"1":{"name":"(anonymous_1)","decl":{"start":{"line":18,"column":2},"end":{"line":18,"column":3}},"loc":{"start":{"line":18,"column":21},"end":{"line":34,"column":3}},"line":18},"2":{"name":"(anonymous_2)","decl":{"start":{"line":20,"column":29},"end":{"line":20,"column":30}},"loc":{"start":{"line":20,"column":38},"end":{"line":32,"column":5}},"line":20},"3":{"name":"(anonymous_3)","decl":{"start":{"line":33,"column":14},"end":{"line":33,"column":15}},"loc":{"start":{"line":33,"column":20},"end":{"line":33,"column":23}},"line":33},"4":{"name":"(anonymous_4)","decl":{"start":{"line":58,"column":3},"end":{"line":58,"column":4}},"loc":{"start":{"line":58,"column":23},"end":{"line":70,"column":3}},"line":58},"5":{"name":"(anonymous_5)","decl":{"start":{"line":72,"column":2},"end":{"line":72,"column":3}},"loc":{"start":{"line":72,"column":11},"end":{"line":118,"column":3}},"line":72},"6":{"name":"(anonymous_6)","decl":{"start":{"line":85,"column":19},"end":{"line":85,"column":20}},"loc":{"start":{"line":85,"column":25},"end":{"line":89,"column":11}},"line":85},"7":{"name":"(anonymous_7)","decl":{"start":{"line":96,"column":19},"end":{"line":96,"column":20}},"loc":{"start":{"line":96,"column":25},"end":{"line":96,"column":43}},"line":96}},"branchMap":{"0":{"loc":{"start":{"line":22,"column":5},"end":{"line":31,"column":6}},"type":"if","locations":[{"start":{"line":22,"column":5},"end":{"line":31,"column":6}},{"start":{"line":22,"column":5},"end":{"line":31,"column":6}}],"line":22},"1":{"loc":{"start":{"line":59,"column":5},"end":{"line":69,"column":3}},"type":"if","locations":[{"start":{"line":59,"column":5},"end":{"line":69,"column":3}},{"start":{"line":59,"column":5},"end":{"line":69,"column":3}}],"line":59},"2":{"loc":{"start":{"line":64,"column":6},"end":{"line":68,"column":5}},"type":"if","locations":[{"start":{"line":64,"column":6},"end":{"line":68,"column":5}},{"start":{"line":64,"column":6},"end":{"line":68,"column":5}}],"line":64}},"s":{"0":4,"1":2,"2":2,"3":2,"4":0,"5":0,"6":0,"7":0,"8":0,"9":0,"10":0,"11":0,"12":0,"13":0,"14":0,"15":2,"16":2,"17":2,"18":0,"19":0,"20":0,"21":0,"22":5},"f":{"0":4,"1":2,"2":0,"3":0,"4":0,"5":2,"6":0,"7":0},"b":{"0":[0,0],"1":[0,0],"2":[0,0]},"_coverageSchema":"1a1c01bbd47fc00a2c39e90264f33305004495a9","hash":"59b7f3bfca036463d638264dd65344ec54604bc8"}
,"/Users/lihanzhu/Documents/GitHub/project-video-and-messaging-web-app-557project-kai-haotian-lihan/project557/src/components/Home.js": {"path":"/Users/lihanzhu/Documents/GitHub/project-video-and-messaging-web-app-557project-kai-haotian-lihan/project557/src/components/Home.js","statementMap":{"0":{"start":{"line":24,"column":4},"end":{"line":24,"column":17}},"1":{"start":{"line":26,"column":17},"end":{"line":26,"column":26}},"2":{"start":{"line":27,"column":17},"end":{"line":27,"column":26}},"3":{"start":{"line":28,"column":4},"end":{"line":39,"column":6}},"4":{"start":{"line":40,"column":4},"end":{"line":40,"column":57}},"5":{"start":{"line":41,"column":4},"end":{"line":41,"column":67}},"6":{"start":{"line":42,"column":4},"end":{"line":44,"column":6}},"7":{"start":{"line":45,"column":4},"end":{"line":45,"column":51}},"8":{"start":{"line":46,"column":4},"end":{"line":46,"column":53}},"9":{"start":{"line":47,"column":4},"end":{"line":47,"column":53}},"10":{"start":{"line":48,"column":4},"end":{"line":48,"column":59}},"11":{"start":{"line":49,"column":4},"end":{"line":49,"column":51}},"12":{"start":{"line":50,"column":4},"end":{"line":50,"column":67}},"13":{"start":{"line":54,"column":17},"end":{"line":54,"column":49}},"14":{"start":{"line":55,"column":4},"end":{"line":57,"column":5}},"15":{"start":{"line":56,"column":6},"end":{"line":56,"column":55}},"16":{"start":{"line":63,"column":28},"end":{"line":63,"column":30}},"17":{"start":{"line":64,"column":28},"end":{"line":64,"column":30}},"18":{"start":{"line":66,"column":4},"end":{"line":84,"column":23}},"19":{"start":{"line":68,"column":8},"end":{"line":70,"column":9}},"20":{"start":{"line":68,"column":21},"end":{"line":68,"column":22}},"21":{"start":{"line":69,"column":10},"end":{"line":69,"column":51}},"22":{"start":{"line":71,"column":8},"end":{"line":71,"column":55}},"23":{"start":{"line":73,"column":8},"end":{"line":82,"column":27}},"24":{"start":{"line":75,"column":12},"end":{"line":79,"column":13}},"25":{"start":{"line":75,"column":25},"end":{"line":75,"column":26}},"26":{"start":{"line":76,"column":14},"end":{"line":78,"column":15}},"27":{"start":{"line":77,"column":16},"end":{"line":77,"column":60}},"28":{"start":{"line":80,"column":12},"end":{"line":80,"column":58}},"29":{"start":{"line":88,"column":4},"end":{"line":88,"column":23}},"30":{"start":{"line":89,"column":4},"end":{"line":91,"column":5}},"31":{"start":{"line":90,"column":6},"end":{"line":90,"column":48}},"32":{"start":{"line":92,"column":23},"end":{"line":92,"column":33}},"33":{"start":{"line":93,"column":4},"end":{"line":93,"column":24}},"34":{"start":{"line":102,"column":4},"end":{"line":102,"column":23}},"35":{"start":{"line":103,"column":4},"end":{"line":105,"column":5}},"36":{"start":{"line":104,"column":6},"end":{"line":104,"column":56}},"37":{"start":{"line":106,"column":31},"end":{"line":106,"column":41}},"38":{"start":{"line":107,"column":4},"end":{"line":107,"column":32}},"39":{"start":{"line":113,"column":4},"end":{"line":113,"column":42}},"40":{"start":{"line":114,"column":4},"end":{"line":116,"column":5}},"41":{"start":{"line":115,"column":6},"end":{"line":115,"column":69}},"42":{"start":{"line":117,"column":4},"end":{"line":117,"column":32}},"43":{"start":{"line":118,"column":4},"end":{"line":118,"column":38}},"44":{"start":{"line":119,"column":4},"end":{"line":119,"column":46}},"45":{"start":{"line":120,"column":4},"end":{"line":120,"column":41}},"46":{"start":{"line":121,"column":4},"end":{"line":121,"column":52}},"47":{"start":{"line":122,"column":17},"end":{"line":122,"column":27}},"48":{"start":{"line":124,"column":4},"end":{"line":124,"column":76}},"49":{"start":{"line":128,"column":4},"end":{"line":191,"column":23}},"50":{"start":{"line":130,"column":33},"end":{"line":130,"column":35}},"51":{"start":{"line":132,"column":29},"end":{"line":132,"column":31}},"52":{"start":{"line":133,"column":24},"end":{"line":133,"column":26}},"53":{"start":{"line":134,"column":26},"end":{"line":134,"column":28}},"54":{"start":{"line":135,"column":26},"end":{"line":135,"column":28}},"55":{"start":{"line":137,"column":8},"end":{"line":174,"column":11}},"56":{"start":{"line":138,"column":10},"end":{"line":170,"column":11}},"57":{"start":{"line":139,"column":12},"end":{"line":139,"column":35}},"58":{"start":{"line":140,"column":17},"end":{"line":170,"column":11}},"59":{"start":{"line":141,"column":25},"end":{"line":141,"column":56}},"60":{"start":{"line":142,"column":12},"end":{"line":142,"column":31}},"61":{"start":{"line":144,"column":23},"end":{"line":144,"column":54}},"62":{"start":{"line":145,"column":28},"end":{"line":147,"column":13}},"63":{"start":{"line":149,"column":12},"end":{"line":149,"column":42}},"64":{"start":{"line":150,"column":17},"end":{"line":170,"column":11}},"65":{"start":{"line":151,"column":25},"end":{"line":151,"column":56}},"66":{"start":{"line":152,"column":12},"end":{"line":152,"column":33}},"67":{"start":{"line":154,"column":23},"end":{"line":154,"column":54}},"68":{"start":{"line":155,"column":28},"end":{"line":157,"column":13}},"69":{"start":{"line":159,"column":12},"end":{"line":159,"column":42}},"70":{"start":{"line":160,"column":17},"end":{"line":170,"column":11}},"71":{"start":{"line":161,"column":25},"end":{"line":161,"column":56}},"72":{"start":{"line":162,"column":12},"end":{"line":162,"column":33}},"73":{"start":{"line":164,"column":23},"end":{"line":164,"column":54}},"74":{"start":{"line":165,"column":28},"end":{"line":167,"column":13}},"75":{"start":{"line":169,"column":12},"end":{"line":169,"column":42}},"76":{"start":{"line":172,"column":10},"end":{"line":172,"column":37}},"77":{"start":{"line":173,"column":10},"end":{"line":173,"column":20}},"78":{"start":{"line":177,"column":10},"end":{"line":187,"column":12}},"79":{"start":{"line":189,"column":8},"end":{"line":189,"column":47}},"80":{"start":{"line":195,"column":38},"end":{"line":195,"column":48}},"81":{"start":{"line":196,"column":29},"end":{"line":196,"column":38}},"82":{"start":{"line":197,"column":4},"end":{"line":197,"column":32}},"83":{"start":{"line":198,"column":31},"end":{"line":203,"column":6}},"84":{"start":{"line":199,"column":6},"end":{"line":201,"column":7}},"85":{"start":{"line":200,"column":8},"end":{"line":200,"column":22}},"86":{"start":{"line":202,"column":6},"end":{"line":202,"column":16}},"87":{"start":{"line":204,"column":4},"end":{"line":204,"column":54}},"88":{"start":{"line":205,"column":4},"end":{"line":205,"column":51}},"89":{"start":{"line":207,"column":4},"end":{"line":207,"column":66}},"90":{"start":{"line":211,"column":38},"end":{"line":211,"column":48}},"91":{"start":{"line":212,"column":31},"end":{"line":212,"column":41}},"92":{"start":{"line":213,"column":4},"end":{"line":213,"column":34}},"93":{"start":{"line":215,"column":29},"end":{"line":220,"column":6}},"94":{"start":{"line":216,"column":6},"end":{"line":218,"column":7}},"95":{"start":{"line":217,"column":8},"end":{"line":217,"column":22}},"96":{"start":{"line":219,"column":6},"end":{"line":219,"column":16}},"97":{"start":{"line":221,"column":4},"end":{"line":221,"column":54}},"98":{"start":{"line":222,"column":4},"end":{"line":222,"column":51}},"99":{"start":{"line":224,"column":4},"end":{"line":224,"column":63}},"100":{"start":{"line":229,"column":6},"end":{"line":234,"column":8}},"101":{"start":{"line":236,"column":4},"end":{"line":236,"column":47}},"102":{"start":{"line":237,"column":4},"end":{"line":239,"column":5}},"103":{"start":{"line":238,"column":6},"end":{"line":238,"column":71}},"104":{"start":{"line":241,"column":20},"end":{"line":241,"column":75}},"105":{"start":{"line":242,"column":4},"end":{"line":247,"column":6}},"106":{"start":{"line":251,"column":4},"end":{"line":251,"column":37}},"107":{"start":{"line":252,"column":4},"end":{"line":254,"column":5}},"108":{"start":{"line":253,"column":6},"end":{"line":253,"column":72}},"109":{"start":{"line":261,"column":20},"end":{"line":261,"column":34}},"110":{"start":{"line":262,"column":4},"end":{"line":262,"column":24}},"111":{"start":{"line":265,"column":4},"end":{"line":265,"column":36}},"112":{"start":{"line":272,"column":20},"end":{"line":272,"column":42}},"113":{"start":{"line":273,"column":4},"end":{"line":273,"column":24}},"114":{"start":{"line":276,"column":4},"end":{"line":276,"column":44}},"115":{"start":{"line":280,"column":16},"end":{"line":280,"column":53}},"116":{"start":{"line":282,"column":4},"end":{"line":291,"column":6}},"117":{"start":{"line":296,"column":16},"end":{"line":296,"column":43}},"118":{"start":{"line":297,"column":4},"end":{"line":307,"column":6}},"119":{"start":{"line":317,"column":8},"end":{"line":317,"column":18}},"120":{"start":{"line":318,"column":36},"end":{"line":320,"column":6}},"121":{"start":{"line":319,"column":6},"end":{"line":319,"column":71}},"122":{"start":{"line":322,"column":37},"end":{"line":326,"column":6}},"123":{"start":{"line":323,"column":6},"end":{"line":325,"column":8}},"124":{"start":{"line":328,"column":4},"end":{"line":372,"column":6}},"125":{"start":{"line":348,"column":18},"end":{"line":348,"column":51}},"126":{"start":{"line":362,"column":20},"end":{"line":362,"column":55}}},"fnMap":{"0":{"name":"(anonymous_0)","decl":{"start":{"line":23,"column":2},"end":{"line":23,"column":3}},"loc":{"start":{"line":23,"column":21},"end":{"line":51,"column":3}},"line":23},"1":{"name":"(anonymous_1)","decl":{"start":{"line":53,"column":2},"end":{"line":53,"column":3}},"loc":{"start":{"line":53,"column":22},"end":{"line":85,"column":3}},"line":53},"2":{"name":"(anonymous_2)","decl":{"start":{"line":67,"column":12},"end":{"line":67,"column":13}},"loc":{"start":{"line":67,"column":26},"end":{"line":83,"column":7}},"line":67},"3":{"name":"(anonymous_3)","decl":{"start":{"line":74,"column":16},"end":{"line":74,"column":17}},"loc":{"start":{"line":74,"column":31},"end":{"line":81,"column":11}},"line":74},"4":{"name":"(anonymous_4)","decl":{"start":{"line":82,"column":17},"end":{"line":82,"column":18}},"loc":{"start":{"line":82,"column":23},"end":{"line":82,"column":25}},"line":82},"5":{"name":"(anonymous_5)","decl":{"start":{"line":84,"column":13},"end":{"line":84,"column":14}},"loc":{"start":{"line":84,"column":19},"end":{"line":84,"column":21}},"line":84},"6":{"name":"(anonymous_6)","decl":{"start":{"line":87,"column":2},"end":{"line":87,"column":3}},"loc":{"start":{"line":87,"column":25},"end":{"line":94,"column":3}},"line":87},"7":{"name":"(anonymous_7)","decl":{"start":{"line":101,"column":2},"end":{"line":101,"column":3}},"loc":{"start":{"line":101,"column":33},"end":{"line":108,"column":3}},"line":101},"8":{"name":"(anonymous_8)","decl":{"start":{"line":112,"column":2},"end":{"line":112,"column":3}},"loc":{"start":{"line":112,"column":41},"end":{"line":192,"column":3}},"line":112},"9":{"name":"(anonymous_9)","decl":{"start":{"line":129,"column":12},"end":{"line":129,"column":13}},"loc":{"start":{"line":129,"column":26},"end":{"line":190,"column":7}},"line":129},"10":{"name":"(anonymous_10)","decl":{"start":{"line":137,"column":21},"end":{"line":137,"column":22}},"loc":{"start":{"line":137,"column":30},"end":{"line":174,"column":9}},"line":137},"11":{"name":"(anonymous_11)","decl":{"start":{"line":191,"column":13},"end":{"line":191,"column":14}},"loc":{"start":{"line":191,"column":19},"end":{"line":191,"column":21}},"line":191},"12":{"name":"(anonymous_12)","decl":{"start":{"line":194,"column":2},"end":{"line":194,"column":3}},"loc":{"start":{"line":194,"column":27},"end":{"line":208,"column":3}},"line":194},"13":{"name":"(anonymous_13)","decl":{"start":{"line":198,"column":49},"end":{"line":198,"column":50}},"loc":{"start":{"line":198,"column":61},"end":{"line":203,"column":5}},"line":198},"14":{"name":"(anonymous_14)","decl":{"start":{"line":210,"column":2},"end":{"line":210,"column":3}},"loc":{"start":{"line":210,"column":26},"end":{"line":225,"column":3}},"line":210},"15":{"name":"(anonymous_15)","decl":{"start":{"line":215,"column":46},"end":{"line":215,"column":47}},"loc":{"start":{"line":215,"column":58},"end":{"line":220,"column":5}},"line":215},"16":{"name":"(anonymous_16)","decl":{"start":{"line":227,"column":2},"end":{"line":227,"column":3}},"loc":{"start":{"line":227,"column":17},"end":{"line":248,"column":3}},"line":227},"17":{"name":"(anonymous_17)","decl":{"start":{"line":250,"column":2},"end":{"line":250,"column":3}},"loc":{"start":{"line":250,"column":20},"end":{"line":255,"column":3}},"line":250},"18":{"name":"(anonymous_18)","decl":{"start":{"line":257,"column":2},"end":{"line":257,"column":3}},"loc":{"start":{"line":257,"column":25},"end":{"line":266,"column":3}},"line":257},"19":{"name":"(anonymous_19)","decl":{"start":{"line":268,"column":2},"end":{"line":268,"column":3}},"loc":{"start":{"line":268,"column":33},"end":{"line":277,"column":3}},"line":268},"20":{"name":"(anonymous_20)","decl":{"start":{"line":279,"column":2},"end":{"line":279,"column":3}},"loc":{"start":{"line":279,"column":25},"end":{"line":292,"column":3}},"line":279},"21":{"name":"(anonymous_21)","decl":{"start":{"line":294,"column":2},"end":{"line":294,"column":3}},"loc":{"start":{"line":294,"column":23},"end":{"line":308,"column":3}},"line":294},"22":{"name":"(anonymous_22)","decl":{"start":{"line":310,"column":2},"end":{"line":310,"column":3}},"loc":{"start":{"line":310,"column":11},"end":{"line":373,"column":3}},"line":310},"23":{"name":"(anonymous_23)","decl":{"start":{"line":318,"column":54},"end":{"line":318,"column":55}},"loc":{"start":{"line":318,"column":66},"end":{"line":320,"column":5}},"line":318},"24":{"name":"(anonymous_24)","decl":{"start":{"line":322,"column":54},"end":{"line":322,"column":55}},"loc":{"start":{"line":322,"column":68},"end":{"line":326,"column":5}},"line":322},"25":{"name":"(anonymous_25)","decl":{"start":{"line":347,"column":45},"end":{"line":347,"column":46}},"loc":{"start":{"line":347,"column":57},"end":{"line":349,"column":17}},"line":347},"26":{"name":"(anonymous_26)","decl":{"start":{"line":361,"column":48},"end":{"line":361,"column":49}},"loc":{"start":{"line":361,"column":62},"end":{"line":363,"column":19}},"line":361}},"branchMap":{"0":{"loc":{"start":{"line":55,"column":4},"end":{"line":57,"column":5}},"type":"if","locations":[{"start":{"line":55,"column":4},"end":{"line":57,"column":5}},{"start":{"line":55,"column":4},"end":{"line":57,"column":5}}],"line":55},"1":{"loc":{"start":{"line":76,"column":14},"end":{"line":78,"column":15}},"type":"if","locations":[{"start":{"line":76,"column":14},"end":{"line":78,"column":15}},{"start":{"line":76,"column":14},"end":{"line":78,"column":15}}],"line":76},"2":{"loc":{"start":{"line":89,"column":4},"end":{"line":91,"column":5}},"type":"if","locations":[{"start":{"line":89,"column":4},"end":{"line":91,"column":5}},{"start":{"line":89,"column":4},"end":{"line":91,"column":5}}],"line":89},"3":{"loc":{"start":{"line":103,"column":4},"end":{"line":105,"column":5}},"type":"if","locations":[{"start":{"line":103,"column":4},"end":{"line":105,"column":5}},{"start":{"line":103,"column":4},"end":{"line":105,"column":5}}],"line":103},"4":{"loc":{"start":{"line":114,"column":4},"end":{"line":116,"column":5}},"type":"if","locations":[{"start":{"line":114,"column":4},"end":{"line":116,"column":5}},{"start":{"line":114,"column":4},"end":{"line":116,"column":5}}],"line":114},"5":{"loc":{"start":{"line":138,"column":10},"end":{"line":170,"column":11}},"type":"if","locations":[{"start":{"line":138,"column":10},"end":{"line":170,"column":11}},{"start":{"line":138,"column":10},"end":{"line":170,"column":11}}],"line":138},"6":{"loc":{"start":{"line":140,"column":17},"end":{"line":170,"column":11}},"type":"if","locations":[{"start":{"line":140,"column":17},"end":{"line":170,"column":11}},{"start":{"line":140,"column":17},"end":{"line":170,"column":11}}],"line":140},"7":{"loc":{"start":{"line":150,"column":17},"end":{"line":170,"column":11}},"type":"if","locations":[{"start":{"line":150,"column":17},"end":{"line":170,"column":11}},{"start":{"line":150,"column":17},"end":{"line":170,"column":11}}],"line":150},"8":{"loc":{"start":{"line":160,"column":17},"end":{"line":170,"column":11}},"type":"if","locations":[{"start":{"line":160,"column":17},"end":{"line":170,"column":11}},{"start":{"line":160,"column":17},"end":{"line":170,"column":11}}],"line":160},"9":{"loc":{"start":{"line":199,"column":6},"end":{"line":201,"column":7}},"type":"if","locations":[{"start":{"line":199,"column":6},"end":{"line":201,"column":7}},{"start":{"line":199,"column":6},"end":{"line":201,"column":7}}],"line":199},"10":{"loc":{"start":{"line":216,"column":6},"end":{"line":218,"column":7}},"type":"if","locations":[{"start":{"line":216,"column":6},"end":{"line":218,"column":7}},{"start":{"line":216,"column":6},"end":{"line":218,"column":7}}],"line":216},"11":{"loc":{"start":{"line":237,"column":4},"end":{"line":239,"column":5}},"type":"if","locations":[{"start":{"line":237,"column":4},"end":{"line":239,"column":5}},{"start":{"line":237,"column":4},"end":{"line":239,"column":5}}],"line":237},"12":{"loc":{"start":{"line":252,"column":4},"end":{"line":254,"column":5}},"type":"if","locations":[{"start":{"line":252,"column":4},"end":{"line":254,"column":5}},{"start":{"line":252,"column":4},"end":{"line":254,"column":5}}],"line":252}},"s":{"0":10,"1":8,"2":8,"3":8,"4":8,"5":8,"6":8,"7":8,"8":8,"9":8,"10":8,"11":8,"12":8,"13":8,"14":8,"15":1,"16":8,"17":8,"18":8,"19":0,"20":0,"21":0,"22":0,"23":0,"24":0,"25":0,"26":0,"27":0,"28":0,"29":1,"30":1,"31":0,"32":1,"33":1,"34":1,"35":1,"36":0,"37":1,"38":1,"39":0,"40":0,"41":0,"42":0,"43":0,"44":0,"45":0,"46":0,"47":0,"48":0,"49":0,"50":0,"51":0,"52":0,"53":0,"54":0,"55":0,"56":0,"57":0,"58":0,"59":0,"60":0,"61":0,"62":0,"63":0,"64":0,"65":0,"66":0,"67":0,"68":0,"69":0,"70":0,"71":0,"72":0,"73":0,"74":0,"75":0,"76":0,"77":0,"78":0,"79":0,"80":1,"81":1,"82":1,"83":1,"84":0,"85":0,"86":0,"87":1,"88":1,"89":1,"90":1,"91":1,"92":1,"93":1,"94":0,"95":0,"96":0,"97":1,"98":1,"99":1,"100":1,"101":1,"102":1,"103":0,"104":1,"105":1,"106":1,"107":1,"108":0,"109":0,"110":0,"111":0,"112":0,"113":0,"114":0,"115":2,"116":2,"117":2,"118":2,"119":14,"120":14,"121":2,"122":14,"123":2,"124":14,"125":2,"126":2},"f":{"0":10,"1":8,"2":0,"3":0,"4":0,"5":0,"6":1,"7":1,"8":0,"9":0,"10":0,"11":0,"12":1,"13":0,"14":1,"15":0,"16":1,"17":1,"18":0,"19":0,"20":2,"21":2,"22":14,"23":2,"24":2,"25":2,"26":2},"b":{"0":[1,7],"1":[0,0],"2":[0,1],"3":[0,1],"4":[0,0],"5":[0,0],"6":[0,0],"7":[0,0],"8":[0,0],"9":[0,0],"10":[0,0],"11":[0,1],"12":[0,1]},"_coverageSchema":"1a1c01bbd47fc00a2c39e90264f33305004495a9","hash":"8a36cba268029e39eeed9beed947b03dc6654a7e"}
,"/Users/lihanzhu/Documents/GitHub/project-video-and-messaging-web-app-557project-kai-haotian-lihan/project557/src/components/Login.js": {"path":"/Users/lihanzhu/Documents/GitHub/project-video-and-messaging-web-app-557project-kai-haotian-lihan/project557/src/components/Login.js","statementMap":{"0":{"start":{"line":13,"column":4},"end":{"line":13,"column":17}},"1":{"start":{"line":14,"column":4},"end":{"line":29,"column":6}},"2":{"start":{"line":30,"column":4},"end":{"line":30,"column":53}},"3":{"start":{"line":31,"column":4},"end":{"line":31,"column":63}},"4":{"start":{"line":32,"column":4},"end":{"line":32,"column":75}},"5":{"start":{"line":33,"column":4},"end":{"line":33,"column":59}},"6":{"start":{"line":34,"column":4},"end":{"line":34,"column":59}},"7":{"start":{"line":35,"column":4},"end":{"line":35,"column":43}},"8":{"start":{"line":171,"column":4},"end":{"line":171,"column":23}},"9":{"start":{"line":173,"column":4},"end":{"line":175,"column":5}},"10":{"start":{"line":174,"column":6},"end":{"line":174,"column":57}},"11":{"start":{"line":188,"column":8},"end":{"line":188,"column":18}},"12":{"start":{"line":189,"column":4},"end":{"line":189,"column":67}},"13":{"start":{"line":190,"column":20},"end":{"line":190,"column":25}},"14":{"start":{"line":191,"column":19},"end":{"line":191,"column":24}},"15":{"start":{"line":192,"column":27},"end":{"line":192,"column":32}},"16":{"start":{"line":193,"column":21},"end":{"line":193,"column":26}},"17":{"start":{"line":194,"column":4},"end":{"line":194,"column":54}},"18":{"start":{"line":195,"column":4},"end":{"line":195,"column":55}},"19":{"start":{"line":197,"column":4},"end":{"line":214,"column":5}},"20":{"start":{"line":198,"column":6},"end":{"line":198,"column":58}},"21":{"start":{"line":200,"column":6},"end":{"line":207,"column":7}},"22":{"start":{"line":200,"column":19},"end":{"line":200,"column":20}},"23":{"start":{"line":201,"column":8},"end":{"line":203,"column":9}},"24":{"start":{"line":202,"column":10},"end":{"line":202,"column":27}},"25":{"start":{"line":204,"column":8},"end":{"line":206,"column":9}},"26":{"start":{"line":205,"column":10},"end":{"line":205,"column":26}},"27":{"start":{"line":208,"column":6},"end":{"line":213,"column":7}},"28":{"start":{"line":209,"column":8},"end":{"line":209,"column":59}},"29":{"start":{"line":210,"column":8},"end":{"line":210,"column":32}},"30":{"start":{"line":212,"column":8},"end":{"line":212,"column":60}},"31":{"start":{"line":216,"column":4},"end":{"line":220,"column":5}},"32":{"start":{"line":217,"column":6},"end":{"line":217,"column":57}},"33":{"start":{"line":219,"column":6},"end":{"line":219,"column":24}},"34":{"start":{"line":222,"column":4},"end":{"line":235,"column":5}},"35":{"start":{"line":223,"column":6},"end":{"line":223,"column":32}},"36":{"start":{"line":224,"column":30},"end":{"line":224,"column":55}},"37":{"start":{"line":225,"column":6},"end":{"line":234,"column":9}},"38":{"start":{"line":226,"column":8},"end":{"line":233,"column":9}},"39":{"start":{"line":227,"column":10},"end":{"line":227,"column":29}},"40":{"start":{"line":228,"column":10},"end":{"line":228,"column":60}},"41":{"start":{"line":229,"column":10},"end":{"line":229,"column":67}},"42":{"start":{"line":231,"column":10},"end":{"line":231,"column":32}},"43":{"start":{"line":232,"column":10},"end":{"line":232,"column":74}},"44":{"start":{"line":241,"column":17},"end":{"line":241,"column":47}},"45":{"start":{"line":242,"column":4},"end":{"line":242,"column":52}},"46":{"start":{"line":243,"column":4},"end":{"line":243,"column":30}},"47":{"start":{"line":244,"column":4},"end":{"line":244,"column":51}},"48":{"start":{"line":245,"column":4},"end":{"line":245,"column":40}},"49":{"start":{"line":246,"column":4},"end":{"line":246,"column":52}},"50":{"start":{"line":247,"column":4},"end":{"line":247,"column":16}},"51":{"start":{"line":251,"column":4},"end":{"line":251,"column":56}},"52":{"start":{"line":255,"column":4},"end":{"line":255,"column":54}},"53":{"start":{"line":273,"column":8},"end":{"line":273,"column":18}},"54":{"start":{"line":274,"column":4},"end":{"line":445,"column":6}},"55":{"start":{"line":450,"column":0},"end":{"line":453,"column":2}}},"fnMap":{"0":{"name":"(anonymous_0)","decl":{"start":{"line":12,"column":2},"end":{"line":12,"column":3}},"loc":{"start":{"line":12,"column":21},"end":{"line":36,"column":3}},"line":12},"1":{"name":"(anonymous_1)","decl":{"start":{"line":170,"column":2},"end":{"line":170,"column":3}},"loc":{"start":{"line":170,"column":23},"end":{"line":176,"column":3}},"line":170},"2":{"name":"(anonymous_2)","decl":{"start":{"line":178,"column":2},"end":{"line":178,"column":3}},"loc":{"start":{"line":178,"column":28},"end":{"line":236,"column":3}},"line":178},"3":{"name":"(anonymous_3)","decl":{"start":{"line":225,"column":68},"end":{"line":225,"column":69}},"loc":{"start":{"line":225,"column":77},"end":{"line":234,"column":7}},"line":225},"4":{"name":"(anonymous_4)","decl":{"start":{"line":240,"column":2},"end":{"line":240,"column":3}},"loc":{"start":{"line":240,"column":17},"end":{"line":248,"column":3}},"line":240},"5":{"name":"(anonymous_5)","decl":{"start":{"line":250,"column":2},"end":{"line":250,"column":3}},"loc":{"start":{"line":250,"column":20},"end":{"line":252,"column":3}},"line":250},"6":{"name":"(anonymous_6)","decl":{"start":{"line":254,"column":2},"end":{"line":254,"column":3}},"loc":{"start":{"line":254,"column":20},"end":{"line":256,"column":3}},"line":254},"7":{"name":"(anonymous_7)","decl":{"start":{"line":260,"column":2},"end":{"line":260,"column":3}},"loc":{"start":{"line":260,"column":11},"end":{"line":446,"column":3}},"line":260}},"branchMap":{"0":{"loc":{"start":{"line":173,"column":4},"end":{"line":175,"column":5}},"type":"if","locations":[{"start":{"line":173,"column":4},"end":{"line":175,"column":5}},{"start":{"line"
[...]
:{"start":{"line":25,"column":2},"end":{"line":28,"column":5}},"5":{"start":{"line":27,"column":4},"end":{"line":27,"column":33}},"6":{"start":{"line":31,"column":2},"end":{"line":44,"column":5}},"7":{"start":{"line":33,"column":24},"end":{"line":33,"column":46}},"8":{"start":{"line":34,"column":4},"end":{"line":43,"column":6}},"9":{"start":{"line":47,"column":2},"end":{"line":49,"column":5}},"10":{"start":{"line":62,"column":2},"end":{"line":65,"column":3}},"11":{"start":{"line":63,"column":4},"end":{"line":63,"column":44}},"12":{"start":{"line":64,"column":4},"end":{"line":64,"column":21}},"13":{"start":{"line":66,"column":2},"end":{"line":83,"column":3}},"14":{"start":{"line":67,"column":17},"end":{"line":67,"column":54}},"15":{"start":{"line":68,"column":4},"end":{"line":75,"column":7}},"16":{"start":{"line":76,"column":4},"end":{"line":79,"column":5}},"17":{"start":{"line":77,"column":6},"end":{"line":77,"column":34}},"18":{"start":{"line":78,"column":6},"end":{"line":78,"column":70}},"19":{"start":{"line":82,"column":4},"end":{"line":82,"column":21}},"20":{"start":{"line":84,"column":2},"end":{"line":97,"column":3}},"21":{"start":{"line":85,"column":4},"end":{"line":85,"column":37}},"22":{"start":{"line":86,"column":17},"end":{"line":86,"column":54}},"23":{"start":{"line":87,"column":4},"end":{"line":93,"column":7}},"24":{"start":{"line":96,"column":4},"end":{"line":96,"column":21}},"25":{"start":{"line":100,"column":2},"end":{"line":116,"column":3}},"26":{"start":{"line":101,"column":17},"end":{"line":101,"column":67}},"27":{"start":{"line":102,"column":17},"end":{"line":102,"column":54}},"28":{"start":{"line":103,"column":4},"end":{"line":110,"column":7}},"29":{"start":{"line":111,"column":4},"end":{"line":113,"column":5}},"30":{"start":{"line":112,"column":6},"end":{"line":112,"column":70}},"31":{"start":{"line":115,"column":4},"end":{"line":115,"column":21}},"32":{"start":{"line":117,"column":2},"end":{"line":131,"column":3}},"33":{"start":{"line":119,"column":17},"end":{"line":119,"column":67}},"34":{"start":{"line":120,"column":17},"end":{"line":120,"column":54}},"35":{"start":{"line":121,"column":4},"end":{"line":127,"column":7}},"36":{"start":{"line":130,"column":4},"end":{"line":130,"column":21}},"37":{"start":{"line":134,"column":2},"end":{"line":153,"column":3}},"38":{"start":{"line":138,"column":17},"end":{"line":138,"column":70}},"39":{"start":{"line":139,"column":17},"end":{"line":139,"column":54}},"40":{"start":{"line":140,"column":4},"end":{"line":147,"column":7}},"41":{"start":{"line":148,"column":4},"end":{"line":150,"column":5}},"42":{"start":{"line":149,"column":6},"end":{"line":149,"column":70}},"43":{"start":{"line":152,"column":4},"end":{"line":152,"column":21}},"44":{"start":{"line":154,"column":2},"end":{"line":168,"column":3}},"45":{"start":{"line":157,"column":17},"end":{"line":157,"column":70}},"46":{"start":{"line":158,"column":17},"end":{"line":158,"column":54}},"47":{"start":{"line":159,"column":4},"end":{"line":165,"column":7}},"48":{"start":{"line":167,"column":4},"end":{"line":167,"column":21}},"49":{"start":{"line":170,"column":2},"end":{"line":189,"column":3}},"50":{"start":{"line":172,"column":4},"end":{"line":188,"column":5}},"51":{"start":{"line":173,"column":19},"end":{"line":173,"column":72}},"52":{"start":{"line":174,"column":19},"end":{"line":174,"column":56}},"53":{"start":{"line":175,"column":6},"end":{"line":182,"column":9}},"54":{"start":{"line":183,"column":6},"end":{"line":185,"column":7}},"55":{"start":{"line":184,"column":8},"end":{"line":184,"column":72}},"56":{"start":{"line":187,"column":6},"end":{"line":187,"column":23}},"57":{"start":{"line":190,"column":2},"end":{"line":204,"column":3}},"58":{"start":{"line":194,"column":17},"end":{"line":194,"column":70}},"59":{"start":{"line":195,"column":17},"end":{"line":195,"column":54}},"60":{"start":{"line":196,"column":4},"end":{"line":202,"column":7}},"61":{"start":{"line":203,"column":4},"end":{"line":203,"column":21}},"62":{"start":{"line":207,"column":2},"end":{"line":253,"column":3}},"63":{"start":{"line":209,"column":4},"end":{"line":209,"column":35}},"64":{"start":{"line":210,"column":4},"end":{"line":251,"column":5}},"65":{"start":{"line":211,"column":6},"end":{"line":230,"column":7}},"66":{"start":{"line":211,"column":19},"end":{"line":211,"column":20}},"67":{"start":{"line":212,"column":8},"end":{"line":229,"column":9}},"68":{"start":{"line":217,"column":10},"end":{"line":219,"column":11}},"69":{"start":{"line":218,"column":12},"end":{"line":218,"column":49}},"70":{"start":{"line":220,"column":10},"end":{"line":222,"column":11}},"71":{"start":{"line":221,"column":12},"end":{"line":221,"column":51}},"72":{"start":{"line":223,"column":10},"end":{"line":225,"column":11}},"73":{"start":{"line":224,"column":12},"end":{"line":224,"column":46}},"74":{"start":{"line":226,"column":10},"end":{"line":228,"column":11}},"75":{"start":{"line":227,"column":12},"end":{"line":227,"column":46}},"76":{"start":{"line":231,"column":6},"end":{"line":250,"column":7}},"77":{"start":{"line":231,"column":19},"end":{"line":231,"column":20}},"78":{"start":{"line":232,"column":8},"end":{"line":249,"column":9}},"79":{"start":{"line":237,"column":10},"end":{"line":239,"column":11}},"80":{"start":{"line":238,"column":12},"end":{"line":238,"column":51}},"81":{"start":{"line":240,"column":10},"end":{"line":242,"column":11}},"82":{"start":{"line":241,"column":12},"end":{"line":241,"column":53}},"83":{"start":{"line":243,"column":10},"end":{"line":245,"column":11}},"84":{"start":{"line":244,"column":12},"end":{"line":244,"column":48}},"85":{"start":{"line":246,"column":10},"end":{"line":248,"column":11}},"86":{"start":{"line":247,"column":12},"end":{"line":247,"column":48}},"87":{"start":{"line":252,"column":4},"end":{"line":252,"column":21}}},"fnMap":{"0":{"name":"(anonymous_0)","decl":{"start":{"line":4,"column":33},"end":{"line":4,"column":34}},"loc":{"start":{"line":12,"column":5},"end":{"line":50,"column":1}},"line":12},"1":{"name":"(anonymous_1)","decl":{"start":{"line":25,"column":34},"end":{"line":25,"column":35}},"loc":{"start":{"line":25,"column":40},"end":{"line":28,"column":3}},"line":25},"2":{"name":"(anonymous_2)","decl":{"start":{"line":31,"column":37},"end":{"line":31,"column":38}},"loc":{"start":{"line":31,"column":48},"end":{"line":44,"column":3}},"line":31},"3":{"name":"(anonymous_3)","decl":{"start":{"line":47,"column":35},"end":{"line":47,"column":36}},"loc":{"start":{"line":47,"column":47},"end":{"line":49,"column":3}},"line":47},"4":{"name":"helper","decl":{"start":{"line":52,"column":16},"end":{"line":52,"column":22}},"loc":{"start":{"line":61,"column":2},"end":{"line":254,"column":1}},"line":61}},"branchMap":{"0":{"loc":{"start":{"line":14,"column":2},"end":{"line":16,"column":3}},"type":"if","locations":[{"start":{"line":14,"column":2},"end":{"line":16,"column":3}},{"start":{"line":14,"column":2},"end":{"line":16,"column":3}}],"line":14},"1":{"loc":{"start":{"line":62,"column":2},"end":{"line":65,"column":3}},"type":"if","locations":[{"start":{"line":62,"column":2},"end":{"line":65,"column":3}},{"start":{"line":62,"column":2},"end":{"line":65,"column":3}}],"line":62},"2":{"loc":{"start":{"line":66,"column":2},"end":{"line":83,"column":3}},"type":"if","locations":[{"start":{"line":66,"column":2},"end":{"line":83,"column":3}},{"start":{"line":66,"column":2},"end":{"line":83,"column":3}}],"line":66},"3":{"loc":{"start":{"line":76,"column":4},"end":{"line":79,"column":5}},"type":"if","locations":[{"start":{"line":76,"column":4},"end":{"line":79,"column":5}},{"start":{"line":76,"column":4},"end":{"line":79,"column":5}}],"line":76},"4":{"loc":{"start":{"line":84,"column":2},"end":{"line":97,"column":3}},"type":"if","locations":[{"start":{"line":84,"column":2},"end":{"line":97,"column":3}},{"start":{"line":84,"column":2},"end":{"line":97,"column":3}}],"line":84},"5":{"loc":{"start":{"line":100,"column":2},"end":{"line":116,"column":3}},"type":"if","locations":[{"start":{"line":100,"column":2},"end":{"line":116,"column":3}},{"start":{"line":100,"column":2},"end":{"line":116,"column":3}}],"line":100},"6":{"loc":{"start":{"line":111,"column":4},"end":{"line":113,"column":5}},"type":"if","locations":[{"start":{"line":111,"column":4},"end":{"line":113,"column":5}},{"start":{"line":111,"column":4},"end":{"line":113,"column":5}}],"line":111},"7":{"loc":{"start":{"line":117,"column":2},"end":{"line":131,"column":3}},"type":"if","locations":[{"start":{"line":117,"column":2},"end":{"line":131,"column":3}},{"start":{"line":117,"column":2},"end":{"line":131,"column":3}}],"line":117},"8":{"loc":{"start":{"line":134,"column":2},"end":{"line":153,"column":3}},"type":"if","locations":[{"start":{"line":134,"column":2},"end":{"line":153,"column":3}},{"start":{"line":134,"column":2},"end":{"line":153,"column":3}}],"line":134},"9":{"loc":{"start":{"line":148,"column":4},"end":{"line":150,"column":5}},"type":"if","locations":[{"start":{"line":148,"column":4},"end":{"line":150,"column":5}},{"start":{"line":148,"column":4},"end":{"line":150,"column":5}}],"line":148},"10":{"loc":{"start":{"line":154,"column":2},"end":{"line":168,"column":3}},"type":"if","locations":[{"start":{"line":154,"column":2},"end":{"line":168,"column":3}},{"start":{"line":154,"column":2},"end":{"line":168,"column":3}}],"line":154},"11":{"loc":{"start":{"line":170,"column":2},"end":{"line":189,"column":3}},"type":"if","locations":[{"start":{"line":170,"column":2},"end":{"line":189,"column":3}},{"start":{"line":170,"column":2},"end":{"line":189,"column":3}}],"line":170},"12":{"loc":{"start":{"line":172,"column":4},"end":{"line":188,"column":5}},"type":"if","locations":[{"start":{"line":172,"column":4},"end":{"line":188,"column":5}},{"start":{"line":172,"column":4},"end":{"line":188,"column":5}}],"line":172},"13":{"loc":{"start":{"line":183,"column":6},"end":{"line":185,"column":7}},"type":"if","locations":[{"start":{"line":183,"column":6},"end":{"line":185,"column":7}},{"start":{"line":183,"column":6},"end":{"line":185,"column":7}}],"line":183},"14":{"loc":{"start":{"line":190,"column":2},"end":{"line":204,"column":3}},"type":"if","locations":[{"start":{"line":190,"column":2},"end":{"line":204,"column":3}},{"start":{"line":190,"column":2},"end":{"line":204,"column":3}}],"line":190},"15":{"loc":{"start":{"line":207,"column":2},"end":{"line":253,"column":3}},"type":"if","locations":[{"start":{"line":207,"column":2},"end":{"line":253,"column":3}},{"start":{"line":207,"column":2},"end":{"line":253,"column":3}}],"line":207},"16":{"loc":{"start":{"line":210,"column":4},"end":{"line":251,"column":5}},"type":"if","locations":[{"start":{"line":210,"column":4},"end":{"line":251,"column":5}},{"start":{"line":210,"column":4},"end":{"line":251,"column":5}}],"line":210},"17":{"loc":{"start":{"line":212,"column":8},"end":{"line":229,"column":9}},"type":"if","locations":[{"start":{"line":212,"column":8},"end":{"line":229,"column":9}},{"start":{"line":212,"column":8},"end":{"line":229,"column":9}}],"line":212},"18":{"loc":{"start":{"line":213,"column":10},"end":{"line":215,"column":45}},"type":"binary-expr","locations":[{"start":{"line":213,"column":10},"end":{"line":213,"column":36}},{"start":{"line":214,"column":10},"end":{"line":214,"column":34}},{"start":{"line":215,"column":10},"end":{"line":215,"column":45}}],"line":213},"19":{"loc":{"start":{"line":217,"column":10},"end":{"line":219,"column":11}},"type":"if","locations":[{"start":{"line":217,"column":10},"end":{"line":219,"column":11}},{"start":{"line":217,"column":10},"end":{"line":219,"column":11}}],"line":217},"20":{"loc":{"start":{"line":220,"column":10},"end":{"line":222,"column":11}},"type":"if","locations":[{"start":{"line":220,"column":10},"end":{"line":222,"column":11}},{"start":{"line":220,"column":10},"end":{"line":222,"column":11}}],"line":220},"21":{"loc":{"start":{"line":223,"column":10},"end":{"line":225,"column":11}},"type":"if","locations":[{"start":{"line":223,"column":10},"end":{"line":225,"column":11}},{"start":{"line":223,"column":10},"end":{"line":225,"column":11}}],"line":223},"22":{"loc":{"start":{"line":226,"column":10},"end":{"line":228,"column":11}},"type":"if","locations":[{"start":{"line":226,"column":10},"end":{"line":228,"column":11}},{"start":{"line":226,"column":10},"end":{"line":228,"column":11}}],"line":226},"23":{"loc":{"start":{"line":232,"column":8},"end":{"line":249,"column":9}},"type":"if","locations":[{"start":{"line":232,"column":8},"end":{"line":249,"column":9}},{"start":{"line":232,"column":8},"end":{"line":249,"column":9}}],"line":232},"24":{"loc":{"start":{"line":233,"column":10},"end":{"line":235,"column":47}},"type":"binary-expr","locations":[{"start":{"line":233,"column":10},"end":{"line":233,"column":38}},{"start":{"line":234,"column":10},"end":{"line":234,"column":36}},{"start":{"line":235,"column":10},"end":{"line":235,"column":47}}],"line":233},"25":{"loc":{"start":{"line":237,"column":10},"end":{"line":239,"column":11}},"type":"if","locations":[{"start":{"line":237,"column":10},"end":{"line":239,"column":11}},{"start":{"line":237,"column":10},"end":{"line":239,"column":11}}],"line":237},"26":{"loc":{"start":{"line":240,"column":10},"end":{"line":242,"column":11}},"type":"if","locations":[{"start":{"line":240,"column":10},"end":{"line":242,"column":11}},{"start":{"line":240,"column":10},"end":{"line":242,"column":11}}],"line":240},"27":{"loc":{"start":{"line":243,"column":10},"end":{"line":245,"column":11}},"type":"if","locations":[{"start":{"line":243,"column":10},"end":{"line":245,"column":11}},{"start":{"line":243,"column":10},"end":{"line":245,"column":11}}],"line":243},"28":{"loc":{"start":{"line":246,"column":10},"end":{"line":248,"column":11}},"type":"if","locations":[{"start":{"line":246,"column":10},"end":{"line":248,"column":11}},{"start":{"line":246,"column":10},"end":{"line":248,"column":11}}],"line":246}},"s":{"0":7,"1":11,"2":10,"3":1,"4":1,"5":0,"6":1,"7":0,"8":0,"9":1,"10":17,"11":1,"12":1,"13":17,"14":1,"15":1,"16":1,"17":1,"18":1,"19":1,"20":17,"21":1,"22":1,"23":1,"24":1,"25":17,"26":1,"27":1,"28":1,"29":1,"30":0,"31":1,"32":17,"33":1,"34":1,"35":1,"36":1,"37":17,"38":1,"39":1,"40":1,"41":1,"42":0,"43":1,"44":17,"45":1,"46":1,"47":1,"48":1,"49":17,"50":1,"51":1,"52":1,"53":1,"54":1,"55":0,"56":1,"57":17,"58":1,"59":1,"60":1,"61":1,"62":17,"63":8,"64":8,"65":8,"66":8,"67":8,"68":8,"69":1,"70":8,"71":1,"72":8,"73":1,"74":8,"75":5,"76":8,"77":8,"78":8,"79":4,"80":1,"81":4,"82":1,"83":4,"84":1,"85":4,"86":1,"87":8},"f":{"0":11,"1":0,"2":0,"3":0,"4":17},"b":{"0":[10,1],"1":[1,16],"2":[1,16],"3":[1,0],"4":[1,16],"5":[1,16],"6":[0,1],"7":[1,16],"8":[1,16],"9":[0,1],"10":[1,16],"11":[1,16],"12":[1,0],"13":[0,1],"14":[1,16],"15":[8,9],"16":[8,0],"17":[8,0],"18":[8,8,8],"19":[1,7],"20":[1,7],"21":[1,7],"22":[5,3],"23":[4,4],"24":[8,8,8],"25":[1,3],"26":[1,3],"27":[1,3],"28":[1,3]},"_coverageSchema":"1a1c01bbd47fc00a2c39e90264f33305004495a9","hash":"71402ed80aa77efbb69bfd2ac15d6d5f18d23ef2"}
,"/Users/lihanzhu/Documents/GitHub/project-video-and-messaging-web-app-557project-kai-haotian-lihan/project557/src/testing/functionalTest.js": {"path":"/Users/lihanzhu/Documents/GitHub/project-video-and-messaging-web-app-557project-kai-haotian-lihan/project557/src/testing/functionalTest.js","statementMap":{"0":{"start":{"line":2,"column":33},"end":{"line":2,"column":80}},"1":{"start":{"line":3,"column":34},"end":{"line":3,"column":63}},"2":{"start":{"line":4,"column":0},"end":{"line":4,"column":37}},"3":{"start":{"line":5,"column":0},"end":{"line":5,"column":24}},"4":{"start":{"line":6,"column":0},"end":{"line":6,"column":23}},"5":{"start":{"line":7,"column":0},"end":{"line":7,"column":28}},"6":{"start":{"line":11,"column":0},"end":{"line":13,"column":3}},"7":{"start":{"line":12,"column":4},"end":{"line":12,"column":62}},"8":{"start":{"line":15,"column":0},"end":{"line":17,"column":3}},"9":{"start":{"line":16,"column":4},"end":{"line":16,"column":24}},"10":{"start":{"line":19,"column":0},"end":{"line":28,"column":3}},"11":{"start":{"line":20,"column":4},"end":{"line":20,"column":63}},"12":{"start":{"line":21,"column":4},"end":{"line":21,"column":55}},"13":{"start":{"line":22,"column":4},"end":{"line":22,"column":89}},"14":{"start":{"line":23,"column":4},"end":{"line":23,"column":88}},"15":{"start":{"line":24,"column":4},"end":{"line":24,"column":87}},"16":{"start":{"line":25,"column":4},"end":{"line":25,"column":63}},"17":{"start":{"line":26,"column":14},"end":{"line":26,"column":70}},"18":{"start":{"line":27,"column":4},"end":{"line":27,"column":31}},"19":{"start":{"line":30,"column":0},"end":{"line":38,"column":3}},"20":{"start":{"line":31,"column":4},"end":{"line":31,"column":60}},"21":{"start":{"line":32,"column":4},"end":{"line":32,"column":52}},"22":{"start":{"line":33,"column":4},"end":{"line":33,"column":85}},"23":{"start":{"line":34,"column":4},"end":{"line":34,"column":84}},"24":{"start":{"line":35,"column":4},"end":{"line":35,"column":59}},"25":{"start":{"line":36,"column":14},"end":{"line":36,"column":70}},"26":{"start":{"line":37,"column":4},"end":{"line":37,"column":31}},"27":{"start":{"line":40,"column":0},"end":{"line":58,"column":11}},"28":{"start":{"line":41,"column":4},"end":{"line":41,"column":60}},"29":{"start":{"line":42,"column":4},"end":{"line":42,"column":52}},"30":{"start":{"line":43,"column":4},"end":{"line":43,"column":82}},"31":{"start":{"line":44,"column":4},"end":{"line":44,"column":84}},"32":{"start":{"line":45,"column":4},"end":{"line":45,"column":59}},"33":{"start":{"line":46,"column":4},"end":{"line":46,"column":29}},"34":{"start":{"line":47,"column":4},"end":{"line":47,"column":55}},"35":{"start":{"line":48,"column":4},"end":{"line":48,"column":29}},"36":{"start":{"line":49,"column":4},"end":{"line":49,"column":75}},"37":{"start":{"line":50,"column":4},"end":{"line":50,"column":29}},"38":{"start":{"line":51,"column":4},"end":{"line":51,"column":58}},"39":{"start":{"line":52,"column":14},"end":{"line":52,"column":70}},"40":{"start":{"line":53,"column":4},"end":{"line":53,"column":31}},"41":{"start":{"line":54,"column":4},"end":{"line":54,"column":29}},"42":{"start":{"line":55,"column":4},"end":{"line":55,"column":60}},"43":{"start":{"line":56,"column":4},"end":{"line":56,"column":67}},"44":{"start":{"line":57,"column":4},"end":{"line":57,"column":31}}},"fnMap":{"0":{"name":"(anonymous_0)","decl":{"start":{"line":11,"column":10},"end":{"line":11,"column":11}},"loc":{"start":{"line":11,"column":22},"end":{"line":13,"column":1}},"line":11},"1":{"name":"(anonymous_1)","decl":{"start":{"line":15,"column":9},"end":{"line":15,"column":10}},"loc":{"start":{"line":15,"column":20},"end":{"line":17,"column":1}},"line":15},"2":{"name":"(anonymous_2)","decl":{"start":{"line":19,"column":28},"end":{"line":19,"column":29}},"loc":{"start":{"line":19,"column":40},"end":{"line":28,"column":1}},"line":19},"3":{"name":"(anonymous_3)","decl":{"start":{"line":30,"column":25},"end":{"line":30,"column":26}},"loc":{"start":{"line":30,"column":37},"end":{"line":38,"column":1}},"line":30},"4":{"name":"(anonymous_4)","decl":{"start":{"line":40,"column":36},"end":{"line":40,"column":37}},"loc":{"start":{"line":40,"column":48},"end":{"line":58,"column":1}},"line":40}},"branchMap":{},"s":{"0":0,"1":0,"2":0,"3":0,"4":0,"5":0,"6":0,"7":0,"8":0,"9":0,"10":0,"11":0,"12":0,"13":0,"14":0,"15":0,"16":0,"17":0,"18":0,"19":0,"20":0,"21":0,"22":0,"23":0,"24":0,"25":0,"26":0,"27":0,"28":0,"29":0,"30":0,"31":0,"32":0,"33":0,"34":0,"35":0,"36":0,"37":0,"38":0,"39":0,"40":0,"41":0,"42":0,"43":0,"44":0},"f":{"0":0,"1":0,"2":0,"3":0,"4":0},"b":{}}
,"/Users/lihanzhu/Documents/GitHub/project-video-and-messaging-web-app-557project-kai-haotian-lihan/project557/src/testing/setupTests.js": {"path":"/Users/lihanzhu/Documents/GitHub/project-video-and-messaging-web-app-557project-kai-haotian-lihan/project557/src/testing/setupTests.js","statementMap":{},"fnMap":{},"branchMap":{},"s":{},"f":{},"b":{}}
}
