TN:
SF:src/index.js
FNF:0
FNH:0
LF:0
LH:0
BRF:0
BRH:0
end_of_record
TN:
SF:src/reportWebVitals.js
FN:1,(anonymous_0)
FN:3,(anonymous_1)
FNF:2
FNH:2
FNDA:1,(anonymous_0)
FNDA:1,(anonymous_1)
DA:1,1
DA:2,1
DA:3,1
DA:4,1
DA:5,1
DA:6,1
DA:7,1
DA:8,1
LF:8
LH:8
BRDA:2,0,0,1
BRDA:2,0,1,0
BRDA:2,1,0,1
BRDA:2,1,1,1
BRF:4
BRH:3
end_of_record
TN:
SF:src/components/App.js
FN:7,(anonymous_0)
FN:19,(anonymous_1)
FN:29,(anonymous_2)
FN:34,(anonymous_3)
FNF:4
FNH:4
FNDA:4,(anonymous_0)
FNDA:1,(anonymous_1)
FNDA:1,(anonymous_2)
FNDA:8,(anonymous_3)
DA:8,4
DA:9,4
DA:15,4
DA:16,4
DA:20,1
DA:21,1
DA:22,1
DA:24,1
DA:25,1
DA:26,1
DA:30,1
DA:31,1
DA:35,8
LF:13
LH:13
BRF:0
BRH:0
end_of_record
TN:
SF:src/components/Chat.js
FN:24,Chat
FN:42,(anonymous_1)
FN:42,(anonymous_2)
FN:44,(anonymous_3)
FN:44,(anonymous_4)
FN:46,(anonymous_5)
FN:63,(anonymous_6)
FN:66,(anonymous_7)
FN:69,(anonymous_8)
FN:76,(anonymous_9)
FN:101,MessagesComponent
FN:105,(anonymous_11)
FN:106,(anonymous_12)
FN:108,stop
FN:109,upl
FN:110,(anonymous_15)
FN:129,(anonymous_16)
FN:139,(anonymous_17)
FN:145,upload
FN:165,(anonymous_19)
FN:169,(anonymous_20)
FN:172,(anonymous_21)
FN:193,(anonymous_22)
FN:196,(anonymous_23)
FN:207,(anonymous_24)
FN:217,(anonymous_25)
FN:226,(anonymous_26)
FN:246,up
FN:256,processAt
FN:286,processAt_2
FN:332,(anonymous_30)
FN:360,(anonymous_31)
FN:382,(anonymous_32)
FN:424,(anonymous_33)
FN:452,(anonymous_34)
FN:481,(anonymous_35)
FN:509,(anonymous_36)
FN:535,(anonymous_37)
FN:558,(anonymous_38)
FN:582,(anonymous_39)
FN:605,(anonymous_40)
FN:617,(anonymous_41)
FN:648,(anonymous_42)
FN:676,(anonymous_43)
FN:705,(anonymous_44)
FN:733,(anonymous_45)
FN:762,(anonymous_46)
FN:785,(anonymous_47)
FN:810,(anonymous_48)
FN:833,(anonymous_49)
FN:867,(anonymous_50)
FN:875,(anonymous_51)
FN:882,(anonymous_52)
FN:892,(anonymous_53)
FN:895,(anonymous_54)
FN:901,(anonymous_55)
FN:908,(anonymous_56)
FN:913,(anonymous_57)
FN:922,(anonymous_58)
FN:924,(anonymous_59)
FNF:60
FNH:9
FNDA:33,Chat
FNDA:0,(anonymous_1)
FNDA:0,(anonymous_2)
FNDA:0,(anonymous_3)
FNDA:0,(anonymous_4)
FNDA:10,(anonymous_5)
FNDA:10,(anonymous_6)
FNDA:10,(anonymous_7)
FNDA:0,(anonymous_8)
FNDA:9,(anonymous_9)
FNDA:42,MessagesComponent
FNDA:0,(anonymous_11)
FNDA:0,(anonymous_12)
FNDA:0,stop
FNDA:0,upl
FNDA:0,(anonymous_15)
FNDA:0,(anonymous_16)
FNDA:0,(anonymous_17)
FNDA:0,upload
FNDA:0,(anonymous_19)
FNDA:0,(anonymous_20)
FNDA:0,(anonymous_21)
FNDA:0,(anonymous_22)
FNDA:0,(anonymous_23)
FNDA:0,(anonymous_24)
FNDA:0,(anonymous_25)
FNDA:0,(anonymous_26)
FNDA:0,up
FNDA:0,processAt
FNDA:31,processAt_2
FNDA:0,(anonymous_30)
FNDA:0,(anonymous_31)
FNDA:39,(anonymous_32)
FNDA:0,(anonymous_33)
FNDA:0,(anonymous_34)
FNDA:0,(anonymous_35)
FNDA:0,(anonymous_36)
FNDA:0,(anonymous_37)
FNDA:0,(anonymous_38)
FNDA:0,(anonymous_39)
FNDA:0,(anonymous_40)
FNDA:35,(anonymous_41)
FNDA:0,(anonymous_42)
FNDA:0,(anonymous_43)
FNDA:0,(anonymous_44)
FNDA:0,(anonymous_45)
FNDA:0,(anonymous_46)
FNDA:0,(anonymous_47)
FNDA:0,(anonymous_48)
FNDA:0,(anonymous_49)
FNDA:0,(anonymous_50)
FNDA:0,(anonymous_51)
FNDA:0,(anonymous_52)
FNDA:0,(anonymous_53)
FNDA:0,(anonymous_54)
FNDA:0,(anonymous_55)
FNDA:0,(anonymous_56)
FNDA:0,(anonymous_57)
FNDA:0,(anonymous_58)
FNDA:0,(anonymous_59)
DA:26,33
DA:28,30
DA:39,30
DA:40,30
DA:42,30
DA:44,30
DA:46,30
DA:47,10
DA:48,10
DA:49,10
DA:50,0
DA:53,10
DA:63,10
DA:66,30
DA:67,10
DA:69,10
DA:70,0
DA:74,10
DA:76,10
DA:77,9
DA:84,30
DA:102,42
DA:103,39
DA:104,39
DA:105,39
DA:106,0
DA:107,39
DA:108,39
DA:109,39
DA:110,39
DA:111,0
DA:112,0
DA:113,0
DA:114,0
DA:129,39
DA:130,0
DA:131,0
DA:133,0
DA:134,0
DA:137,0
DA:139,0
DA:140,0
DA:141,0
DA:142,0
DA:144,0
DA:145,0
DA:146,0
DA:147,0
DA:148,0
DA:149,0
DA:150,0
DA:154,0
DA:158,0
DA:165,39
DA:166,0
DA:167,0
DA:168,0
DA:169,0
DA:170,0
DA:171,0
DA:172,0
DA:173,0
DA:174,0
DA:175,0
DA:176,0
DA:177,0
DA:178,0
DA:179,0
DA:180,0
DA:181,0
DA:183,0
DA:184,0
DA:188,0
DA:191,0
DA:193,0
DA:194,0
DA:195,0
DA:196,0
DA:197,0
DA:199,0
DA:200,0
DA:207,39
DA:208,0
DA:209,0
DA:210,0
DA:212,0
DA:213,0
DA:217,39
DA:218,0
DA:219,0
DA:221,0
DA:222,0
DA:224,0
DA:226,0
DA:228,0
DA:229,0
DA:230,0
DA:231,0
DA:232,0
DA:233,0
DA:234,0
DA:235,0
DA:237,0
DA:238,0
DA:239,0
DA:241,0
DA:246,39
DA:247,0
DA:248,0
DA:249,0
DA:250,0
DA:252,0
DA:253,0
DA:257,0
DA:258,0
DA:259,0
DA:260,0
DA:261,0
DA:262,0
DA:264,0
DA:265,0
DA:267,0
DA:268,0
DA:269,0
DA:281,0
DA:283,0
DA:288,31
DA:289,31
DA:290,31
DA:291,31
DA:292,31
DA:293,0
DA:295,31
DA:297,0
DA:299,31
DA:303,31
DA:304,31
DA:305,31
DA:306,31
DA:307,0
DA:309,31
DA:310,31
DA:311,31
DA:312,31
DA:315,31
DA:319,0
DA:321,0
DA:324,39
DA:325,39
DA:326,39
DA:328,39
DA:329,4
DA:332,39
DA:334,0
DA:335,0
DA:339,0
DA:340,0
DA:341,0
DA:345,0
DA:346,0
DA:348,0
DA:352,0
DA:353,0
DA:354,0
DA:357,0
DA:360,39
DA:361,0
DA:362,0
DA:363,0
DA:364,0
DA:366,0
DA:367,0
DA:371,39
DA:383,39
DA:384,39
DA:385,39
DA:388,39
DA:389,39
DA:390,22
DA:391,0
DA:395,0
DA:397,0
DA:398,0
DA:400,0
DA:401,0
DA:404,22
DA:405,16
DA:424,0
DA:432,6
DA:433,2
DA:452,0
DA:460,4
DA:461,2
DA:481,0
DA:489,2
DA:490,2
DA:509,0
DA:518,17
DA:519,11
DA:535,0
DA:541,6
DA:542,2
DA:558,0
DA:564,4
DA:565,2
DA:582,0
DA:588,2
DA:589,2
DA:605,0
DA:618,35
DA:622,35
DA:625,16
DA:626,16
DA:627,8
DA:628,8
DA:629,2
DA:648,0
DA:656,6
DA:657,2
DA:676,0
DA:684,4
DA:685,2
DA:705,0
DA:713,2
DA:714,2
DA:733,0
DA:742,8
DA:743,8
DA:744,8
DA:745,8
DA:746,2
DA:762,0
DA:768,6
DA:769,2
DA:785,0
DA:792,4
DA:793,2
DA:810,0
DA:816,2
DA:817,2
DA:833,0
DA:867,0
DA:875,0
DA:882,0
DA:892,0
DA:895,0
DA:901,0
DA:908,0
DA:913,0
DA:922,0
DA:924,0
LF:251
LH:102
BRDA:47,0,0,10
BRDA:47,0,1,0
BRDA:49,1,0,0
BRDA:49,1,1,10
BRDA:112,2,0,0
BRDA:112,2,1,0
BRDA:112,3,0,0
BRDA:112,3,1,0
BRDA:112,3,2,0
BRDA:130,4,0,0
BRDA:130,4,1,0
BRDA:131,5,0,0
BRDA:131,5,1,0
BRDA:146,6,0,0
BRDA:146,6,1,0
BRDA:146,7,0,0
BRDA:146,7,1,0
BRDA:146,7,2,0
BRDA:174,8,0,0
BRDA:174,8,1,0
BRDA:180,9,0,0
BRDA:180,9,1,0
BRDA:195,10,0,0
BRDA:195,10,1,0
BRDA:209,11,0,0
BRDA:209,11,1,0
BRDA:218,12,0,0
BRDA:218,12,1,0
BRDA:219,13,0,0
BRDA:219,13,1,0
BRDA:234,14,0,0
BRDA:234,14,1,0
BRDA:248,15,0,0
BRDA:248,15,1,0
BRDA:259,16,0,0
BRDA:259,16,1,0
BRDA:261,17,0,0
BRDA:261,17,1,0
BRDA:264,18,0,0
BRDA:264,18,1,0
BRDA:290,19,0,31
BRDA:290,19,1,0
BRDA:292,20,0,0
BRDA:292,20,1,31
BRDA:295,21,0,0
BRDA:295,21,1,31
BRDA:306,22,0,0
BRDA:306,22,1,31
BRDA:328,23,0,4
BRDA:328,23,1,35
BRDA:335,24,0,0
BRDA:335,24,1,0
BRDA:336,25,0,0
BRDA:336,25,1,0
BRDA:348,26,0,0
BRDA:348,26,1,0
BRDA:349,27,0,0
BRDA:349,27,1,0
BRDA:384,28,0,39
BRDA:384,28,1,0
BRDA:389,29,0,22
BRDA:389,29,1,17
BRDA:390,30,0,0
BRDA:390,30,1,22
BRDA:391,31,0,0
BRDA:391,31,1,0
BRDA:392,32,0,0
BRDA:392,32,1,0
BRDA:397,33,0,0
BRDA:397,33,1,0
BRDA:400,34,0,0
BRDA:400,34,1,0
BRDA:404,35,0,16
BRDA:404,35,1,6
BRDA:432,36,0,2
BRDA:432,36,1,4
BRDA:460,37,0,2
BRDA:460,37,1,2
BRDA:489,38,0,2
BRDA:489,38,1,0
BRDA:518,39,0,11
BRDA:518,39,1,6
BRDA:541,40,0,2
BRDA:541,40,1,4
BRDA:564,41,0,2
BRDA:564,41,1,2
BRDA:588,42,0,2
BRDA:588,42,1,0
BRDA:618,43,0,35
BRDA:618,43,1,0
BRDA:619,44,0,35
BRDA:619,44,1,35
BRDA:619,44,2,17
BRDA:619,44,3,17
BRDA:626,45,0,8
BRDA:626,45,1,8
BRDA:628,46,0,2
BRDA:628,46,1,6
BRDA:656,47,0,2
BRDA:656,47,1,4
BRDA:684,48,0,2
BRDA:684,48,1,2
BRDA:713,49,0,2
BRDA:713,49,1,0
BRDA:745,50,0,2
BRDA:745,50,1,6
BRDA:768,51,0,2
BRDA:768,51,1,4
BRDA:792,52,0,2
BRDA:792,52,1,2
BRDA:816,53,0,2
BRDA:816,53,1,0
BRF:112
BRH:47
end_of_record
TN:
SF:src/components/Contacts.js
FN:10,(anonymous_0)
FN:18,(anonymous_1)
FN:20,(anonymous_2)
FN:33,(anonymous_3)
FN:58,(anonymous_4)
FN:72,(anonymous_5)
FN:85,(anonymous_6)
FN:96,(anonymous_7)
FNF:8
FNH:3
FNDA:4,(anonymous_0)
FNDA:2,(anonymous_1)
FNDA:0,(anonymous_2)
FNDA:0,(anonymous_3)
FNDA:0,(anonymous_4)
FNDA:2,(anonymous_5)
FNDA:0,(anonymous_6)
FNDA:0,(anonymous_7)
DA:11,4
DA:13,2
DA:19,2
DA:20,2
DA:22,0
DA:23,0
DA:24,0
DA:25,0
DA:27,0
DA:29,0
DA:30,0
DA:59,0
DA:62,0
DA:64,0
DA:66,0
DA:73,2
DA:74,2
DA:75,2
DA:86,0
DA:87,0
DA:88,0
DA:96,0
DA:121,5
LF:23
LH:8
BRDA:22,0,0,0
BRDA:22,0,1,0
BRDA:59,1,0,0
BRDA:59,1,1,0
BRDA:64,2,0,0
BRDA:64,2,1,0
BRF:6
BRH:0
end_of_record
TN:
SF:src/components/Home.js
FN:23,(anonymous_0)
FN:53,(anonymous_1)
FN:67,(anonymous_2)
FN:74,(anonymous_3)
FN:82,(anonymous_4)
FN:84,(anonymous_5)
FN:87,(anonymous_6)
FN:101,(anonymous_7)
FN:112,(anonymous_8)
FN:129,(anonymous_9)
FN:137,(anonymous_10)
FN:191,(anonymous_11)
FN:194,(anonymous_12)
FN:198,(anonymous_13)
FN:210,(anonymous_14)
FN:215,(anonymous_15)
FN:227,(anonymous_16)
FN:250,(anonymous_17)
FN:257,(anonymous_18)
FN:268,(anonymous_19)
FN:279,(anonymous_20)
FN:294,(anonymous_21)
FN:310,(anonymous_22)
FN:318,(anonymous_23)
FN:322,(anonymous_24)
FN:347,(anonymous_25)
FN:361,(anonymous_26)
FNF:27
FNH:15
FNDA:10,(anonymous_0)
FNDA:8,(anonymous_1)
FNDA:0,(anonymous_2)
FNDA:0,(anonymous_3)
FNDA:0,(anonymous_4)
FNDA:0,(anonymous_5)
FNDA:1,(anonymous_6)
FNDA:1,(anonymous_7)
FNDA:0,(anonymous_8)
FNDA:0,(anonymous_9)
FNDA:0,(anonymous_10)
FNDA:0,(anonymous_11)
FNDA:1,(anonymous_12)
FNDA:0,(anonymous_13)
FNDA:1,(anonymous_14)
FNDA:0,(anonymous_15)
FNDA:1,(anonymous_16)
FNDA:1,(anonymous_17)
FNDA:0,(anonymous_18)
FNDA:0,(anonymous_19)
FNDA:2,(anonymous_20)
FNDA:2,(anonymous_21)
FNDA:14,(anonymous_22)
FNDA:2,(anonymous_23)
FNDA:2,(anonymous_24)
FNDA:2,(anonymous_25)
FNDA:2,(anonymous_26)
DA:24,10
DA:26,8
DA:27,8
DA:28,8
DA:40,8
DA:41,8
DA:42,8
DA:45,8
DA:46,8
DA:47,8
DA:48,8
DA:49,8
DA:50,8
DA:54,8
DA:55,8
DA:56,1
DA:63,8
DA:64,8
DA:66,8
DA:68,0
DA:69,0
DA:71,0
DA:73,0
DA:75,0
DA:76,0
DA:77,0
DA:80,0
DA:88,1
DA:89,1
DA:90,0
DA:92,1
DA:93,1
DA:102,1
DA:103,1
DA:104,0
DA:106,1
DA:107,1
DA:113,0
DA:114,0
DA:115,0
DA:117,0
DA:118,0
DA:119,0
DA:120,0
DA:121,0
DA:122,0
DA:124,0
DA:128,0
DA:130,0
DA:132,0
DA:133,0
DA:134,0
DA:135,0
DA:137,0
DA:138,0
DA:139,0
DA:140,0
DA:141,0
DA:142,0
DA:144,0
DA:145,0
DA:149,0
DA:150,0
DA:151,0
DA:152,0
DA:154,0
DA:155,0
DA:159,0
DA:160,0
DA:161,0
DA:162,0
DA:164,0
DA:165,0
DA:169,0
DA:172,0
DA:173,0
DA:177,0
DA:189,0
DA:195,1
DA:196,1
DA:197,1
DA:198,1
DA:199,0
DA:200,0
DA:202,0
DA:204,1
DA:205,1
DA:207,1
DA:211,1
DA:212,1
DA:213,1
DA:215,1
DA:216,0
DA:217,0
DA:219,0
DA:221,1
DA:222,1
DA:224,1
DA:229,1
DA:236,1
DA:237,1
DA:238,0
DA:241,1
DA:242,1
DA:251,1
DA:252,1
DA:253,0
DA:261,0
DA:262,0
DA:265,0
DA:272,0
DA:273,0
DA:276,0
DA:280,2
DA:282,2
DA:296,2
DA:297,2
DA:317,14
DA:318,14
DA:319,2
DA:322,14
DA:323,2
DA:328,14
DA:348,2
DA:362,2
LF:125
LH:60
BRDA:55,0,0,1
BRDA:55,0,1,7
BRDA:76,1,0,0
BRDA:76,1,1,0
BRDA:89,2,0,0
BRDA:89,2,1,1
BRDA:103,3,0,0
BRDA:103,3,1,1
BRDA:114,4,0,0
BRDA:114,4,1,0
BRDA:138,5,0,0
BRDA:138,5,1,0
BRDA:140,6,0,0
BRDA:140,6,1,0
BRDA:150,7,0,0
BRDA:150,7,1,0
BRDA:160,8,0,0
BRDA:160,8,1,0
BRDA:199,9,0,0
BRDA:199,9,1,0
BRDA:216,10,0,0
BRDA:216,10,1,0
BRDA:237,11,0,0
BRDA:237,11,1,1
BRDA:252,12,0,0
BRDA:252,12,1,1
BRF:26
BRH:6
end_of_record
TN:
SF:src/components/Login.js
FN:12,(anonymous_0)
FN:170,(anonymous_1)
FN:178,(anonymous_2)
FN:225,(anonymous_3)
FN:240,(anonymous_4)
FN:250,(anonymous_5)
FN:254,(anonymous_6)
FN:260,(anonymous_7)
FNF:8
FNH:3
FNDA:3,(anonymous_0)
FNDA:1,(anonymous_1)
FNDA:0,(anonymous_2)
FNDA:0,(anonymous_3)
FNDA:0,(anonymous_4)
FNDA:0,(anonymous_5)
FNDA:0,(anonymous_6)
FNDA:3,(anonymous_7)
DA:13,3
DA:14,3
DA:30,3
DA:31,3
DA:32,3
DA:33,3
DA:34,3
DA:35,3
DA:171,1
DA:173,1
DA:174,0
DA:188,0
DA:189,0
DA:190,0
DA:191,0
DA:192,0
DA:193,0
DA:194,0
DA:195,0
DA:197,0
DA:198,0
DA:200,0
DA:201,0
DA:202,0
DA:204,0
DA:205,0
DA:208,0
DA:209,0
DA:210,0
DA:212,0
DA:216,0
DA:217,0
DA:219,0
DA:222,0
DA:223,0
DA:224,0
DA:225,0
DA:226,0
DA:227,0
DA:228,0
DA:229,0
DA:231,0
DA:232,0
DA:241,0
DA:242,0
DA:243,0
DA:244,0
DA:245,0
DA:246,0
DA:247,0
DA:251,0
DA:255,0
DA:273,3
DA:274,3
DA:450,4
LF:55
LH:13
BRDA:173,0,0,0
BRDA:173,0,1,1
BRDA:197,1,0,0
BRDA:197,1,1,0
BRDA:201,2,0,0
BRDA:201,2,1,0
BRDA:201,3,0,0
BRDA:201,3,1,0
BRDA:204,4,0,0
BRDA:204,4,1,0
BRDA:204,5,0,0
BRDA:204,5,1,0
BRDA:208,6,0,0
BRDA:208,6,1,0
BRDA:208,7,0,0
BRDA:208,7,1,0
BRDA:216,8,0,0
BRDA:216,8,1,0
BRDA:222,9,0,0
BRDA:222,9,1,0
BRDA:222,10,0,0
BRDA:222,10,1,0
BRDA:226,11,0,0
BRDA:226,11,1,0
BRF:24
BRH:1
end_of_record
TN:
SF:src/components/Main.js
FN:15,(anonymous_0)
FN:26,(anonymous_1)
FN:27,(anonymous_2)
FN:35,(anonymous_3)
FN:41,(anonymous_4)
FN:54,(anonymous_5)
FN:67,(anonymous_6)
FN:80,(anonymous_7)
FN:89,(anonymous_8)
FNF:9
FNH:7
FNDA:8,(anonymous_0)
FNDA:8,(anonymous_1)
FNDA:0,(anonymous_2)
FNDA:0,(anonymous_3)
FNDA:1,(anonymous_4)
FNDA:1,(anonymous_5)
FNDA:1,(anonymous_6)
FNDA:1,(anonymous_7)
FNDA:8,(anonymous_8)
DA:16,8
DA:18,8
DA:21,8
DA:22,8
DA:23,8
DA:24,8
DA:27,8
DA:29,0
DA:30,0
DA:31,0
DA:35,8
DA:36,0
DA:37,0
DA:42,1
DA:43,0
DA:50,1
DA:55,1
DA:56,1
DA:57,0
DA:59,1
DA:68,1
DA:69,0
DA:77,1
DA:81,1
DA:82,0
DA:83,0
DA:85,1
DA:97,8
LF:28
LH:18
BRDA:29,0,0,0
BRDA:29,0,1,0
BRDA:30,1,0,0
BRDA:30,1,1,0
BRDA:42,2,0,0
BRDA:42,2,1,1
BRDA:56,3,0,0
BRDA:56,3,1,1
BRDA:68,4,0,0
BRDA:68,4,1,1
BRDA:81,5,0,0
BRDA:81,5,1,1
BRF:12
BRH:4
end_of_record
TN:
SF:src/components/NavigationBar.js
FN:14,(anonymous_0)
FN:20,(anonymous_1)
FN:30,(anonymous_2)
FN:35,(anonymous_3)
FNF:4
FNH:3
FNDA:7,(anonymous_0)
FNDA:1,(anonymous_1)
FNDA:0,(anonymous_2)
FNDA:9,(anonymous_3)
DA:15,7
DA:16,7
DA:21,1
DA:22,1
DA:24,1
DA:25,1
DA:26,1
DA:27,1
DA:30,1
DA:31,0
DA:36,9
LF:11
LH:10
BRF:0
BRH:0
end_of_record
TN:
SF:src/components/Post.js
FN:8,(anonymous_0)
FN:16,(anonymous_1)
FN:18,(anonymous_2)
FN:29,(anonymous_3)
FN:34,(anonymous_4)
FNF:5
FNH:3
FNDA:5,(anonymous_0)
FNDA:2,(anonymous_1)
FNDA:0,(anonymous_2)
FNDA:0,(anonymous_3)
FNDA:2,(anonymous_4)
DA:9,5
DA:11,2
DA:17,2
DA:18,2
DA:20,0
DA:21,0
DA:22,0
DA:23,0
DA:25,0
DA:35,2
DA:36,2
DA:37,2
DA:38,2
DA:39,0
DA:41,2
DA:69,5
LF:16
LH:10
BRDA:20,0,0,0
BRDA:20,0,1,0
BRDA:38,1,0,0
BRDA:38,1,1,2
BRF:4
BRH:1
end_of_record
TN:
SF:src/components/Profile.js
FN:22,(anonymous_0)
FN:64,(anonymous_1)
FN:72,(anonymous_2)
FN:82,(anonymous_3)
FN:93,(anonymous_4)
FN:105,(anonymous_5)
FN:111,(anonymous_6)
FN:175,(anonymous_7)
FN:180,(anonymous_8)
FN:189,(anonymous_9)
FN:199,(anonymous_10)
FN:204,(anonymous_11)
FN:220,(anonymous_12)
FN:227,(anonymous_13)
FN:234,(anonymous_14)
FN:239,(anonymous_15)
FN:250,(anonymous_16)
FN:262,(anonymous_17)
FN:271,(anonymous_18)
FNF:19
FNH:14
FNDA:14,(anonymous_0)
FNDA:2,(anonymous_1)
FNDA:4,(anonymous_2)
FNDA:12,(anonymous_3)
FNDA:0,(anonymous_4)
FNDA:0,(anonymous_5)
FNDA:2,(anonymous_6)
FNDA:1,(anonymous_7)
FNDA:0,(anonymous_8)
FNDA:1,(anonymous_9)
FNDA:1,(anonymous_10)
FNDA:1,(anonymous_11)
FNDA:0,(anonymous_12)
FNDA:1,(anonymous_13)
FNDA:1,(anonymous_14)
FNDA:1,(anonymous_15)
FNDA:0,(anonymous_16)
FNDA:1,(anonymous_17)
FNDA:56,(anonymous_18)
DA:23,14
DA:25,12
DA:42,12
DA:45,12
DA:46,12
DA:47,12
DA:48,12
DA:49,12
DA:52,12
DA:53,12
DA:54,12
DA:57,12
DA:58,12
DA:59,12
DA:60,12
DA:65,2
DA:66,2
DA:67,2
DA:68,2
DA:73,4
DA:74,4
DA:75,4
DA:76,4
DA:77,4
DA:78,4
DA:79,4
DA:83,12
DA:84,12
DA:85,1
DA:87,12
DA:88,12
DA:92,12
DA:95,0
DA:96,0
DA:97,0
DA:100,0
DA:102,0
DA:117,2
DA:119,2
DA:120,2
DA:121,2
DA:122,2
DA:123,2
DA:124,2
DA:125,2
DA:126,2
DA:128,2
DA:129,1
DA:131,1
DA:132,9
DA:133,3
DA:135,9
DA:136,6
DA:139,1
DA:140,1
DA:141,1
DA:143,0
DA:147,2
DA:148,1
DA:150,1
DA:153,2
DA:154,2
DA:156,0
DA:159,2
DA:160,1
DA:161,1
DA:162,1
DA:165,2
DA:166,1
DA:167,1
DA:168,1
DA:169,1
DA:170,1
DA:171,1
DA:176,1
DA:177,1
DA:181,0
DA:182,0
DA:190,1
DA:191,1
DA:200,1
DA:201,1
DA:205,1
DA:206,1
DA:208,0
DA:209,0
DA:210,0
DA:211,0
DA:213,0
DA:215,0
DA:216,0
DA:217,0
DA:218,0
DA:220,0
DA:221,0
DA:228,1
DA:229,1
DA:230,0
DA:235,1
DA:236,1
DA:240,1
DA:241,0
DA:242,0
DA:244,0
DA:245,0
DA:247,0
DA:248,0
DA:250,0
DA:251,0
DA:252,0
DA:253,0
DA:254,0
DA:256,0
DA:263,1
DA:264,1
DA:266,1
DA:267,0
DA:272,56
DA:286,56
DA:287,56
DA:450,4
LF:121
LH:87
BRDA:84,0,0,1
BRDA:84,0,1,11
BRDA:95,1,0,0
BRDA:95,1,1,0
BRDA:128,2,0,1
BRDA:128,2,1,1
BRDA:132,3,0,3
BRDA:132,3,1,6
BRDA:132,4,0,9
BRDA:132,4,1,9
BRDA:135,5,0,6
BRDA:135,5,1,3
BRDA:135,6,0,9
BRDA:135,6,1,9
BRDA:139,7,0,1
BRDA:139,7,1,0
BRDA:139,8,0,1
BRDA:139,8,1,1
BRDA:147,9,0,1
BRDA:147,9,1,1
BRDA:153,10,0,2
BRDA:153,10,1,0
BRDA:159,11,0,1
BRDA:159,11,1,1
BRDA:165,12,0,1
BRDA:165,12,1,1
BRDA:165,13,0,2
BRDA:165,13,1,1
BRDA:165,13,2,1
BRDA:206,14,0,0
BRDA:206,14,1,1
BRDA:210,15,0,0
BRDA:210,15,1,0
BRDA:229,16,0,0
BRDA:229,16,1,1
BRDA:240,17,0,0
BRDA:240,17,1,1
BRDA:241,18,0,0
BRDA:241,18,1,0
BRDA:242,19,0,0
BRDA:242,19,1,0
BRDA:266,20,0,0
BRDA:266,20,1,1
BRF:43
BRH:29
end_of_record
TN:
SF:src/components/ProfileOther.js
FN:19,(anonymous_0)
FN:31,(anonymous_1)
FN:36,(anonymous_2)
FN:37,(anonymous_3)
FN:48,(anonymous_4)
FN:51,(anonymous_5)
FN:55,(anonymous_6)
FN:74,(anonymous_7)
FN:86,(anonymous_8)
FNF:9
FNH:4
FNDA:2,(anonymous_0)
FNDA:2,(anonymous_1)
FNDA:0,(anonymous_2)
FNDA:0,(anonymous_3)
FNDA:0,(anonymous_4)
FNDA:1,(anonymous_5)
FNDA:2,(anonymous_6)
FNDA:0,(anonymous_7)
FNDA:0,(anonymous_8)
DA:20,2
DA:22,2
DA:28,2
DA:32,2
DA:33,2
DA:35,2
DA:37,0
DA:38,0
DA:39,0
DA:40,0
DA:42,0
DA:43,0
DA:44,0
DA:45,0
DA:52,1
DA:56,2
DA:58,2
DA:59,2
DA:60,2
DA:61,2
DA:69,2
DA:70,2
DA:72,0
DA:73,0
DA:76,0
DA:77,0
DA:78,0
DA:81,0
DA:83,0
DA:88,2
LF:30
LH:15
BRDA:58,0,0,2
BRDA:58,0,1,0
BRDA:76,1,0,0
BRDA:76,1,1,0
BRF:4
BRH:1
end_of_record
TN:
SF:src/components/Register.js
FN:14,(anonymous_0)
FN:89,(anonymous_1)
FN:146,(anonymous_2)
FN:152,(anonymous_3)
FNF:4
FNH:2
FNDA:2,(anonymous_0)
FNDA:0,(anonymous_1)
FNDA:0,(anonymous_2)
FNDA:2,(anonymous_3)
DA:15,2
DA:17,2
DA:20,2
DA:21,2
DA:22,2
DA:23,2
DA:24,2
DA:90,0
DA:91,0
DA:92,0
DA:93,0
DA:94,0
DA:95,0
DA:147,0
DA:148,0
DA:149,0
DA:153,2
DA:155,2
DA:166,2
DA:256,4
LF:20
LH:11
BRDA:149,0,0,0
BRDA:149,0,1,0
BRF:2
BRH:0
end_of_record
TN:
SF:src/components/Signal.js
FN:9,(anonymous_0)
FN:18,(anonymous_1)
FN:34,(anonymous_2)
FN:35,(anonymous_3)
FN:36,(anonymous_4)
FN:39,(anonymous_5)
FN:45,(anonymous_6)
FN:61,(anonymous_7)
FN:76,(anonymous_8)
FNF:9
FNH:3
FNDA:4,(anonymous_0)
FNDA:0,(anonymous_1)
FNDA:4,(anonymous_2)
FNDA:0,(anonymous_3)
FNDA:0,(anonymous_4)
FNDA:0,(anonymous_5)
FNDA:0,(anonymous_6)
FNDA:0,(anonymous_7)
FNDA:6,(anonymous_8)
DA:10,4
DA:11,4
DA:12,4
DA:19,0
DA:20,0
DA:21,0
DA:22,0
DA:24,0
DA:25,0
DA:26,0
DA:27,0
DA:31,0
DA:35,4
DA:36,0
DA:37,0
DA:38,0
DA:39,0
DA:40,0
DA:41,0
DA:45,0
DA:46,0
DA:49,0
DA:50,0
DA:51,0
DA:52,0
DA:53,0
DA:61,0
DA:69,0
DA:70,0
DA:77,6
LF:30
LH:5
BRDA:20,0,0,0
BRDA:20,0,1,0
BRDA:25,1,0,0
BRDA:25,1,1,0
BRDA:25,2,0,0
BRDA:25,2,1,0
BRDA:38,3,0,0
BRDA:38,3,1,0
BRDA:40,4,0,0
BRDA:40,4,1,0
BRF:10
BRH:0
end_of_record
TN:
SF:src/components/Story.js
FN:27,(anonymous_0)
FN:54,(anonymous_1)
FN:58,(anonymous_2)
FN:99,(anonymous_3)
FN:140,(anonymous_4)
FN:144,(anonymous_5)
FN:152,(anonymous_6)
FN:153,(anonymous_7)
FN:157,(anonymous_8)
FN:162,(anonymous_9)
FN:164,(anonymous_10)
FN:170,(anonymous_11)
FN:199,(anonymous_12)
FN:210,(anonymous_13)
FN:215,(anonymous_14)
FN:220,(anonymous_15)
FN:235,(anonymous_16)
FN:249,(anonymous_17)
FN:253,(anonymous_18)
FN:257,(anonymous_19)
FN:288,(anonymous_20)
FN:294,(anonymous_21)
FN:303,(anonymous_22)
FNF:23
FNH:12
FNDA:11,(anonymous_0)
FNDA:1,(anonymous_1)
FNDA:1,(anonymous_2)
FNDA:1,(anonymous_3)
FNDA:11,(anonymous_4)
FNDA:0,(anonymous_5)
FNDA:0,(anonymous_6)
FNDA:0,(anonymous_7)
FNDA:0,(anonymous_8)
FNDA:0,(anonymous_9)
FNDA:0,(anonymous_10)
FNDA:11,(anonymous_11)
FNDA:1,(anonymous_12)
FNDA:1,(anonymous_13)
FNDA:1,(anonymous_14)
FNDA:1,(anonymous_15)
FNDA:0,(anonymous_16)
FNDA:0,(anonymous_17)
FNDA:1,(anonymous_18)
FNDA:18,(anonymous_19)
FNDA:0,(anonymous_20)
FNDA:0,(anonymous_21)
FNDA:0,(anonymous_22)
DA:28,11
DA:30,11
DA:40,11
DA:41,11
DA:42,11
DA:43,11
DA:44,11
DA:47,11
DA:48,11
DA:49,11
DA:50,11
DA:55,1
DA:59,1
DA:60,1
DA:62,1
DA:63,1
DA:64,1
DA:65,0
DA:69,1
DA:70,1
DA:71,1
DA:73,1
DA:74,1
DA:75,1
DA:76,1
DA:77,1
DA:78,1
DA:79,0
DA:84,1
DA:87,1
DA:100,1
DA:102,1
DA:103,1
DA:104,1
DA:105,1
DA:106,1
DA:107,0
DA:110,1
DA:111,1
DA:112,1
DA:114,1
DA:115,1
DA:116,1
DA:117,1
DA:118,1
DA:120,1
DA:123,1
DA:124,0
DA:137,1
DA:141,11
DA:142,11
DA:143,11
DA:145,0
DA:146,0
DA:147,0
DA:148,0
DA:150,0
DA:151,0
DA:153,0
DA:154,0
DA:156,0
DA:157,0
DA:158,0
DA:160,0
DA:174,11
DA:177,11
DA:182,11
DA:184,11
DA:185,11
DA:186,11
DA:192,11
DA:193,11
DA:195,11
DA:200,1
DA:201,1
DA:203,0
DA:205,1
DA:211,1
DA:212,1
DA:216,1
DA:217,1
DA:221,1
DA:222,1
DA:223,1
DA:224,1
DA:225,0
DA:228,1
DA:229,1
DA:230,0
DA:232,0
DA:234,0
DA:236,0
DA:237,0
DA:241,0
DA:254,1
DA:258,18
DA:259,18
DA:260,17
DA:262,1
DA:263,1
DA:264,1
DA:266,1
DA:288,0
DA:294,0
DA:303,0
DA:322,4
LF:106
LH:79
BRDA:62,0,0,1
BRDA:62,0,1,0
BRDA:64,1,0,0
BRDA:64,1,1,1
BRDA:64,2,0,1
BRDA:64,2,1,1
BRDA:70,3,0,1
BRDA:70,3,1,0
BRDA:74,4,0,1
BRDA:74,4,1,0
BRDA:74,5,0,1
BRDA:74,5,1,1
BRDA:78,6,0,0
BRDA:78,6,1,1
BRDA:104,7,0,1
BRDA:104,7,1,0
BRDA:106,8,0,0
BRDA:106,8,1,1
BRDA:106,9,0,1
BRDA:106,9,1,1
BRDA:111,10,0,1
BRDA:111,10,1,0
BRDA:115,11,0,1
BRDA:115,11,1,0
BRDA:115,12,0,1
BRDA:115,12,1,1
BRDA:123,13,0,0
BRDA:123,13,1,1
BRDA:147,14,0,0
BRDA:147,14,1,0
BRDA:147,15,0,0
BRDA:147,15,1,0
BRDA:200,16,0,1
BRDA:200,16,1,0
BRDA:201,17,0,0
BRDA:201,17,1,1
BRDA:224,18,0,0
BRDA:224,18,1,1
BRDA:229,19,0,0
BRDA:229,19,1,1
BRDA:229,20,0,1
BRDA:229,20,1,1
BRDA:259,21,0,17
BRDA:259,21,1,1
BRDA:259,22,0,18
BRDA:259,22,1,1
BRDA:263,23,0,1
BRDA:263,23,1,0
BRF:48
BRH:29
end_of_record
TN:
SF:src/components/Stranger.js
FN:9,(anonymous_0)
FN:18,(anonymous_1)
FN:22,(anonymous_2)
FN:39,(anonymous_3)
FN:61,(anonymous_4)
FN:74,(anonymous_5)
FN:83,(anonymous_6)
FNF:7
FNH:3
FNDA:4,(anonymous_0)
FNDA:2,(anonymous_1)
FNDA:0,(anonymous_2)
FNDA:0,(anonymous_3)
FNDA:0,(anonymous_4)
FNDA:2,(anonymous_5)
FNDA:0,(anonymous_6)
DA:10,4
DA:12,2
DA:19,2
DA:21,2
DA:24,0
DA:25,0
DA:26,0
DA:29,0
DA:30,0
DA:32,0
DA:33,0
DA:62,0
DA:65,0
DA:67,0
DA:69,0
DA:75,2
DA:76,2
DA:77,2
DA:84,0
DA:109,5
LF:20
LH:8
BRDA:24,0,0,0
BRDA:24,0,1,0
BRDA:62,1,0,0
BRDA:62,1,1,0
BRDA:67,2,0,0
BRDA:67,2,1,0
BRF:6
BRH:0
end_of_record
TN:
SF:src/components/Timer.js
FN:5,Timer
FN:6,(anonymous_1)
FNF:2
FNH:2
FNDA:3,Timer
FNDA:1,(anonymous_1)
DA:6,3
DA:7,1
DA:8,1
DA:10,0
DA:15,3
DA:16,2
DA:24,1
LF:7
LH:6
BRDA:7,0,0,1
BRDA:7,0,1,0
BRDA:7,1,0,1
BRDA:7,1,1,1
BRDA:11,2,0,0
BRDA:11,2,1,0
BRDA:15,3,0,2
BRDA:15,3,1,1
BRDA:28,4,0,0
BRDA:28,4,1,1
BRDA:30,5,0,0
BRDA:30,5,1,1
BRDA:32,6,0,0
BRDA:32,6,1,1
BRF:14
BRH:8
end_of_record
TN:
SF:src/components/TopBanner.js
FN:9,(anonymous_0)
FN:17,(anonymous_1)
FN:19,(anonymous_2)
FN:29,(anonymous_3)
FN:32,(anonymous_4)
FNF:5
FNH:3
FNDA:7,(anonymous_0)
FNDA:4,(anonymous_1)
FNDA:0,(anonymous_2)
FNDA:0,(anonymous_3)
FNDA:4,(anonymous_4)
DA:10,7
DA:12,4
DA:18,4
DA:19,4
DA:21,0
DA:22,0
DA:23,0
DA:24,0
DA:26,0
DA:33,4
DA:34,4
DA:54,5
LF:12
LH:7
BRDA:21,0,0,0
BRDA:21,0,1,0
BRF:2
BRH:0
end_of_record
TN:
SF:src/components/Videocall.js
FN:29,Videocall
FN:56,(anonymous_1)
FN:63,(anonymous_2)
FN:74,(anonymous_3)
FN:91,(anonymous_4)
FN:96,(anonymous_5)
FN:104,(anonymous_6)
FN:107,(anonymous_7)
FN:111,(anonymous_8)
FN:118,(anonymous_9)
FN:126,callPeer
FN:154,(anonymous_11)
FN:162,(anonymous_12)
FN:168,(anonymous_13)
FN:176,(anonymous_14)
FN:185,(anonymous_15)
FN:195,acceptCall
FN:218,(anonymous_17)
FN:222,(anonymous_18)
FN:228,(anonymous_19)
FN:238,(anonymous_20)
FN:244,handleEndCall
FN:253,declineCall
FN:266,handleGoBack
FN:274,deleteTrack
FN:276,(anonymous_25)
FN:279,(anonymous_26)
FN:333,(anonymous_27)
FN:345,(anonymous_28)
FNF:29
FNH:2
FNDA:1,Videocall
FNDA:0,(anonymous_1)
FNDA:0,(anonymous_2)
FNDA:0,(anonymous_3)
FNDA:1,(anonymous_4)
FNDA:0,(anonymous_5)
FNDA:0,(anonymous_6)
FNDA:0,(anonymous_7)
FNDA:0,(anonymous_8)
FNDA:0,(anonymous_9)
FNDA:0,callPeer
FNDA:0,(anonymous_11)
FNDA:0,(anonymous_12)
FNDA:0,(anonymous_13)
FNDA:0,(anonymous_14)
FNDA:0,(anonymous_15)
FNDA:0,acceptCall
FNDA:0,(anonymous_17)
FNDA:0,(anonymous_18)
FNDA:0,(anonymous_19)
FNDA:0,(anonymous_20)
FNDA:0,handleEndCall
FNDA:0,declineCall
FNDA:0,handleGoBack
FNDA:0,deleteTrack
FNDA:0,(anonymous_25)
FNDA:0,(anonymous_26)
FNDA:0,(anonymous_27)
FNDA:0,(anonymous_28)
DA:11,5
DA:18,5
DA:23,5
DA:30,1
DA:31,1
DA:32,1
DA:33,1
DA:34,1
DA:35,1
DA:36,1
DA:37,1
DA:38,1
DA:39,1
DA:40,1
DA:41,1
DA:43,1
DA:44,1
DA:45,1
DA:49,1
DA:50,1
DA:51,1
DA:56,1
DA:57,0
DA:58,0
DA:59,0
DA:60,0
DA:63,1
DA:64,0
DA:65,0
DA:66,0
DA:69,1
DA:70,1
DA:71,1
DA:72,1
DA:74,1
DA:75,0
DA:76,0
DA:77,0
DA:79,0
DA:80,0
DA:81,0
DA:83,0
DA:84,0
DA:85,0
DA:87,0
DA:88,0
DA:91,1
DA:92,1
DA:93,1
DA:94,0
DA:97,0
DA:98,0
DA:99,0
DA:104,1
DA:105,0
DA:107,1
DA:108,0
DA:111,1
DA:112,0
DA:113,0
DA:114,0
DA:115,0
DA:118,1
DA:119,0
DA:120,0
DA:121,0
DA:127,0
DA:128,0
DA:130,0
DA:131,0
DA:132,0
DA:134,0
DA:154,0
DA:155,0
DA:162,0
DA:163,0
DA:164,0
DA:168,0
DA:169,0
DA:170,0
DA:171,0
DA:172,0
DA:173,0
DA:176,0
DA:177,0
DA:178,0
DA:180,0
DA:181,0
DA:185,0
DA:186,0
DA:189,0
DA:190,0
DA:191,0
DA:196,0
DA:197,0
DA:199,0
DA:200,0
DA:202,0
DA:203,0
DA:205,0
DA:206,0
DA:209,0
DA:210,0
DA:211,0
DA:212,0
DA:213,0
DA:218,0
DA:219,0
DA:222,0
DA:223,0
DA:226,0
DA:228,0
DA:229,0
DA:232,0
DA:233,0
DA:234,0
DA:238,1
DA:239,0
DA:240,0
DA:241,0
DA:245,0
DA:246,0
DA:247,0
DA:248,0
DA:249,0
DA:250,0
DA:254,0
DA:256,0
DA:257,0
DA:258,0
DA:260,0
DA:261,0
DA:263,0
DA:267,0
DA:268,0
DA:269,0
DA:270,0
DA:271,0
DA:275,0
DA:276,0
DA:277,0
DA:279,0
DA:280,0
DA:282,0
DA:286,1
DA:287,0
DA:288,0
DA:292,1
DA:293,0
DA:296,1
DA:297,0
DA:298,0
DA:299,0
DA:302,0
DA:315,1
DA:335,0
DA:336,0
DA:338,0
DA:339,0
DA:341,0
DA:342,0
DA:344,0
DA:345,0
LF:163
LH:40
BRDA:75,0,0,0
BRDA:75,0,1,0
BRDA:79,1,0,0
BRDA:79,1,1,0
BRDA:83,2,0,0
BRDA:83,2,1,0
BRDA:93,3,0,0
BRDA:93,3,1,1
BRDA:98,4,0,0
BRDA:98,4,1,0
BRDA:120,5,0,0
BRDA:120,5,1,0
BRDA:127,6,0,0
BRDA:127,6,1,0
BRDA:131,7,0,0
BRDA:131,7,1,0
BRDA:163,8,0,0
BRDA:163,8,1,0
BRDA:177,9,0,0
BRDA:177,9,1,0
BRDA:180,10,0,0
BRDA:180,10,1,0
BRDA:196,11,0,0
BRDA:196,11,1,0
BRDA:199,12,0,0
BRDA:199,12,1,0
BRDA:202,13,0,0
BRDA:202,13,1,0
BRDA:205,14,0,0
BRDA:205,14,1,0
BRDA:257,15,0,0
BRDA:257,15,1,0
BRDA:260,16,0,0
BRDA:260,16,1,0
BRDA:275,17,0,0
BRDA:275,17,1,0
BRDA:286,18,0,0
BRDA:286,18,1,1
BRDA:292,19,0,0
BRDA:292,19,1,1
BRDA:296,20,0,0
BRDA:296,20,1,1
BRDA:298,21,0,0
BRDA:298,21,1,0
BRDA:335,22,0,0
BRDA:335,22,1,0
BRDA:338,23,0,0
BRDA:338,23,1,0
BRDA:341,24,0,0
BRDA:341,24,1,0
BRF:50
BRH:4
end_of_record
TN:
SF:src/components/constants.js
FNF:0
FNH:0
LF:0
LH:0
BRF:0
BRH:0
end_of_record
TN:
SF:src/components/getData.js
FN:4,(anonymous_0)
FN:13,(anonymous_1)
FN:27,(anonymous_2)
FN:37,(anonymous_3)
FN:52,(anonymous_4)
FN:67,(anonymous_5)
FN:82,(anonymous_6)
FN:96,(anonymous_7)
FN:111,(anonymous_8)
FN:122,(anonymous_9)
FN:135,(anonymous_10)
FN:146,(anonymous_11)
FN:159,(anonymous_12)
FN:178,(anonymous_13)
FN:193,(anonymous_14)
FN:211,(anonymous_15)
FN:227,(anonymous_16)
FN:237,(anonymous_17)
FN:242,(anonymous_18)
FN:247,(anonymous_19)
FN:252,(anonymous_20)
FN:257,(anonymous_21)
FN:263,(anonymous_22)
FN:268,(anonymous_23)
FN:273,(anonymous_24)
FN:279,(anonymous_25)
FN:284,(anonymous_26)
FN:289,(anonymous_27)
FN:294,(anonymous_28)
FN:299,(anonymous_29)
FN:308,(anonymous_30)
FN:323,(anonymous_31)
FN:339,(anonymous_32)
FN:350,(anonymous_33)
FN:356,(anonymous_34)
FN:361,(anonymous_35)
FN:371,(anonymous_36)
FN:377,(anonymous_37)
FN:382,(anonymous_38)
FN:393,(anonymous_39)
FN:398,(anonymous_40)
FN:404,(anonymous_41)
FN:409,(anonymous_42)
FNF:43
FNH:27
FNDA:1,(anonymous_0)
FNDA:11,(anonymous_1)
FNDA:1,(anonymous_2)
FNDA:1,(anonymous_3)
FNDA:1,(anonymous_4)
FNDA:1,(anonymous_5)
FNDA:1,(anonymous_6)
FNDA:1,(anonymous_7)
FNDA:1,(anonymous_8)
FNDA:1,(anonymous_9)
FNDA:9,(anonymous_10)
FNDA:1,(anonymous_11)
FNDA:2,(anonymous_12)
FNDA:2,(anonymous_13)
FNDA:1,(anonymous_14)
FNDA:2,(anonymous_15)
FNDA:14,(anonymous_16)
FNDA:1,(anonymous_17)
FNDA:0,(anonymous_18)
FNDA:1,(anonymous_19)
FNDA:0,(anonymous_20)
FNDA:1,(anonymous_21)
FNDA:0,(anonymous_22)
FNDA:0,(anonymous_23)
FNDA:0,(anonymous_24)
FNDA:1,(anonymous_25)
FNDA:0,(anonymous_26)
FNDA:1,(anonymous_27)
FNDA:0,(anonymous_28)
FNDA:1,(anonymous_29)
FNDA:11,(anonymous_30)
FNDA:0,(anonymous_31)
FNDA:22,(anonymous_32)
FNDA:0,(anonymous_33)
FNDA:0,(anonymous_34)
FNDA:0,(anonymous_35)
FNDA:0,(anonymous_36)
FNDA:0,(anonymous_37)
FNDA:1,(anonymous_38)
FNDA:0,(anonymous_39)
FNDA:1,(anonymous_40)
FNDA:0,(anonymous_41)
FNDA:0,(anonymous_42)
DA:2,17
DA:4,17
DA:5,1
DA:6,1
DA:7,0
DA:13,17
DA:14,11
DA:15,11
DA:16,11
DA:17,1
DA:18,1
DA:19,0
DA:24,10
DA:27,17
DA:28,1
DA:29,1
DA:30,1
DA:31,0
DA:37,17
DA:39,1
DA:40,1
DA:41,1
DA:42,1
DA:43,1
DA:45,1
DA:46,0
DA:52,17
DA:53,1
DA:55,1
DA:56,1
DA:57,1
DA:58,1
DA:60,1
DA:61,0
DA:67,17
DA:68,1
DA:70,1
DA:71,1
DA:72,1
DA:73,1
DA:75,1
DA:76,0
DA:82,17
DA:83,1
DA:84,1
DA:86,1
DA:90,0
DA:96,17
DA:97,1
DA:98,1
DA:99,1
DA:100,1
DA:101,1
DA:102,1
DA:104,1
DA:105,0
DA:111,17
DA:112,1
DA:113,1
DA:114,1
DA:115,0
DA:116,0
DA:122,17
DA:123,1
DA:124,1
DA:125,1
DA:126,1
DA:127,1
DA:129,0
DA:135,17
DA:136,9
DA:137,9
DA:138,9
DA:139,9
DA:140,0
DA:146,17
DA:147,1
DA:148,1
DA:149,1
DA:150,1
DA:153,0
DA:159,17
DA:160,2
DA:161,2
DA:162,2
DA:163,2
DA:168,2
DA:172,0
DA:178,17
DA:179,2
DA:180,2
DA:181,2
DA:182,2
DA:184,2
DA:187,0
DA:193,17
DA:194,1
DA:195,1
DA:196,1
DA:201,1
DA:205,0
DA:211,17
DA:212,2
DA:213,2
DA:214,2
DA:219,2
DA:220,2
DA:221,0
DA:227,17
DA:228,14
DA:229,14
DA:230,14
DA:231,0
DA:237,17
DA:238,1
DA:247,17
DA:248,1
DA:257,17
DA:258,1
DA:259,1
DA:268,17
DA:269,0
DA:279,17
DA:280,1
DA:289,17
DA:290,1
DA:299,17
DA:300,1
DA:301,1
DA:302,0
DA:308,17
DA:309,11
DA:310,11
DA:312,11
DA:313,11
DA:317,0
DA:323,17
DA:324,0
DA:325,0
DA:326,0
DA:327,0
DA:329,0
DA:333,0
DA:339,17
DA:340,22
DA:341,22
DA:344,0
DA:350,17
DA:351,0
DA:352,0
DA:361,17
DA:362,0
DA:363,0
DA:366,0
DA:371,17
DA:372,0
DA:373,0
DA:382,17
DA:383,1
DA:384,1
DA:398,17
DA:399,1
DA:400,1
DA:409,17
DA:410,0
DA:411,0
DA:412,0
DA:413,0
DA:414,0
DA:415,0
LF:170
LH:129
BRDA:16,0,0,1
BRDA:16,0,1,0
BRF:2
BRH:1
end_of_record
TN:
SF:src/components/notifications.js
FN:4,(anonymous_0)
FN:25,(anonymous_1)
FN:31,(anonymous_2)
FN:47,(anonymous_3)
FN:52,helper
FNF:5
FNH:2
FNDA:11,(anonymous_0)
FNDA:0,(anonymous_1)
FNDA:0,(anonymous_2)
FNDA:0,(anonymous_3)
FNDA:17,helper
DA:4,7
DA:14,11
DA:15,10
DA:19,1
DA:25,1
DA:27,0
DA:31,1
DA:33,0
DA:34,0
DA:47,1
DA:62,17
DA:63,1
DA:64,1
DA:66,17
DA:67,1
DA:68,1
DA:76,1
DA:77,1
DA:78,1
DA:82,1
DA:84,17
DA:85,1
DA:86,1
DA:87,1
DA:96,1
DA:100,17
DA:101,1
DA:102,1
DA:103,1
DA:111,1
DA:112,0
DA:115,1
DA:117,17
DA:119,1
DA:120,1
DA:121,1
DA:130,1
DA:134,17
DA:138,1
DA:139,1
DA:140,1
DA:148,1
DA:149,0
DA:152,1
DA:154,17
DA:157,1
DA:158,1
DA:159,1
DA:167,1
DA:170,17
DA:172,1
DA:173,1
DA:174,1
DA:175,1
DA:183,1
DA:184,0
DA:187,1
DA:190,17
DA:194,1
DA:195,1
DA:196,1
DA:203,1
DA:207,17
DA:209,8
DA:210,8
DA:211,8
DA:212,8
DA:217,8
DA:218,1
DA:220,8
DA:221,1
DA:223,8
DA:224,1
DA:226,8
DA:227,5
DA:231,8
DA:232,8
DA:237,4
DA:238,1
DA:240,4
DA:241,1
DA:243,4
DA:244,1
DA:246,4
DA:247,1
DA:252,8
LF:86
LH:80
BRDA:14,0,0,10
BRDA:14,0,1,1
BRDA:62,1,0,1
BRDA:62,1,1,16
BRDA:66,2,0,1
BRDA:66,2,1,16
BRDA:76,3,0,1
BRDA:76,3,1,0
BRDA:84,4,0,1
BRDA:84,4,1,16
BRDA:100,5,0,1
BRDA:100,5,1,16
BRDA:111,6,0,0
BRDA:111,6,1,1
BRDA:117,7,0,1
BRDA:117,7,1,16
BRDA:134,8,0,1
BRDA:134,8,1,16
BRDA:148,9,0,0
BRDA:148,9,1,1
BRDA:154,10,0,1
BRDA:154,10,1,16
BRDA:170,11,0,1
BRDA:170,11,1,16
BRDA:172,12,0,1
BRDA:172,12,1,0
BRDA:183,13,0,0
BRDA:183,13,1,1
BRDA:190,14,0,1
BRDA:190,14,1,16
BRDA:207,15,0,8
BRDA:207,15,1,9
BRDA:210,16,0,8
BRDA:210,16,1,0
BRDA:212,17,0,8
BRDA:212,17,1,0
BRDA:213,18,0,8
BRDA:213,18,1,8
BRDA:213,18,2,8
BRDA:217,19,0,1
BRDA:217,19,1,7
BRDA:220,20,0,1
BRDA:220,20,1,7
BRDA:223,21,0,1
BRDA:223,21,1,7
BRDA:226,22,0,5
BRDA:226,22,1,3
BRDA:232,23,0,4
BRDA:232,23,1,4
BRDA:233,24,0,8
BRDA:233,24,1,8
BRDA:233,24,2,8
BRDA:237,25,0,1
BRDA:237,25,1,3
BRDA:240,26,0,1
BRDA:240,26,1,3
BRDA:243,27,0,1
BRDA:243,27,1,3
BRDA:246,28,0,1
BRDA:246,28,1,3
BRF:60
BRH:53
end_of_record
TN:
SF:src/testing/functionalTest.js
FN:11,(anonymous_0)
FN:15,(anonymous_1)
FN:19,(anonymous_2)
FN:30,(anonymous_3)
FN:40,(anonymous_4)
FNF:5
FNH:0
FNDA:0,(anonymous_0)
FNDA:0,(anonymous_1)
FNDA:0,(anonymous_2)
FNDA:0,(anonymous_3)
FNDA:0,(anonymous_4)
DA:2,0
DA:3,0
DA:4,0
DA:5,0
DA:6,0
DA:7,0
DA:11,0
DA:12,0
DA:15,0
DA:16,0
DA:19,0
DA:20,0
DA:21,0
DA:22,0
DA:23,0
DA:24,0
DA:25,0
DA:26,0
DA:27,0
DA:30,0
DA:31,0
DA:32,0
DA:33,0
DA:34,0
DA:35,0
DA:36,0
DA:37,0
DA:40,0
DA:41,0
DA:42,0
DA:43,0
DA:44,0
DA:45,0
DA:46,0
DA:47,0
DA:48,0
DA:49,0
DA:50,0
DA:51,0
DA:52,0
DA:53,0
DA:54,0
DA:55,0
DA:56,0
DA:57,0
LF:45
LH:0
BRF:0
BRH:0
end_of_record
TN:
SF:src/testing/setupTests.js
FNF:0
FNH:0
LF:0
LH:0
BRF:0
BRH:0
end_of_record
