<?xml version="1.0" encoding="UTF-8"?>
<coverage generated="1607980472250" clover="3.2.0">
  <project timestamp="1607980472250" name="All files">
    <metrics statements="402" coveredstatements="298" conditionals="137" coveredconditionals="56" methods="62" coveredmethods="50" elements="601" coveredelements="404" complexity="0" loc="402" ncloc="402" packages="1" files="2" classes="2"/>
    <file name="chatserver.js" path="/Users/jeffreyjin/Documents/GitHub/project-video-and-messaging-web-app-557project-kai-haotian-lihan/server/chatserver.js">
      <metrics statements="305" coveredstatements="291" conditionals="81" coveredconditionals="56" methods="56" coveredmethods="50"/>
      <line num="3" count="1" type="stmt"/>
      <line num="6" count="1" type="stmt"/>
      <line num="9" count="1" type="stmt"/>
      <line num="12" count="1" type="stmt"/>
      <line num="14" count="1" type="stmt"/>
      <line num="16" count="1" type="stmt"/>
      <line num="19" count="1" type="stmt"/>
      <line num="22" count="1" type="stmt"/>
      <line num="24" count="1" type="stmt"/>
      <line num="25" count="1" type="stmt"/>
      <line num="31" count="1" type="cond" truecount="2" falsecount="0"/>
      <line num="34" count="1" type="stmt"/>
      <line num="43" count="1" type="stmt"/>
      <line num="46" count="1" type="stmt"/>
      <line num="50" count="1" type="stmt"/>
      <line num="51" count="0" type="stmt"/>
      <line num="54" count="1" type="stmt"/>
      <line num="55" count="1" type="stmt"/>
      <line num="58" count="1" type="stmt"/>
      <line num="63" count="1" type="stmt"/>
      <line num="66" count="1" type="stmt"/>
      <line num="74" count="1" type="stmt"/>
      <line num="80" count="1" type="stmt"/>
      <line num="86" count="1" type="stmt"/>
      <line num="87" count="0" type="stmt"/>
      <line num="91" count="1" type="stmt"/>
      <line num="92" count="1" type="stmt"/>
      <line num="95" count="1" type="stmt"/>
      <line num="96" count="6" type="stmt"/>
      <line num="97" count="6" type="stmt"/>
      <line num="98" count="6" type="cond" truecount="2" falsecount="0"/>
      <line num="99" count="2" type="stmt"/>
      <line num="100" count="2" type="stmt"/>
      <line num="102" count="4" type="cond" truecount="2" falsecount="0"/>
      <line num="103" count="2" type="stmt"/>
      <line num="104" count="2" type="stmt"/>
      <line num="107" count="2" type="stmt"/>
      <line num="112" count="2" type="stmt"/>
      <line num="113" count="2" type="stmt"/>
      <line num="114" count="2" type="stmt"/>
      <line num="115" count="2" type="stmt"/>
      <line num="117" count="2" type="stmt"/>
      <line num="130" count="2" type="stmt"/>
      <line num="131" count="2" type="cond" truecount="1" falsecount="1"/>
      <line num="132" count="0" type="stmt"/>
      <line num="134" count="2" type="stmt"/>
      <line num="141" count="1" type="stmt"/>
      <line num="144" count="4" type="cond" truecount="2" falsecount="0"/>
      <line num="145" count="2" type="stmt"/>
      <line num="146" count="2" type="stmt"/>
      <line num="148" count="2" type="stmt"/>
      <line num="149" count="2" type="stmt"/>
      <line num="154" count="2" type="stmt"/>
      <line num="163" count="2" type="stmt"/>
      <line num="168" count="2" type="stmt"/>
      <line num="169" count="2" type="cond" truecount="1" falsecount="1"/>
      <line num="173" count="2" type="cond" truecount="1" falsecount="1"/>
      <line num="174" count="0" type="stmt"/>
      <line num="177" count="2" type="stmt"/>
      <line num="178" count="2" type="stmt"/>
      <line num="179" count="2" type="stmt"/>
      <line num="190" count="1" type="stmt"/>
      <line num="191" count="4" type="stmt"/>
      <line num="192" count="4" type="cond" truecount="2" falsecount="0"/>
      <line num="193" count="2" type="stmt"/>
      <line num="194" count="2" type="stmt"/>
      <line num="196" count="2" type="stmt"/>
      <line num="197" count="2" type="cond" truecount="2" falsecount="0"/>
      <line num="198" count="1" type="stmt"/>
      <line num="203" count="2" type="stmt"/>
      <line num="212" count="2" type="stmt"/>
      <line num="213" count="2" type="stmt"/>
      <line num="214" count="2" type="stmt"/>
      <line num="218" count="1" type="stmt"/>
      <line num="219" count="2" type="stmt"/>
      <line num="220" count="2" type="stmt"/>
      <line num="226" count="1" type="stmt"/>
      <line num="228" count="1" type="stmt"/>
      <line num="229" count="2" type="stmt"/>
      <line num="230" count="2" type="stmt"/>
      <line num="233" count="2" type="stmt"/>
      <line num="235" count="2" type="stmt"/>
      <line num="248" count="2" type="stmt"/>
      <line num="255" count="2" type="stmt"/>
      <line num="256" count="2" type="cond" truecount="1" falsecount="1"/>
      <line num="257" count="0" type="stmt"/>
      <line num="258" count="0" type="stmt"/>
      <line num="264" count="2" type="stmt"/>
      <line num="273" count="2" type="stmt"/>
      <line num="274" count="2" type="stmt"/>
      <line num="280" count="1" type="stmt"/>
      <line num="282" count="1" type="stmt"/>
      <line num="283" count="2" type="stmt"/>
      <line num="284" count="2" type="stmt"/>
      <line num="285" count="2" type="stmt"/>
      <line num="286" count="2" type="stmt"/>
      <line num="300" count="2" type="stmt"/>
      <line num="302" count="2" type="stmt"/>
      <line num="315" count="2" type="stmt"/>
      <line num="322" count="2" type="stmt"/>
      <line num="323" count="2" type="cond" truecount="1" falsecount="1"/>
      <line num="331" count="2" type="stmt"/>
      <line num="343" count="2" type="stmt"/>
      <line num="344" count="2" type="stmt"/>
      <line num="350" count="1" type="stmt"/>
      <line num="351" count="1" type="stmt"/>
      <line num="352" count="2" type="stmt"/>
      <line num="353" count="2" type="stmt"/>
      <line num="365" count="2" type="stmt"/>
      <line num="367" count="2" type="stmt"/>
      <line num="380" count="2" type="stmt"/>
      <line num="387" count="2" type="stmt"/>
      <line num="388" count="2" type="cond" truecount="1" falsecount="1"/>
      <line num="396" count="2" type="stmt"/>
      <line num="406" count="2" type="stmt"/>
      <line num="407" count="2" type="stmt"/>
      <line num="413" count="1" type="stmt"/>
      <line num="414" count="4" type="stmt"/>
      <line num="415" count="4" type="cond" truecount="5" falsecount="0"/>
      <line num="416" count="2" type="stmt"/>
      <line num="417" count="2" type="stmt"/>
      <line num="426" count="2" type="stmt"/>
      <line num="429" count="2" type="stmt"/>
      <line num="442" count="2" type="stmt"/>
      <line num="449" count="2" type="stmt"/>
      <line num="450" count="2" type="cond" truecount="1" falsecount="1"/>
      <line num="459" count="2" type="stmt"/>
      <line num="469" count="2" type="stmt"/>
      <line num="470" count="2" type="stmt"/>
      <line num="480" count="1" type="stmt"/>
      <line num="481" count="4" type="stmt"/>
      <line num="482" count="4" type="stmt"/>
      <line num="484" count="4" type="stmt"/>
      <line num="486" count="4" type="cond" truecount="4" falsecount="0"/>
      <line num="487" count="2" type="stmt"/>
      <line num="488" count="2" type="stmt"/>
      <line num="497" count="2" type="stmt"/>
      <line num="498" count="2" type="stmt"/>
      <line num="499" count="2" type="stmt"/>
      <line num="500" count="2" type="cond" truecount="1" falsecount="1"/>
      <line num="504" count="2" type="stmt"/>
      <line num="512" count="1" type="stmt"/>
      <line num="513" count="1" type="stmt"/>
      <line num="514" count="2" type="stmt"/>
      <line num="515" count="2" type="stmt"/>
      <line num="516" count="2" type="stmt"/>
      <line num="517" count="2" type="stmt"/>
      <line num="521" count="2" type="stmt"/>
      <line num="522" count="2" type="stmt"/>
      <line num="523" count="2" type="stmt"/>
      <line num="526" count="2" type="stmt"/>
      <line num="533" count="2" type="stmt"/>
      <line num="534" count="2" type="stmt"/>
      <line num="535" count="2" type="cond" truecount="1" falsecount="1"/>
      <line num="541" count="2" type="stmt"/>
      <line num="550" count="1" type="stmt"/>
      <line num="551" count="2" type="stmt"/>
      <line num="552" count="2" type="stmt"/>
      <line num="553" count="2" type="stmt"/>
      <line num="555" count="2" type="stmt"/>
      <line num="562" count="2" type="stmt"/>
      <line num="563" count="2" type="cond" truecount="1" falsecount="1"/>
      <line num="567" count="2" type="stmt"/>
      <line num="576" count="1" type="stmt"/>
      <line num="577" count="2" type="stmt"/>
      <line num="578" count="2" type="stmt"/>
      <line num="579" count="2" type="stmt"/>
      <line num="581" count="2" type="stmt"/>
      <line num="592" count="2" type="stmt"/>
      <line num="593" count="2" type="cond" truecount="1" falsecount="1"/>
      <line num="595" count="2" type="stmt"/>
      <line num="598" count="0" type="stmt"/>
      <line num="607" count="1" type="stmt"/>
      <line num="608" count="0" type="stmt"/>
      <line num="609" count="0" type="stmt"/>
      <line num="610" count="0" type="stmt"/>
      <line num="611" count="0" type="cond" truecount="0" falsecount="2"/>
      <line num="615" count="0" type="stmt"/>
      <line num="624" count="1" type="stmt"/>
      <line num="625" count="2" type="stmt"/>
      <line num="626" count="2" type="stmt"/>
      <line num="639" count="2" type="stmt"/>
      <line num="641" count="2" type="stmt"/>
      <line num="642" count="2" type="cond" truecount="1" falsecount="1"/>
      <line num="646" count="2" type="stmt"/>
      <line num="647" count="2" type="stmt"/>
      <line num="656" count="1" type="stmt"/>
      <line num="657" count="2" type="stmt"/>
      <line num="658" count="2" type="stmt"/>
      <line num="670" count="2" type="stmt"/>
      <line num="672" count="2" type="stmt"/>
      <line num="673" count="2" type="cond" truecount="1" falsecount="1"/>
      <line num="677" count="2" type="stmt"/>
      <line num="678" count="2" type="stmt"/>
      <line num="687" count="1" type="stmt"/>
      <line num="688" count="2" type="stmt"/>
      <line num="689" count="2" type="stmt"/>
      <line num="690" count="2" type="stmt"/>
      <line num="694" count="2" type="stmt"/>
      <line num="696" count="2" type="stmt"/>
      <line num="697" count="2" type="cond" truecount="1" falsecount="1"/>
      <line num="698" count="0" type="stmt"/>
      <line num="701" count="2" type="stmt"/>
      <line num="710" count="1" type="stmt"/>
      <line num="711" count="2" type="stmt"/>
      <line num="712" count="2" type="stmt"/>
      <line num="713" count="2" type="stmt"/>
      <line num="714" count="2" type="stmt"/>
      <line num="715" count="2" type="stmt"/>
      <line num="717" count="2" type="stmt"/>
      <line num="719" count="2" type="stmt"/>
      <line num="729" count="2" type="stmt"/>
      <line num="730" count="2" type="cond" truecount="1" falsecount="1"/>
      <line num="735" count="2" type="stmt"/>
      <line num="744" count="1" type="stmt"/>
      <line num="745" count="2" type="stmt"/>
      <line num="746" count="2" type="stmt"/>
      <line num="747" count="2" type="stmt"/>
      <line num="749" count="2" type="stmt"/>
      <line num="751" count="2" type="stmt"/>
      <line num="752" count="2" type="cond" truecount="1" falsecount="1"/>
      <line num="757" count="2" type="stmt"/>
      <line num="762" count="1" type="stmt"/>
      <line num="763" count="2" type="stmt"/>
      <line num="764" count="2" type="stmt"/>
      <line num="765" count="2" type="stmt"/>
      <line num="766" count="2" type="stmt"/>
      <line num="767" count="2" type="stmt"/>
      <line num="768" count="2" type="stmt"/>
      <line num="770" count="2" type="stmt"/>
      <line num="771" count="2" type="cond" truecount="1" falsecount="1"/>
      <line num="776" count="2" type="stmt"/>
      <line num="782" count="1" type="stmt"/>
      <line num="783" count="4" type="stmt"/>
      <line num="784" count="4" type="stmt"/>
      <line num="785" count="4" type="stmt"/>
      <line num="787" count="4" type="stmt"/>
      <line num="788" count="4" type="stmt"/>
      <line num="789" count="4" type="cond" truecount="1" falsecount="1"/>
      <line num="793" count="4" type="cond" truecount="2" falsecount="0"/>
      <line num="794" count="2" type="stmt"/>
      <line num="796" count="2" type="stmt"/>
      <line num="805" count="1" type="stmt"/>
      <line num="806" count="2" type="stmt"/>
      <line num="811" count="2" type="stmt"/>
      <line num="813" count="2" type="stmt"/>
      <line num="815" count="2" type="stmt"/>
      <line num="816" count="2" type="cond" truecount="1" falsecount="1"/>
      <line num="819" count="2" type="stmt"/>
      <line num="820" count="2" type="stmt"/>
      <line num="828" count="1" type="stmt"/>
      <line num="829" count="2" type="stmt"/>
      <line num="833" count="2" type="stmt"/>
      <line num="837" count="2" type="stmt"/>
      <line num="838" count="2" type="cond" truecount="1" falsecount="1"/>
      <line num="841" count="2" type="stmt"/>
      <line num="842" count="2" type="stmt"/>
      <line num="850" count="1" type="stmt"/>
      <line num="851" count="2" type="stmt"/>
      <line num="854" count="2" type="stmt"/>
      <line num="858" count="2" type="stmt"/>
      <line num="859" count="2" type="cond" truecount="1" falsecount="1"/>
      <line num="862" count="2" type="stmt"/>
      <line num="863" count="2" type="stmt"/>
      <line num="872" count="1" type="stmt"/>
      <line num="873" count="4" type="stmt"/>
      <line num="874" count="4" type="stmt"/>
      <line num="875" count="4" type="stmt"/>
      <line num="876" count="4" type="cond" truecount="4" falsecount="0"/>
      <line num="877" count="2" type="stmt"/>
      <line num="878" count="2" type="stmt"/>
      <line num="880" count="2" type="stmt"/>
      <line num="884" count="2" type="stmt"/>
      <line num="885" count="2" type="stmt"/>
      <line num="892" count="1" type="stmt"/>
      <line num="896" count="4" type="cond" truecount="2" falsecount="0"/>
      <line num="897" count="2" type="stmt"/>
      <line num="898" count="2" type="stmt"/>
      <line num="900" count="2" type="stmt"/>
      <line num="904" count="2" type="stmt"/>
      <line num="905" count="2" type="stmt"/>
      <line num="911" count="1" type="stmt"/>
      <line num="912" count="4" type="stmt"/>
      <line num="913" count="4" type="cond" truecount="4" falsecount="0"/>
      <line num="914" count="2" type="stmt"/>
      <line num="915" count="2" type="stmt"/>
      <line num="917" count="2" type="stmt"/>
      <line num="918" count="2" type="stmt"/>
      <line num="920" count="2" type="stmt"/>
      <line num="923" count="2" type="stmt"/>
      <line num="924" count="2" type="cond" truecount="1" falsecount="1"/>
      <line num="927" count="2" type="stmt"/>
      <line num="928" count="2" type="stmt"/>
      <line num="936" count="1" type="stmt"/>
      <line num="937" count="2" type="stmt"/>
      <line num="938" count="2" type="stmt"/>
      <line num="939" count="2" type="stmt"/>
      <line num="941" count="2" type="stmt"/>
      <line num="943" count="2" type="stmt"/>
      <line num="944" count="2" type="cond" truecount="1" falsecount="1"/>
      <line num="948" count="2" type="stmt"/>
      <line num="949" count="2" type="stmt"/>
      <line num="955" count="1" type="stmt"/>
      <line num="956" count="0" type="stmt"/>
      <line num="959" count="1" type="stmt"/>
    </file>
    <file name="wsserver.js" path="/Users/jeffreyjin/Documents/GitHub/project-video-and-messaging-web-app-557project-kai-haotian-lihan/server/wsserver.js">
      <metrics statements="97" coveredstatements="7" conditionals="56" coveredconditionals="0" methods="6" coveredmethods="0"/>
      <line num="1" count="1" type="stmt"/>
      <line num="3" count="1" type="stmt"/>
      <line num="6" count="1" type="stmt"/>
      <line num="9" count="1" type="stmt"/>
      <line num="10" count="1" type="stmt"/>
      <line num="13" count="1" type="stmt"/>
      <line num="14" count="0" type="stmt"/>
      <line num="15" count="0" type="stmt"/>
      <line num="18" count="0" type="cond" truecount="0" falsecount="2"/>
      <line num="19" count="0" type="stmt"/>
      <line num="21" count="0" type="cond" truecount="0" falsecount="2"/>
      <line num="23" count="0" type="stmt"/>
      <line num="26" count="0" type="stmt"/>
      <line num="27" count="0" type="cond" truecount="0" falsecount="2"/>
      <line num="28" count="0" type="stmt"/>
      <line num="29" count="0" type="stmt"/>
      <line num="31" count="0" type="stmt"/>
      <line num="33" count="0" type="cond" truecount="0" falsecount="2"/>
      <line num="35" count="0" type="stmt"/>
      <line num="40" count="0" type="stmt"/>
      <line num="42" count="0" type="cond" truecount="0" falsecount="2"/>
      <line num="44" count="0" type="stmt"/>
      <line num="45" count="0" type="cond" truecount="0" falsecount="2"/>
      <line num="46" count="0" type="stmt"/>
      <line num="51" count="0" type="cond" truecount="0" falsecount="2"/>
      <line num="52" count="0" type="stmt"/>
      <line num="54" count="0" type="cond" truecount="0" falsecount="2"/>
      <line num="58" count="0" type="stmt"/>
      <line num="65" count="0" type="stmt"/>
      <line num="67" count="0" type="stmt"/>
      <line num="74" count="0" type="stmt"/>
      <line num="76" count="0" type="cond" truecount="0" falsecount="2"/>
      <line num="78" count="0" type="stmt"/>
      <line num="79" count="0" type="stmt"/>
      <line num="86" count="0" type="stmt"/>
      <line num="90" count="0" type="cond" truecount="0" falsecount="2"/>
      <line num="92" count="0" type="stmt"/>
      <line num="93" count="0" type="stmt"/>
      <line num="94" count="0" type="stmt"/>
      <line num="95" count="0" type="stmt"/>
      <line num="99" count="0" type="cond" truecount="0" falsecount="2"/>
      <line num="101" count="0" type="stmt"/>
      <line num="102" count="0" type="stmt"/>
      <line num="103" count="0" type="stmt"/>
      <line num="104" count="0" type="stmt"/>
      <line num="105" count="0" type="stmt"/>
      <line num="106" count="0" type="stmt"/>
      <line num="107" count="0" type="stmt"/>
      <line num="111" count="0" type="cond" truecount="0" falsecount="2"/>
      <line num="113" count="0" type="stmt"/>
      <line num="114" count="0" type="stmt"/>
      <line num="115" count="0" type="stmt"/>
      <line num="116" count="0" type="stmt"/>
      <line num="117" count="0" type="stmt"/>
      <line num="118" count="0" type="stmt"/>
      <line num="119" count="0" type="stmt"/>
      <line num="123" count="0" type="cond" truecount="0" falsecount="2"/>
      <line num="124" count="0" type="stmt"/>
      <line num="129" count="0" type="cond" truecount="0" falsecount="2"/>
      <line num="130" count="0" type="stmt"/>
      <line num="135" count="0" type="cond" truecount="0" falsecount="2"/>
      <line num="139" count="0" type="stmt"/>
      <line num="146" count="0" type="stmt"/>
      <line num="148" count="0" type="stmt"/>
      <line num="155" count="0" type="stmt"/>
      <line num="158" count="0" type="cond" truecount="0" falsecount="2"/>
      <line num="159" count="0" type="stmt"/>
      <line num="160" count="0" type="stmt"/>
      <line num="167" count="0" type="stmt"/>
      <line num="172" count="0" type="cond" truecount="0" falsecount="2"/>
      <line num="173" count="0" type="stmt"/>
      <line num="178" count="0" type="cond" truecount="0" falsecount="2"/>
      <line num="179" count="0" type="stmt"/>
      <line num="182" count="0" type="cond" truecount="0" falsecount="2"/>
      <line num="186" count="0" type="stmt"/>
      <line num="194" count="0" type="stmt"/>
      <line num="196" count="0" type="stmt"/>
      <line num="204" count="0" type="stmt"/>
      <line num="207" count="0" type="cond" truecount="0" falsecount="2"/>
      <line num="208" count="0" type="stmt"/>
      <line num="209" count="0" type="stmt"/>
      <line num="216" count="0" type="stmt"/>
      <line num="222" count="0" type="cond" truecount="0" falsecount="2"/>
      <line num="223" count="0" type="cond" truecount="0" falsecount="2"/>
      <line num="224" count="0" type="stmt"/>
      <line num="225" count="0" type="cond" truecount="0" falsecount="2"/>
      <line num="229" count="0" type="stmt"/>
      <line num="236" count="0" type="stmt"/>
      <line num="238" count="0" type="stmt"/>
      <line num="245" count="0" type="stmt"/>
      <line num="248" count="0" type="cond" truecount="0" falsecount="2"/>
      <line num="249" count="0" type="stmt"/>
      <line num="250" count="0" type="stmt"/>
      <line num="258" count="0" type="stmt"/>
      <line num="265" count="0" type="stmt"/>
      <line num="266" count="0" type="stmt"/>
      <line num="269" count="1" type="stmt"/>
    </file>
  </project>
</coverage>
