{"/Users/jeffreyjin/Documents/GitHub/project-video-and-messaging-web-app-557project-kai-haotian-lihan/server/chatserver.js": {"path":"/Users/jeffreyjin/Documents/GitHub/project-video-and-messaging-web-app-557project-kai-haotian-lihan/server/chatserver.js","statementMap":{"0":{"start":{"line":3,"column":14},"end":{"line":3,"column":30}},"1":{"start":{"line":6,"column":16},"end":{"line":6,"column":34}},"2":{"start":{"line":9,"column":13},"end":{"line":9,"column":28}},"3":{"start":{"line":12,"column":12},"end":{"line":12,"column":35}},"4":{"start":{"line":14,"column":15},"end":{"line":14,"column":32}},"5":{"start":{"line":16,"column":15},"end":{"line":16,"column":24}},"6":{"start":{"line":19,"column":18},"end":{"line":19,"column":31}},"7":{"start":{"line":22,"column":0},"end":{"line":22,"column":19}},"8":{"start":{"line":24,"column":19},"end":{"line":24,"column":41}},"9":{"start":{"line":25,"column":0},"end":{"line":29,"column":2}},"10":{"start":{"line":31,"column":13},"end":{"line":31,"column":37}},"11":{"start":{"line":34,"column":20},"end":{"line":40,"column":1}},"12":{"start":{"line":43,"column":12},"end":{"line":43,"column":34}},"13":{"start":{"line":46,"column":19},"end":{"line":48,"column":2}},"14":{"start":{"line":50,"column":0},"end":{"line":52,"column":2}},"15":{"start":{"line":51,"column":2},"end":{"line":51,"column":35}},"16":{"start":{"line":54,"column":0},"end":{"line":56,"column":2}},"17":{"start":{"line":55,"column":2},"end":{"line":55,"column":43}},"18":{"start":{"line":58,"column":0},"end":{"line":60,"column":2}},"19":{"start":{"line":63,"column":14},"end":{"line":63,"column":23}},"20":{"start":{"line":66,"column":21},"end":{"line":72,"column":2}},"21":{"start":{"line":74,"column":0},"end":{"line":78,"column":2}},"22":{"start":{"line":80,"column":0},"end":{"line":83,"column":2}},"23":{"start":{"line":86,"column":17},"end":{"line":88,"column":2}},"24":{"start":{"line":87,"column":2},"end":{"line":87,"column":48}},"25":{"start":{"line":91,"column":0},"end":{"line":93,"column":3}},"26":{"start":{"line":92,"column":2},"end":{"line":92,"column":51}},"27":{"start":{"line":95,"column":0},"end":{"line":137,"column":3}},"28":{"start":{"line":96,"column":2},"end":{"line":96,"column":31}},"29":{"start":{"line":97,"column":2},"end":{"line":97,"column":24}},"30":{"start":{"line":98,"column":2},"end":{"line":101,"column":3}},"31":{"start":{"line":99,"column":4},"end":{"line":99,"column":24}},"32":{"start":{"line":100,"column":4},"end":{"line":100,"column":44}},"33":{"start":{"line":102,"column":2},"end":{"line":105,"column":3}},"34":{"start":{"line":103,"column":4},"end":{"line":103,"column":24}},"35":{"start":{"line":104,"column":4},"end":{"line":104,"column":44}},"36":{"start":{"line":107,"column":18},"end":{"line":110,"column":3}},"37":{"start":{"line":112,"column":18},"end":{"line":112,"column":73}},"38":{"start":{"line":113,"column":18},"end":{"line":113,"column":24}},"39":{"start":{"line":114,"column":25},"end":{"line":114,"column":30}},"40":{"start":{"line":115,"column":29},"end":{"line":115,"column":35}},"41":{"start":{"line":117,"column":4},"end":{"line":129,"column":9}},"42":{"start":{"line":130,"column":2},"end":{"line":136,"column":5}},"43":{"start":{"line":131,"column":4},"end":{"line":135,"column":5}},"44":{"start":{"line":132,"column":6},"end":{"line":132,"column":26}},"45":{"start":{"line":134,"column":4},"end":{"line":134,"column":21}},"46":{"start":{"line":141,"column":0},"end":{"line":188,"column":3}},"47":{"start":{"line":144,"column":2},"end":{"line":147,"column":3}},"48":{"start":{"line":145,"column":4},"end":{"line":145,"column":56}},"49":{"start":{"line":146,"column":4},"end":{"line":146,"column":11}},"50":{"start":{"line":148,"column":19},"end":{"line":148,"column":36}},"51":{"start":{"line":149,"column":19},"end":{"line":149,"column":36}},"52":{"start":{"line":154,"column":2},"end":{"line":160,"column":4}},"53":{"start":{"line":163,"column":4},"end":{"line":167,"column":9}},"54":{"start":{"line":168,"column":2},"end":{"line":182,"column":5}},"55":{"start":{"line":169,"column":4},"end":{"line":181,"column":5}},"56":{"start":{"line":173,"column":6},"end":{"line":180,"column":7}},"57":{"start":{"line":174,"column":8},"end":{"line":174,"column":28}},"58":{"start":{"line":177,"column":20},"end":{"line":177,"column":56}},"59":{"start":{"line":178,"column":8},"end":{"line":178,"column":45}},"60":{"start":{"line":179,"column":8},"end":{"line":179,"column":25}},"61":{"start":{"line":190,"column":0},"end":{"line":215,"column":3}},"62":{"start":{"line":191,"column":2},"end":{"line":191,"column":31}},"63":{"start":{"line":192,"column":2},"end":{"line":195,"column":3}},"64":{"start":{"line":193,"column":4},"end":{"line":193,"column":56}},"65":{"start":{"line":194,"column":4},"end":{"line":194,"column":11}},"66":{"start":{"line":196,"column":19},"end":{"line":196,"column":36}},"67":{"start":{"line":197,"column":2},"end":{"line":199,"column":3}},"68":{"start":{"line":198,"column":4},"end":{"line":198,"column":24}},"69":{"start":{"line":203,"column":2},"end":{"line":209,"column":4}},"70":{"start":{"line":212,"column":14},"end":{"line":212,"column":50}},"71":{"start":{"line":213,"column":2},"end":{"line":213,"column":39}},"72":{"start":{"line":214,"column":2},"end":{"line":214,"column":49}},"73":{"start":{"line":218,"column":0},"end":{"line":223,"column":3}},"74":{"start":{"line":219,"column":2},"end":{"line":219,"column":32}},"75":{"start":{"line":220,"column":2},"end":{"line":222,"column":5}},"76":{"start":{"line":226,"column":16},"end":{"line":226,"column":67}},"77":{"start":{"line":228,"column":0},"end":{"line":277,"column":3}},"78":{"start":{"line":229,"column":2},"end":{"line":229,"column":34}},"79":{"start":{"line":230,"column":2},"end":{"line":230,"column":24}},"80":{"start":{"line":233,"column":18},"end":{"line":233,"column":73}},"81":{"start":{"line":235,"column":4},"end":{"line":245,"column":9}},"82":{"start":{"line":248,"column":4},"end":{"line":254,"column":23}},"83":{"start":{"line":255,"column":2},"end":{"line":262,"column":5}},"84":{"start":{"line":256,"column":4},"end":{"line":261,"column":5}},"85":{"start":{"line":257,"column":6},"end":{"line":257,"column":26}},"86":{"start":{"line":258,"column":6},"end":{"line":258,"column":32}},"87":{"start":{"line":264,"column":14},"end":{"line":272,"column":3}},"88":{"start":{"line":273,"column":2},"end":{"line":273,"column":39}},"89":{"start":{"line":274,"column":2},"end":{"line":276,"column":5}},"90":{"start":{"line":280,"column":15},"end":{"line":280,"column":23}},"91":{"start":{"line":282,"column":0},"end":{"line":347,"column":3}},"92":{"start":{"line":283,"column":2},"end":{"line":283,"column":34}},"93":{"start":{"line":284,"column":2},"end":{"line":284,"column":24}},"94":{"start":{"line":285,"column":2},"end":{"line":285,"column":27}},"95":{"start":{"line":286,"column":2},"end":{"line":286,"column":29}},"96":{"start":{"line":300,"column":18},"end":{"line":300,"column":73}},"97":{"start":{"line":302,"column":4},"end":{"line":312,"column":9}},"98":{"start":{"line":315,"column":4},"end":{"line":321,"column":23}},"99":{"start":{"line":322,"column":2},"end":{"line":328,"column":5}},"100":{"start":{"line":323,"column":4},"end":{"line":327,"column":5}},"101":{"start":{"line":331,"column":14},"end":{"line":339,"column":3}},"102":{"start":{"line":343,"column":2},"end":{"line":343,"column":39}},"103":{"start":{"line":344,"column":2},"end":{"line":346,"column":5}},"104":{"start":{"line":350,"column":16},"end":{"line":350,"column":67}},"105":{"start":{"line":351,"column":0},"end":{"line":410,"column":3}},"106":{"start":{"line":352,"column":2},"end":{"line":352,"column":34}},"107":{"start":{"line":353,"column":2},"end":{"line":353,"column":24}},"108":{"start":{"line":365,"column":18},"end":{"line":365,"column":73}},"109":{"start":{"line":367,"column":4},"end":{"line":377,"column":9}},"110":{"start":{"line":380,"column":4},"end":{"line":386,"column":23}},"111":{"start":{"line":387,"column":2},"end":{"line":393,"column":5}},"112":{"start":{"line":388,"column":4},"end":{"line":392,"column":5}},"113":{"start":{"line":396,"column":14},"end":{"line":404,"column":3}},"114":{"start":{"line":406,"column":2},"end":{"line":406,"column":39}},"115":{"start":{"line":407,"column":2},"end":{"line":409,"column":5}},"116":{"start":{"line":413,"column":0},"end":{"line":473,"column":3}},"117":{"start":{"line":414,"column":2},"end":{"line":414,"column":36}},"118":{"start":{"line":415,"column":2},"end":{"line":418,"column":3}},"119":{"start":{"line":416,"column":4},"end":{"line":416,"column":69}},"120":{"start":{"line":417,"column":4},"end":{"line":417,"column":11}},"121":{"start":{"line":426,"column":18},"end":{"line":426,"column":73}},"122":{"start":{"line":429,"column":4},"end":{"line":439,"column":9}},"123":{"start":{"line":442,"column":4},"end":{"line":448,"column":23}},"124":{"start":{"line":449,"column":2},"end":{"line":455,"column":5}},"125":{"start":{"line":450,"column":4},"end":{"line":454,"column":5}},"126":{"start":{"line":459,"column":14},"end":{"line":467,"column":3}},"127":{"start":{"line":469,"column":2},"end":{"line":469,"column":39}},"128":{"start":{"line":470,"column":2},"end":{"line":472,"column":5}},"129":{"start":{"line":480,"column":0},"end":{"line":507,"column":3}},"130":{"start":{"line":481,"column":18},"end":{"line":481,"column":45}},"131":{"start":{"line":482,"column":2},"end":{"line":482,"column":23}},"132":{"start":{"line":484,"column":2},"end":{"line":484,"column":33}},"133":{"start":{"line":486,"column":2},"end":{"line":489,"column":3}},"134":{"start":{"line":487,"column":4},"end":{"line":487,"column":69}},"135":{"start":{"line":488,"column":4},"end":{"line":488,"column":11}},"136":{"start":{"line":497,"column":18},"end":{"line":497,"column":73}},"137":{"start":{"line":498,"column":14},"end":{"line":498,"column":174}},"138":{"start":{"line":499,"column":2},"end":{"line":506,"column":5}},"139":{"start":{"line":500,"column":4},"end":{"line":505,"column":5}},"140":{"start":{"line":504,"column":6},"end":{"line":504,"column":23}},"141":{"start":{"line":512,"column":16},"end":{"line":512,"column":67}},"142":{"start":{"line":513,"column":0},"end":{"line":544,"column":3}},"143":{"start":{"line":514,"column":2},"end":{"line":514,"column":39}},"144":{"start":{"line":515,"column":2},"end":{"line":515,"column":29}},"145":{"start":{"line":516,"column":2},"end":{"line":516,"column":24}},"146":{"start":{"line":517,"column":2},"end":{"line":517,"column":38}},"147":{"start":{"line":521,"column":18},"end":{"line":521,"column":28}},"148":{"start":{"line":522,"column":2},"end":{"line":522,"column":43}},"149":{"start":{"line":523,"column":18},"end":{"line":523,"column":39}},"150":{"start":{"line":526,"column":4},"end":{"line":532,"column":9}},"151":{"start":{"line":533,"column":2},"end":{"line":533,"column":27}},"152":{"start":{"line":534,"column":2},"end":{"line":540,"column":5}},"153":{"start":{"line":535,"column":4},"end":{"line":539,"column":5}},"154":{"start":{"line":541,"column":2},"end":{"line":543,"column":5}},"155":{"start":{"line":550,"column":0},"end":{"line":570,"column":3}},"156":{"start":{"line":551,"column":2},"end":{"line":551,"column":27}},"157":{"start":{"line":552,"column":19},"end":{"line":552,"column":38}},"158":{"start":{"line":553,"column":2},"end":{"line":553,"column":24}},"159":{"start":{"line":555,"column":14},"end":{"line":560,"column":29}},"160":{"start":{"line":562,"column":2},"end":{"line":569,"column":5}},"161":{"start":{"line":563,"column":4},"end":{"line":568,"column":5}},"162":{"start":{"line":567,"column":6},"end":{"line":567,"column":23}},"163":{"start":{"line":576,"column":0},"end":{"line":601,"column":3}},"164":{"start":{"line":577,"column":2},"end":{"line":577,"column":28}},"165":{"start":{"line":578,"column":19},"end":{"line":578,"column":38}},"166":{"start":{"line":579,"column":2},"end":{"line":579,"column":24}},"167":{"start":{"line":581,"column":14},"end":{"line":590,"column":53}},"168":{"start":{"line":592,"column":2},"end":{"line":600,"column":5}},"169":{"start":{"line":593,"column":4},"end":{"line":599,"column":5}},"170":{"start":{"line":595,"column":6},"end":{"line":595,"column":20}},"171":{"start":{"line":598,"column":6},"end":{"line":598,"column":23}},"172":{"start":{"line":607,"column":0},"end":{"line":618,"column":3}},"173":{"start":{"line":608,"column":2},"end":{"line":608,"column":30}},"174":{"start":{"line":609,"column":14},"end":{"line":609,"column":30}},"175":{"start":{"line":610,"column":2},"end":{"line":617,"column":5}},"176":{"start":{"line":611,"column":4},"end":{"line":616,"column":5}},"177":{"start":{"line":615,"column":6},"end":{"line":615,"column":23}},"178":{"start":{"line":624,"column":0},"end":{"line":650,"column":3}},"179":{"start":{"line":625,"column":2},"end":{"line":625,"column":42}},"180":{"start":{"line":626,"column":23},"end":{"line":626,"column":42}},"181":{"start":{"line":639,"column":14},"end":{"line":639,"column":121}},"182":{"start":{"line":641,"column":2},"end":{"line":649,"column":5}},"183":{"start":{"line":642,"column":4},"end":{"line":648,"column":5}},"184":{"start":{"line":646,"column":6},"end":{"line":646,"column":43}},"185":{"start":{"line":647,"column":6},"end":{"line":647,"column":23}},"186":{"start":{"line":656,"column":0},"end":{"line":681,"column":3}},"187":{"start":{"line":657,"column":2},"end":{"line":657,"column":44}},"188":{"start":{"line":658,"column":23},"end":{"line":658,"column":42}},"189":{"start":{"line":670,"column":14},"end":{"line":670,"column":87}},"190":{"start":{"line":672,"column":2},"end":{"line":680,"column":5}},"191":{"start":{"line":673,"column":4},"end":{"line":679,"column":5}},"192":{"start":{"line":677,"column":6},"end":{"line":677,"column":45}},"193":{"start":{"line":678,"column":6},"end":{"line":678,"column":23}},"194":{"start":{"line":687,"column":0},"end":{"line":704,"column":3}},"195":{"start":{"line":688,"column":2},"end":{"line":688,"column":44}},"196":{"start":{"line":689,"column":23},"end":{"line":689,"column":40}},"197":{"start":{"line":690,"column":21},"end":{"line":690,"column":36}},"198":{"start":{"line":694,"column":14},"end":{"line":694,"column":95}},"199":{"start":{"line":696,"column":2},"end":{"line":703,"column":5}},"200":{"start":{"line":697,"column":4},"end":{"line":702,"column":5}},"201":{"start":{"line":698,"column":6},"end":{"line":698,"column":21}},"202":{"start":{"line":701,"column":6},"end":{"line":701,"column":23}},"203":{"start":{"line":710,"column":0},"end":{"line":738,"column":3}},"204":{"start":{"line":711,"column":2},"end":{"line":711,"column":41}},"205":{"start":{"line":712,"column":23},"end":{"line":712,"column":42}},"206":{"start":{"line":713,"column":21},"end":{"line":713,"column":38}},"207":{"start":{"line":714,"column":2},"end":{"line":714,"column":28}},"208":{"start":{"line":715,"column":2},"end":{"line":715,"column":26}},"209":{"start":{"line":717,"column":18},"end":{"line":717,"column":73}},"210":{"start":{"line":719,"column":4},"end":{"line":727,"column":8}},"211":{"start":{"line":729,"column":2},"end":{"line":737,"column":5}},"212":{"start":{"line":730,"column":4},"end":{"line":736,"column":5}},"213":{"start":{"line":735,"column":6},"end":{"line":735,"column":23}},"214":{"start":{"line":744,"column":0},"end":{"line":760,"column":3}},"215":{"start":{"line":745,"column":2},"end":{"line":745,"column":42}},"216":{"start":{"line":746,"column":23},"end":{"line":746,"column":40}},"217":{"start":{"line":747,"column":2},"end":{"line":747,"column":28}},"218":{"start":{"line":749,"column":14},"end":{"line":749,"column":68}},"219":{"start":{"line":751,"column":2},"end":{"line":759,"column":5}},"220":{"start":{"line":752,"column":4},"end":{"line":758,"column":5}},"221":{"start":{"line":757,"column":6},"end":{"line":757,"column":23}},"222":{"start":{"line":762,"column":0},"end":{"line":779,"column":3}},"223":{"start":{"line":763,"column":2},"end":{"line":763,"column":46}},"224":{"start":{"line":764,"column":23},"end":{"line":764,"column":40}},"225":{"start":{"line":765,"column":23},"end":{"line":765,"column":43}},"226":{"start":{"line":766,"column":2},"end":{"line":766,"column":28}},"227":{"start":{"line":767,"column":2},"end":{"line":767,"column":28}},"228":{"start":{"line":768,"column":14},"end":{"line":768,"column":96}},"229":{"start":{"line":770,"column":2},"end":{"line":778,"column":5}},"230":{"start":{"line":771,"column":4},"end":{"line":777,"column":5}},"231":{"start":{"line":776,"column":6},"end":{"line":776,"column":23}},"232":{"start":{"line":782,"column":0},"end":{"line":800,"column":3}},"233":{"start":{"line":783,"column":2},"end":{"line":783,"column":47}},"234":{"start":{"line":784,"column":19},"end":{"line":784,"column":38}},"235":{"start":{"line":785,"column":2},"end":{"line":785,"column":24}},"236":{"start":{"line":787,"column":14},"end":{"line":787,"column":74}},"237":{"start":{"line":788,"column":2},"end":{"line":799,"column":5}},"238":{"start":{"line":789,"column":4},"end":{"line":798,"column":5}},"239":{"start":{"line":793,"column":6},"end":{"line":797,"column":7}},"240":{"start":{"line":794,"column":8},"end":{"line":794,"column":28}},"241":{"start":{"line":796,"column":8},"end":{"line":796,"column":25}},"242":{"start":{"line":805,"column":0},"end":{"line":823,"column":3}},"243":{"start":{"line":806,"column":2},"end":{"line":806,"column":50}},"244":{"start":{"line":811,"column":14},"end":{"line":811,"column":67}},"245":{"start":{"line":813,"column":2},"end":{"line":813,"column":19}},"246":{"start":{"line":815,"column":2},"end":{"line":822,"column":5}},"247":{"start":{"line":816,"column":4},"end":{"line":821,"column":5}},"248":{"start":{"line":819,"column":6},"end":{"line":819,"column":65}},"249":{"start":{"line":820,"column":6},"end":{"line":820,"column":23}},"250":{"start":{"line":828,"column":0},"end":{"line":845,"column":3}},"251":{"start":{"line":829,"column":2},"end":{"line":829,"column":58}},"252":{"start":{"line":833,"column":14},"end":{"line":833,"column":76}},"253":{"start":{"line":837,"column":2},"end":{"line":844,"column":5}},"254":{"start":{"line":838,"column":4},"end":{"line":843,"column":5}},"255":{"start":{"line":841,"column":6},"end":{"line":841,"column":73}},"256":{"start":{"line":842,"column":6},"end":{"line":842,"column":23}},"257":{"start":{"line":850,"column":0},"end":{"line":866,"column":3}},"258":{"start":{"line":851,"column":2},"end":{"line":851,"column":55}},"259":{"start":{"line":854,"column":14},"end":{"line":854,"column":173}},"260":{"start":{"line":858,"column":2},"end":{"line":865,"column":5}},"261":{"start":{"line":859,"column":4},"end":{"line":864,"column":5}},"262":{"start":{"line":862,"column":6},"end":{"line":862,"column":70}},"263":{"start":{"line":863,"column":6},"end":{"line":863,"column":23}},"264":{"start":{"line":872,"column":0},"end":{"line":886,"column":3}},"265":{"start":{"line":873,"column":2},"end":{"line":873,"column":42}},"266":{"start":{"line":874,"column":2},"end":{"line":874,"column":29}},"267":{"start":{"line":875,"column":2},"end":{"line":875,"column":27}},"268":{"start":{"line":876,"column":2},"end":{"line":879,"column":3}},"269":{"start":{"line":877,"column":4},"end":{"line":877,"column":56}},"270":{"start":{"line":878,"column":4},"end":{"line":878,"column":11}},"271":{"start":{"line":880,"column":14},"end":{"line":883,"column":3}},"272":{"start":{"line":884,"column":2},"end":{"line":884,"column":39}},"273":{"start":{"line":885,"column":2},"end":{"line":885,"column":22}},"274":{"start":{"line":892,"column":0},"end":{"line":906,"column":3}},"275":{"start":{"line":896,"column":2},"end":{"line":899,"column":3}},"276":{"start":{"line":897,"column":4},"end":{"line":897,"column":56}},"277":{"start":{"line":898,"column":4},"end":{"line":898,"column":11}},"278":{"start":{"line":900,"column":14},"end":{"line":903,"column":3}},"279":{"start":{"line":904,"column":2},"end":{"line":904,"column":39}},"280":{"start":{"line":905,"column":2},"end":{"line":905,"column":22}},"281":{"start":{"line":911,"column":0},"end":{"line":931,"column":3}},"282":{"start":{"line":912,"column":2},"end":{"line":912,"column":45}},"283":{"start":{"line":913,"column":2},"end":{"line":916,"column":3}},"284":{"start":{"line":914,"column":4},"end":{"line":914,"column":56}},"285":{"start":{"line":915,"column":4},"end":{"line":915,"column":11}},"286":{"start":{"line":917,"column":2},"end":{"line":917,"column":27}},"287":{"start":{"line":918,"column":2},"end":{"line":918,"column":29}},"288":{"start":{"line":920,"column":15},"end":{"line":920,"column":122}},"289":{"start":{"line":923,"column":2},"end":{"line":930,"column":5}},"290":{"start":{"line":924,"column":4},"end":{"line":929,"column":5}},"291":{"start":{"line":927,"column":6},"end":{"line":927,"column":73}},"292":{"start":{"line":928,"column":6},"end":{"line":928,"column":26}},"293":{"start":{"line":936,"column":0},"end":{"line":952,"column":3}},"294":{"start":{"line":937,"column":23},"end":{"line":937,"column":40}},"295":{"start":{"line":938,"column":23},"end":{"line":938,"column":40}},"296":{"start":{"line":939,"column":2},"end":{"line":939,"column":67}},"297":{"start":{"line":941,"column":14},"end":{"line":941,"column":108}},"298":{"start":{"line":943,"column":2},"end":{"line":951,"column":5}},"299":{"start":{"line":944,"column":4},"end":{"line":950,"column":5}},"300":{"start":{"line":948,"column":6},"end":{"line":948,"column":60}},"301":{"start":{"line":949,"column":6},"end":{"line":949,"column":23}},"302":{"start":{"line":955,"column":0},"end":{"line":957,"column":3}},"303":{"start":{"line":956,"column":2},"end":{"line":956,"column":18}},"304":{"start":{"line":959,"column":0},"end":{"line":959,"column":48}}},"fnMap":{"0":{"name":"(anonymous_0)","decl":{"start":{"line":50,"column":20},"end":{"line":50,"column":21}},"loc":{"start":{"line":50,"column":26},"end":{"line":52,"column":1}},"line":50},"1":{"name":"(anonymous_1)","decl":{"start":{"line":54,"column":21},"end":{"line":54,"column":22}},"loc":{"start":{"line":54,"column":32},"end":{"line":56,"column":1}},"line":54},"2":{"name":"(anonymous_2)","decl":{"start":{"line":58,"column":23},"end":{"line":58,"column":24}},"loc":{"start":{"line":58,"column":30},"end":{"line":60,"column":1}},"line":58},"3":{"name":"(anonymous_3)","decl":{"start":{"line":86,"column":37},"end":{"line":86,"column":38}},"loc":{"start":{"line":86,"column":43},"end":{"line":88,"column":1}},"line":86},"4":{"name":"(anonymous_4)","decl":{"start":{"line":91,"column":16},"end":{"line":91,"column":17}},"loc":{"start":{"line":91,"column":31},"end":{"line":93,"column":1}},"line":91},"5":{"name":"(anonymous_5)","decl":{"start":{"line":95,"column":25},"end":{"line":95,"column":26}},"loc":{"start":{"line":95,"column":39},"end":{"line":137,"column":1}},"line":95},"6":{"name":"(anonymous_6)","decl":{"start":{"line":130,"column":26},"end":{"line":130,"column":27}},"loc":{"start":{"line":130,"column":58},"end":{"line":136,"column":3}},"line":130},"7":{"name":"(anonymous_7)","decl":{"start":{"line":141,"column":22},"end":{"line":141,"column":23}},"loc":{"start":{"line":141,"column":36},"end":{"line":188,"column":1}},"line":141},"8":{"name":"(anonymous_8)","decl":{"start":{"line":168,"column":26},"end":{"line":168,"column":27}},"loc":{"start":{"line":168,"column":58},"end":{"line":182,"column":3}},"line":168},"9":{"name":"(anonymous_9)","decl":{"start":{"line":190,"column":24},"end":{"line":190,"column":25}},"loc":{"start":{"line":190,"column":38},"end":{"line":215,"column":1}},"line":190},"10":{"name":"(anonymous_10)","decl":{"start":{"line":218,"column":21},"end":{"line":218,"column":22}},"loc":{"start":{"line":218,"column":36},"end":{"line":223,"column":1}},"line":218},"11":{"name":"(anonymous_11)","decl":{"start":{"line":228,"column":46},"end":{"line":228,"column":47}},"loc":{"start":{"line":228,"column":60},"end":{"line":277,"column":1}},"line":228},"12":{"name":"(anonymous_12)","decl":{"start":{"line":255,"column":26},"end":{"line":255,"column":27}},"loc":{"start":{"line":255,"column":58},"end":{"line":262,"column":3}},"line":255},"13":{"name":"(anonymous_13)","decl":{"start":{"line":282,"column":45},"end":{"line":282,"column":46}},"loc":{"start":{"line":282,"column":59},"end":{"line":347,"column":1}},"line":282},"14":{"name":"(anonymous_14)","decl":{"start":{"line":322,"column":26},"end":{"line":322,"column":27}},"loc":{"start":{"line":322,"column":58},"end":{"line":328,"column":3}},"line":322},"15":{"name":"(anonymous_15)","decl":{"start":{"line":351,"column":46},"end":{"line":351,"column":47}},"loc":{"start":{"line":351,"column":60},"end":{"line":410,"column":1}},"line":351},"16":{"name":"(anonymous_16)","decl":{"start":{"line":387,"column":26},"end":{"line":387,"column":27}},"loc":{"start":{"line":387,"column":58},"end":{"line":393,"column":3}},"line":387},"17":{"name":"(anonymous_17)","decl":{"start":{"line":413,"column":25},"end":{"line":413,"column":26}},"loc":{"start":{"line":413,"column":39},"end":{"line":473,"column":1}},"line":413},"18":{"name":"(anonymous_18)","decl":{"start":{"line":449,"column":26},"end":{"line":449,"column":27}},"loc":{"start":{"line":449,"column":58},"end":{"line":455,"column":3}},"line":449},"19":{"name":"(anonymous_19)","decl":{"start":{"line":480,"column":33},"end":{"line":480,"column":34}},"loc":{"start":{"line":480,"column":47},"end":{"line":507,"column":1}},"line":480},"20":{"name":"(anonymous_20)","decl":{"start":{"line":499,"column":26},"end":{"line":499,"column":27}},"loc":{"start":{"line":499,"column":58},"end":{"line":506,"column":3}},"line":499},"21":{"name":"(anonymous_21)","decl":{"start":{"line":513,"column":50},"end":{"line":513,"column":51}},"loc":{"start":{"line":513,"column":64},"end":{"line":544,"column":1}},"line":513},"22":{"name":"(anonymous_22)","decl":{"start":{"line":534,"column":34},"end":{"line":534,"column":35}},"loc":{"start":{"line":534,"column":66},"end":{"line":540,"column":3}},"line":534},"23":{"name":"(anonymous_23)","decl":{"start":{"line":550,"column":34},"end":{"line":550,"column":35}},"loc":{"start":{"line":550,"column":48},"end":{"line":570,"column":1}},"line":550},"24":{"name":"(anonymous_24)","decl":{"start":{"line":562,"column":26},"end":{"line":562,"column":27}},"loc":{"start":{"line":562,"column":58},"end":{"line":569,"column":3}},"line":562},"25":{"name":"(anonymous_25)","decl":{"start":{"line":576,"column":35},"end":{"line":576,"column":36}},"loc":{"start":{"line":576,"column":49},"end":{"line":601,"column":1}},"line":576},"26":{"name":"(anonymous_26)","decl":{"start":{"line":592,"column":26},"end":{"line":592,"column":27}},"loc":{"start":{"line":592,"column":57},"end":{"line":600,"column":3}},"line":592},"27":{"name":"(anonymous_27)","decl":{"start":{"line":607,"column":28},"end":{"line":607,"column":29}},"loc":{"start":{"line":607,"column":42},"end":{"line":618,"column":1}},"line":607},"28":{"name":"(anonymous_28)","decl":{"start":{"line":610,"column":26},"end":{"line":610,"column":27}},"loc":{"start":{"line":610,"column":58},"end":{"line":617,"column":3}},"line":610},"29":{"name":"(anonymous_29)","decl":{"start":{"line":624,"column":36},"end":{"line":624,"column":37}},"loc":{"start":{"line":624,"column":50},"end":{"line":650,"column":1}},"line":624},"30":{"name":"(anonymous_30)","decl":{"start":{"line":641,"column":26},"end":{"line":641,"column":27}},"loc":{"start":{"line":641,"column":58},"end":{"line":649,"column":3}},"line":641},"31":{"name":"(anonymous_31)","decl":{"start":{"line":656,"column":38},"end":{"line":656,"column":39}},"loc":{"start":{"line":656,"column":52},"end":{"line":681,"column":1}},"line":656},"32":{"name":"(anonymous_32)","decl":{"start":{"line":672,"column":26},"end":{"line":672,"column":27}},"loc":{"start":{"line":672,"column":58},"end":{"line":680,"column":3}},"line":672},"33":{"name":"(anonymous_33)","decl":{"start":{"line":687,"column":31},"end":{"line":687,"column":32}},"loc":{"start":{"line":687,"column":45},"end":{"line":704,"column":1}},"line":687},"34":{"name":"(anonymous_34)","decl":{"start":{"line":696,"column":26},"end":{"line":696,"column":27}},"loc":{"start":{"line":696,"column":58},"end":{"line":703,"column":3}},"line":696},"35":{"name":"(anonymous_35)","decl":{"start":{"line":710,"column":43},"end":{"line":710,"column":44}},"loc":{"start":{"line":710,"column":57},"end":{"line":738,"column":1}},"line":710},"36":{"name":"(anonymous_36)","decl":{"start":{"line":729,"column":26},"end":{"line":729,"column":27}},"loc":{"start":{"line":729,"column":58},"end":{"line":737,"column":3}},"line":729},"37":{"name":"(anonymous_37)","decl":{"start":{"line":744,"column":29},"end":{"line":744,"column":30}},"loc":{"start":{"line":744,"column":43},"end":{"line":760,"column":1}},"line":744},"38":{"name":"(anonymous_38)","decl":{"start":{"line":751,"column":26},"end":{"line":751,"column":27}},"loc":{"start":{"line":751,"column":58},"end":{"line":759,"column":3}},"line":751},"39":{"name":"(anonymous_39)","decl":{"start":{"line":762,"column":31},"end":{"line":762,"column":32}},"loc":{"start":{"line":762,"column":45},"end":{"line":779,"column":1}},"line":762},"40":{"name":"(anonymous_40)","decl":{"start":{"line":770,"column":26},"end":{"line":770,"column":27}},"loc":{"start":{"line":770,"column":58},"end":{"line":778,"column":3}},"line":770},"41":{"name":"(anonymous_41)","decl":{"start":{"line":782,"column":31},"end":{"line":782,"column":32}},"loc":{"start":{"line":782,"column":45},"end":{"line":800,"column":1}},"line":782},"42":{"name":"(anonymous_42)","decl":{"start":{"line":788,"column":26},"end":{"line":788,"column":27}},"loc":{"start":{"line":788,"column":57},"end":{"line":799,"column":3}},"line":788},"43":{"name":"(anonymous_43)","decl":{"start":{"line":805,"column":30},"end":{"line":805,"column":31}},"loc":{"start":{"line":805,"column":44},"end":{"line":823,"column":1}},"line":805},"44":{"name":"(anonymous_44)","decl":{"start":{"line":815,"column":26},"end":{"line":815,"column":27}},"loc":{"start":{"line":815,"column":58},"end":{"line":822,"column":3}},"line":815},"45":{"name":"(anonymous_45)","decl":{"start":{"line":828,"column":37},"end":{"line":828,"column":38}},"loc":{"start":{"line":828,"column":51},"end":{"line":845,"column":1}},"line":828},"46":{"name":"(anonymous_46)","decl":{"start":{"line":837,"column":26},"end":{"line":837,"column":27}},"loc":{"start":{"line":837,"column":58},"end":{"line":844,"column":3}},"line":837},"47":{"name":"(anonymous_47)","decl":{"start":{"line":850,"column":35},"end":{"line":850,"column":36}},"loc":{"start":{"line":850,"column":49},"end":{"line":866,"column":1}},"line":850},"48":{"name":"(anonymous_48)","decl":{"start":{"line":858,"column":26},"end":{"line":858,"column":27}},"loc":{"start":{"line":858,"column":58},"end":{"line":865,"column":3}},"line":858},"49":{"name":"(anonymous_49)","decl":{"start":{"line":872,"column":25},"end":{"line":872,"column":26}},"loc":{"start":{"line":872,"column":39},"end":{"line":886,"column":1}},"line":872},"50":{"name":"(anonymous_50)","decl":{"start":{"line":892,"column":27},"end":{"line":892,"column":28}},"loc":{"start":{"line":892,"column":41},"end":{"line":906,"column":1}},"line":892},"51":{"name":"(anonymous_51)","decl":{"start":{"line":911,"column":39},"end":{"line":911,"column":40}},"loc":{"start":{"line":911,"column":53},"end":{"line":931,"column":1}},"line":911},"52":{"name":"(anonymous_52)","decl":{"start":{"line":923,"column":27},"end":{"line":923,"column":28}},"loc":{"start":{"line":923,"column":59},"end":{"line":930,"column":3}},"line":923},"53":{"name":"(anonymous_53)","decl":{"start":{"line":936,"column":40},"end":{"line":936,"column":41}},"loc":{"start":{"line":936,"column":54},"end":{"line":952,"column":1}},"line":936},"54":{"name":"(anonymous_54)","decl":{"start":{"line":943,"column":26},"end":{"line":943,"column":27}},"loc":{"start":{"line":943,"column":58},"end":{"line":951,"column":3}},"line":943},"55":{"name":"(anonymous_55)","decl":{"start":{"line":955,"column":11},"end":{"line":955,"column":12}},"loc":{"start":{"line":955,"column":26},"end":{"line":957,"column":1}},"line":955}},"branchMap":{"0":{"loc":{"start":{"line":31,"column":13},"end":{"line":31,"column":37}},"type":"binary-expr","locations":[{"start":{"line":31,"column":13},"end":{"line":31,"column":29}},{"start":{"line":31,"column":33},"end":{"line":31,"column":37}}],"line":31},"1":{"loc":{"start":{"line":98,"column":2},"end":{"line":101,"column":3}},"type":"if","locations":[{"start":{"line":98,"column":2},"end":{"line":101,"column":3}},{"start":{"line":98,"column":2},"end":{"line":101,"column":3}}],"line":98},"2":{"loc":{"start":{"line":102,"column":2},"end":{"line":105,"column":3}},"type":"if","locations":[{"start":{"line":102,"column":2},"end":{"line":105,"column":3}},{"start":{"line":102,"column":2},"end":{"line":105,"column":3}}],"line":102},"3":{"loc":{"start":{"line":131,"column":4},"end":{"line":135,"column":5}},"type":"if","locations":[{"start":{"line":131,"column":4},"end":{"line":135,"column":5}},{"start":{"line":131,"column":4},"end":{"line":135,"column":5}}],"line":131},"4":{"loc":{"start":{"line":144,"column":2},"end":{"line":147,"column":3}},"type":"if","locations":[{"start":{"line":144,"column":2},"end":{"line":147,"column":3}},{"start":{"line":144,"column":2},"end":{"line":147,"column":3}}],"line":144},"5":{"loc":{"start":{"line":169,"column":4},"end":{"line":181,"column":5}},"type":"if","locations":[{"start":{"line":169,"column":4},"end":{"line":181,"column":5}},{"start":{"line":169,"column":4},"end":{"line":181,"column":5}}],"line":169},"6":{"loc":{"start":{"line":173,"column":6},"end":{"line":180,"column":7}},"type":"if","locations":[{"start":{"line":173,"column":6},"end":{"line":180,"column":7}},{"start":{"line":173,"column":6},"end":{"line":180,"column":7}}],"line":173},"7":{"loc":{"start":{"line":192,"column":2},"end":{"line":195,"column":3}},"type":"if","locations":[{"start":{"line":192,"column":2},"end":{"line":195,"column":3}},{"start":{"line":192,"column":2},"end":{"line":195,"column":3}}],"line":192},"8":{"loc":{"start":{"line":197,"column":2},"end":{"line":199,"column":3}},"type":"if","locations":[{"start":{"line":197,"column":2},"end":{"line":199,"column":3}},{"start":{"line":197,"column":2},"end":{"line":199,"column":3}}],"line":197},"9":{"loc":{"start":{"line":256,"column":4},"end":{"line":261,"column":5}},"type":"if","locations":[{"start":{"line":256,"column":4},"end":{"line":261,"column":5}},{"start":{"line":256,"column":4},"end":{"line":261,"column":5}}],"line":256},"10":{"loc":{"start":{"line":323,"column":4},"end":{"line":327,"column":5}},"type":"if","locations":[{"start":{"line":323,"column":4},"end":{"line":327,"column":5}},{"start":{"line":323,"column":4},"end":{"line":327,"column":5}}],"line":323},"11":{"loc":{"start":{"line":388,"column":4},"end":{"line":392,"column":5}},"type":"if","locations":[{"start":{"line":388,"column":4},"end":{"line":392,"column":5}},{"start":{"line":388,"column":4},"end":{"line":392,"column":5}}],"line":388},"12":{"loc":{"start":{"line":415,"column":2},"end":{"line":418,"column":3}},"type":"if","locations":[{"start":{"line":415,"column":2},"end":{"line":418,"column":3}},{"start":{"line":415,"column":2},"end":{"line":418,"column":3}}],"line":415},"13":{"loc":{"start":{"line":415,"column":6},"end":{"line":415,"column":57}},"type":"binary-expr","locations":[{"start":{"line":415,"column":6},"end":{"line":415,"column":18}},{"start":{"line":415,"column":22},"end":{"line":415,"column":36}},{"start":{"line":415,"column":40},"end":{"line":415,"column":57}}],"line":415},"14":{"loc":{"start":{"line":450,"column":4},"end":{"line":454,"column":5}},"type":"if","locations":[{"start":{"line":450,"column":4},"end":{"line":454,"column":5}},{"start":{"line":450,"column":4},"end":{"line":454,"column":5}}],"line":450},"15":{"loc":{"start":{"line":486,"column":2},"end":{"line":489,"column":3}},"type":"if","locations":[{"start":{"line":486,"column":2},"end":{"line":489,"column":3}},{"start":{"line":486,"column":2},"end":{"line":489,"column":3}}],"line":486},"16":{"loc":{"start":{"line":486,"column":6},"end":{"line":486,"column":34}},"type":"binary-expr","locations":[{"start":{"line":486,"column":6},"end":{"line":486,"column":17}},{"start":{"line":486,"column":21},"end":{"line":486,"column":34}}],"line":486},"17":{"loc":{"start":{"line":500,"column":4},"end":{"line":505,"column":5}},"type":"if","locations":[{"start":{"line":500,"column":4},"end":{"line":505,"column":5}},{"start":{"line":500,"column":4},"end":{"line":505,"column":5}}],"line":500},"18":{"loc":{"start":{"line":535,"column":4},"end":{"line":539,"column":5}},"type":"if","locations":[{"start":{"line":535,"column":4},"end":{"line":539,"column":5}},{"start":{"line":535,"column":4},"end":{"line":539,"column":5}}],"line":535},"19":{"loc":{"start":{"line":563,"column":4},"end":{"line":568,"column":5}},"type":"if","locations":[{"start":{"line":563,"column":4},"end":{"line":568,"column":5}},{"start":{"line":563,"column":4},"end":{"line":568,"column":5}}],"line":563},"20":{"loc":{"start":{"line":593,"column":4},"end":{"line":599,"column":5}},"type":"if","locations":[{"start":{"line":593,"column":4},"end":{"line":599,"column":5}},{"start":{"line":593,"column":4},"end":{"line":599,"column":5}}],"line":593},"21":{"loc":{"start":{"line":611,"column":4},"end":{"line":616,"column":5}},"type":"if","locations":[{"start":{"line":611,"column":4},"end":{"line":616,"column":5}},{"start":{"line":611,"column":4},"end":{"line":616,"column":5}}],"line":611},"22":{"loc":{"start":{"line":642,"column":4},"end":{"line":648,"column":5}},"type":"if","locations":[{"start":{"line":642,"column":4},"end":{"line":648,"column":5}},{"start":{"line":642,"column":4},"end":{"line":648,"column":5}}],"line":642},"23":{"loc":{"start":{"line":673,"column":4},"end":{"line":679,"column":5}},"type":"if","locations":[{"start":{"line":673,"column":4},"end":{"line":679,"column":5}},{"start":{"line":673,"column":4},"end":{"line":679,"column":5}}],"line":673},"24":{"loc":{"start":{"line":697,"column":4},"end":{"line":702,"column":5}},"type":"if","locations":[{"start":{"line":697,"column":4},"end":{"line":702,"column":5}},{"start":{"line":697,"column":4},"end":{"line":702,"column":5}}],"line":697},"25":{"loc":{"start":{"line":730,"column":4},"end":{"line":736,"column":5}},"type":"if","locations":[{"start":{"line":730,"column":4},"end":{"line":736,"column":5}},{"start":{"line":730,"column":4},"end":{"line":736,"column":5}}],"line":730},"26":{"loc":{"start":{"line":752,"column":4},"end":{"line":758,"column":5}},"type":"if","locations":[{"start":{"line":752,"column":4},"end":{"line":758,"column":5}},{"start":{"line":752,"column":4},"end":{"line":758,"column":5}}],"line":752},"27":{"loc":{"start":{"line":771,"column":4},"end":{"line":777,"column":5}},"type":"if","locations":[{"start":{"line":771,"column":4},"end":{"line":777,"column":5}},{"start":{"line":771,"column":4},"end":{"line":777,"column":5}}],"line":771},"28":{"loc":{"start":{"line":789,"column":4},"end":{"line":798,"column":5}},"type":"if","locations":[{"start":{"line":789,"column":4},"end":{"line":798,"column":5}},{"start":{"line":789,"column":4},"end":{"line":798,"column":5}}],"line":789},"29":{"loc":{"start":{"line":793,"column":6},"end":{"line":797,"column":7}},"type":"if","locations":[{"start":{"line":793,"column":6},"end":{"line":797,"column":7}},{"start":{"line":793,"column":6},"end":{"line":797,"column":7}}],"line":793},"30":{"loc":{"start":{"line":816,"column":4},"end":{"line":821,"column":5}},"type":"if","locations":[{"start":{"line":816,"column":4},"end":{"line":821,"column":5}},{"start":{"line":816,"column":4},"end":{"line":821,"column":5}}],"line":816},"31":{"loc":{"start":{"line":838,"column":4},"end":{"line":843,"column":5}},"type":"if","locations":[{"start":{"line":838,"column":4},"end":{"line":843,"column":5}},{"start":{"line":838,"column":4},"end":{"line":843,"column":5}}],"line":838},"32":{"loc":{"start":{"line":859,"column":4},"end":{"line":864,"column":5}},"type":"if","locations":[{"start":{"line":859,"column":4},"end":{"line":864,"column":5}},{"start":{"line":859,"column":4},"end":{"line":864,"column":5}}],"line":859},"33":{"loc":{"start":{"line":876,"column":2},"end":{"line":879,"column":3}},"type":"if","locations":[{"start":{"line":876,"column":2},"end":{"line":879,"column":3}},{"start":{"line":876,"column":2},"end":{"line":879,"column":3}}],"line":876},"34":{"loc":{"start":{"line":876,"column":6},"end":{"line":876,"column":36}},"type":"binary-expr","locations":[{"start":{"line":876,"column":6},"end":{"line":876,"column":20}},{"start":{"line":876,"column":24},"end":{"line":876,"column":36}}],"line":876},"35":{"loc":{"start":{"line":896,"column":2},"end":{"line":899,"column":3}},"type":"if","locations":[{"start":{"line":896,"column":2},"end":{"line":899,"column":3}},{"start":{"line":896,"column":2},"end":{"line":899,"column":3}}],"line":896},"36":{"loc":{"start":{"line":913,"column":2},"end":{"line":916,"column":3}},"type":"if","locations":[{"start":{"line":913,"column":2},"end":{"line":916,"column":3}},{"start":{"line":913,"column":2},"end":{"line":916,"column":3}}],"line":913},"37":{"loc":{"start":{"line":913,"column":6},"end":{"line":913,"column":36}},"type":"binary-expr","locations":[{"start":{"line":913,"column":6},"end":{"line":913,"column":20}},{"start":{"line":913,"column":24},"end":{"line":913,"column":36}}],"line":913},"38":{"loc":{"start":{"line":924,"column":4},"end":{"line":929,"column":5}},"type":"if","locations":[{"start":{"line":924,"column":4},"end":{"line":929,"column":5}},{"start":{"line":924,"column":4},"end":{"line":929,"column":5}}],"line":924},"39":{"loc":{"start":{"line":944,"column":4},"end":{"line":950,"column":5}},"type":"if","locations":[{"start":{"line":944,"column":4},"end":{"line":950,"column":5}},{"start":{"line":944,"column":4},"end":{"line":950,"column":5}}],"line":944}},"s":{"0":1,"1":1,"2":1,"3":1,"4":1,"5":1,"6":1,"7":1,"8":1,"9":1,"10":1,"11":1,"12":1,"13":1,"14":1,"15":0,"16":1,"17":1,"18":1,"19":1,"20":1,"21":1,"22":1,"23":1,"24":0,"25":1,"26":1,"27":1,"28":6,"29":6,"30":6,"31":2,"32":2,"33":4,"34":2,"35":2,"36":2,"37":2,"38":2,"39":2,"40":2,"41":2,"42":2,"43":2,"44":0,"45":2,"46":1,"47":4,"48":2,"49":2,"50":2,"51":2,"52":2,"53":2,"54":2,"55":2,"56":2,"57":0,"58":2,"59":2,"60":2,"61":1,"62":4,"63":4,"64":2,"65":2,"66":2,"67":2,"68":1,"69":2,"70":2,"71":2,"72":2,"73":1,"74":2,"75":2,"76":1,"77":1,"78":2,"79":2,"80":2,"81":2,"82":2,"83":2,"84":2,"85":0,"86":0,"87":2,"88":2,"89":2,"90":1,"91":1,"92":2,"93":2,"94":2,"95":2,"96":2,"97":2,"98":2,"99":2,"100":2,"101":2,"102":2,"103":2,"104":1,"105":1,"106":2,"107":2,"108":2,"109":2,"110":2,"111":2,"112":2,"113":2,"114":2,"115":2,"116":1,"117":4,"118":4,"119":2,"120":2,"121":2,"122":2,"123":2,"124":2,"125":2,"126":2,"127":2,"128":2,"129":1,"130":4,"131":4,"132":4,"133":4,"134":2,"135":2,"136":2,"137":2,"138":2,"139":2,"140":2,"141":1,"142":1,"143":2,"144":2,"145":2,"146":2,"147":2,"148":2,"149":2,"150":2,"151":2,"152":2,"153":2,"154":2,"155":1,"156":2,"157":2,"158":2,"159":2,"160":2,"161":2,"162":2,"163":1,"164":2,"165":2,"166":2,"167":2,"168":2,"169":2,"170":2,"171":0,"172":1,"173":0,"174":0,"175":0,"176":0,"177":0,"178":1,"179":2,"180":2,"181":2,"182":2,"183":2,"184":2,"185":2,"186":1,"187":2,"188":2,"189":2,"190":2,"191":2,"192":2,"193":2,"194":1,"195":2,"196":2,"197":2,"198":2,"199":2,"200":2,"201":0,"202":2,"203":1,"204":2,"205":2,"206":2,"207":2,"208":2,"209":2,"210":2,"211":2,"212":2,"213":2,"214":1,"215":2,"216":2,"217":2,"218":2,"219":2,"220":2,"221":2,"222":1,"223":2,"224":2,"225":2,"226":2,"227":2,"228":2,"229":2,"230":2,"231":2,"232":1,"233":4,"234":4,"235":4,"236":4,"237":4,"238":4,"239":4,"240":2,"241":2,"242":1,"243":2,"244":2,"245":2,"246":2,"247":2,"248":2,"249":2,"250":1,"251":2,"252":2,"253":2,"254":2,"255":2,"256":2,"257":1,"258":2,"259":2,"260":2,"261":2,"262":2,"263":2,"264":1,"265":4,"266":4,"267":4,"268":4,"269":2,"270":2,"271":2,"272":2,"273":2,"274":1,"275":4,"276":2,"277":2,"278":2,"279":2,"280":2,"281":1,"282":4,"283":4,"284":2,"285":2,"286":2,"287":2,"288":2,"289":2,"290":2,"291":2,"292":2,"293":1,"294":2,"295":2,"296":2,"297":2,"298":2,"299":2,"300":2,"301":2,"302":1,"303":0,"304":1},"f":{"0":0,"1":1,"2":0,"3":0,"4":1,"5":6,"6":2,"7":4,"8":2,"9":4,"10":2,"11":2,"12":2,"13":2,"14":2,"15":2,"16":2,"17":4,"18":2,"19":4,"20":2,"21":2,"22":2,"23":2,"24":2,"25":2,"26":2,"27":0,"28":0,"29":2,"30":2,"31":2,"32":2,"33":2,"34":2,"35":2,"36":2,"37":2,"38":2,"39":2,"40":2,"41":4,"42":4,"43":2,"44":2,"45":2,"46":2,"47":2,"48":2,"49":4,"50":4,"51":4,"52":2,"53":2,"54":2,"55":0},"b":{"0":[1,1],"1":[2,4],"2":[2,2],"3":[0,2],"4":[2,2],"5":[0,2],"6":[0,2],"7":[2,2],"8":[1,1],"9":[0,2],"10":[0,2],"11":[0,2],"12":[2,2],"13":[4,2,2],"14":[0,2],"15":[2,2],"16":[4,4],"17":[0,2],"18":[0,2],"19":[0,2],"20":[2,0],"21":[0,0],"22":[0,2],"23":[0,2],"24":[0,2],"25":[0,2],"26":[0,2],"27":[0,2],"28":[0,4],"29":[2,2],"30":[0,2],"31":[0,2],"32":[0,2],"33":[2,2],"34":[4,2],"35":[2,2],"36":[2,2],"37":[4,4],"38":[0,2],"39":[0,2]},"_coverageSchema":"1a1c01bbd47fc00a2c39e90264f33305004495a9","hash":"16a1d975c3bf673d4f29b5790ad69320018d8dc3"}
,"/Users/jeffreyjin/Documents/GitHub/project-video-and-messaging-web-app-557project-kai-haotian-lihan/server/wsserver.js": {"path":"/Users/jeffreyjin/Documents/GitHub/project-video-and-messaging-web-app-557project-kai-haotian-lihan/server/wsserver.js","statementMap":{"0":{"start":{"line":1,"column":18},"end":{"line":1,"column":31}},"1":{"start":{"line":3,"column":12},"end":{"line":3,"column":35}},"2":{"start":{"line":6,"column":12},"end":{"line":6,"column":70}},"3":{"start":{"line":9,"column":23},"end":{"line":9,"column":32}},"4":{"start":{"line":10,"column":17},"end":{"line":10,"column":19}},"5":{"start":{"line":13,"column":0},"end":{"line":267,"column":3}},"6":{"start":{"line":14,"column":2},"end":{"line":14,"column":32}},"7":{"start":{"line":15,"column":15},"end":{"line":15,"column":17}},"8":{"start":{"line":18,"column":2},"end":{"line":20,"column":3}},"9":{"start":{"line":19,"column":4},"end":{"line":19,"column":30}},"10":{"start":{"line":21,"column":2},"end":{"line":24,"column":3}},"11":{"start":{"line":23,"column":4},"end":{"line":23,"column":24}},"12":{"start":{"line":26,"column":2},"end":{"line":37,"column":5}},"13":{"start":{"line":27,"column":4},"end":{"line":30,"column":5}},"14":{"start":{"line":28,"column":6},"end":{"line":28,"column":35}},"15":{"start":{"line":29,"column":6},"end":{"line":29,"column":13}},"16":{"start":{"line":31,"column":4},"end":{"line":31,"column":26}},"17":{"start":{"line":33,"column":4},"end":{"line":36,"column":5}},"18":{"start":{"line":35,"column":6},"end":{"line":35,"column":45}},"19":{"start":{"line":40,"column":2},"end":{"line":263,"column":5}},"20":{"start":{"line":42,"column":4},"end":{"line":262,"column":5}},"21":{"start":{"line":44,"column":18},"end":{"line":44,"column":37}},"22":{"start":{"line":45,"column":6},"end":{"line":89,"column":7}},"23":{"start":{"line":46,"column":8},"end":{"line":50,"column":10}},"24":{"start":{"line":51,"column":8},"end":{"line":88,"column":9}},"25":{"start":{"line":52,"column":10},"end":{"line":52,"column":38}},"26":{"start":{"line":54,"column":10},"end":{"line":75,"column":11}},"27":{"start":{"line":58,"column":31},"end":{"line":64,"column":13}},"28":{"start":{"line":65,"column":12},"end":{"line":65,"column":79}},"29":{"start":{"line":67,"column":31},"end":{"line":73,"column":13}},"30":{"start":{"line":74,"column":12},"end":{"line":74,"column":79}},"31":{"start":{"line":76,"column":10},"end":{"line":87,"column":11}},"32":{"start":{"line":78,"column":12},"end":{"line":78,"column":40}},"33":{"start":{"line":79,"column":27},"end":{"line":85,"column":13}},"34":{"start":{"line":86,"column":12},"end":{"line":86,"column":73}},"35":{"start":{"line":90,"column":6},"end":{"line":97,"column":7}},"36":{"start":{"line":92,"column":8},"end":{"line":92,"column":45}},"37":{"start":{"line":93,"column":24},"end":{"line":93,"column":60}},"38":{"start":{"line":94,"column":8},"end":{"line":96,"column":11}},"39":{"start":{"line":95,"column":10},"end":{"line":95,"column":42}},"40":{"start":{"line":99,"column":6},"end":{"line":109,"column":7}},"41":{"start":{"line":101,"column":8},"end":{"line":101,"column":50}},"42":{"start":{"line":102,"column":8},"end":{"line":102,"column":74}},"43":{"start":{"line":103,"column":8},"end":{"line":103,"column":46}},"44":{"start":{"line":104,"column":28},"end":{"line":104,"column":67}},"45":{"start":{"line":105,"column":8},"end":{"line":105,"column":33}},"46":{"start":{"line":106,"column":8},"end":{"line":108,"column":11}},"47":{"start":{"line":107,"column":10},"end":{"line":107,"column":46}},"48":{"start":{"line":111,"column":6},"end":{"line":121,"column":7}},"49":{"start":{"line":113,"column":8},"end":{"line":113,"column":70}},"50":{"start":{"line":114,"column":8},"end":{"line":114,"column":58}},"51":{"start":{"line":115,"column":8},"end":{"line":115,"column":37}},"52":{"start":{"line":116,"column":28},"end":{"line":116,"column":67}},"53":{"start":{"line":117,"column":8},"end":{"line":117,"column":33}},"54":{"start":{"line":118,"column":8},"end":{"line":120,"column":11}},"55":{"start":{"line":119,"column":10},"end":{"line":119,"column":46}},"56":{"start":{"line":123,"column":6},"end":{"line":170,"column":7}},"57":{"start":{"line":124,"column":8},"end":{"line":128,"column":10}},"58":{"start":{"line":129,"column":8},"end":{"line":169,"column":9}},"59":{"start":{"line":130,"column":10},"end":{"line":130,"column":44}},"60":{"start":{"line":135,"column":10},"end":{"line":156,"column":11}},"61":{"start":{"line":139,"column":31},"end":{"line":145,"column":13}},"62":{"start":{"line":146,"column":12},"end":{"line":146,"column":79}},"63":{"start":{"line":148,"column":31},"end":{"line":154,"column":13}},"64":{"start":{"line":155,"column":12},"end":{"line":155,"column":79}},"65":{"start":{"line":158,"column":10},"end":{"line":168,"column":11}},"66":{"start":{"line":159,"column":12},"end":{"line":159,"column":62}},"67":{"start":{"line":160,"column":27},"end":{"line":166,"column":13}},"68":{"start":{"line":167,"column":12},"end":{"line":167,"column":73}},"69":{"start":{"line":172,"column":6},"end":{"line":219,"column":7}},"70":{"start":{"line":173,"column":8},"end":{"line":177,"column":10}},"71":{"start":{"line":178,"column":8},"end":{"line":218,"column":9}},"72":{"start":{"line":179,"column":10},"end":{"line":179,"column":44}},"73":{"start":{"line":182,"column":10},"end":{"line":205,"column":11}},"74":{"start":{"line":186,"column":31},"end":{"line":192,"column":13}},"75":{"start":{"line":194,"column":12},"end":{"line":194,"column":79}},"76":{"start":{"line":196,"column":31},"end":{"line":202,"column":13}},"77":{"start":{"line":204,"column":12},"end":{"line":204,"column":79}},"78":{"start":{"line":207,"column":10},"end":{"line":217,"column":11}},"79":{"start":{"line":208,"column":12},"end":{"line":208,"column":40}},"80":{"start":{"line":209,"column":27},"end":{"line":215,"column":13}},"81":{"start":{"line":216,"column":12},"end":{"line":216,"column":73}},"82":{"start":{"line":222,"column":6},"end":{"line":261,"column":7}},"83":{"start":{"line":223,"column":8},"end":{"line":260,"column":9}},"84":{"start":{"line":224,"column":10},"end":{"line":224,"column":44}},"85":{"start":{"line":225,"column":10},"end":{"line":246,"column":11}},"86":{"start":{"line":229,"column":31},"end":{"line":235,"column":13}},"87":{"start":{"line":236,"column":12},"end":{"line":236,"column":79}},"88":{"start":{"line":238,"column":31},"end":{"line":244,"column":13}},"89":{"start":{"line":245,"column":12},"end":{"line":245,"column":79}},"90":{"start":{"line":248,"column":10},"end":{"line":259,"column":11}},"91":{"start":{"line":249,"column":12},"end":{"line":249,"column":40}},"92":{"start":{"line":250,"column":27},"end":{"line":256,"column":13}},"93":{"start":{"line":258,"column":12},"end":{"line":258,"column":73}},"94":{"start":{"line":265,"column":16},"end":{"line":265,"column":35}},"95":{"start":{"line":266,"column":2},"end":{"line":266,"column":33}},"96":{"start":{"line":269,"column":0},"end":{"line":269,"column":21}}},"fnMap":{"0":{"name":"(anonymous_0)","decl":{"start":{"line":13,"column":21},"end":{"line":13,"column":22}},"loc":{"start":{"line":13,"column":34},"end":{"line":267,"column":1}},"line":13},"1":{"name":"(anonymous_1)","decl":{"start":{"line":26,"column":40},"end":{"line":26,"column":41}},"loc":{"start":{"line":26,"column":58},"end":{"line":37,"column":3}},"line":26},"2":{"name":"(anonymous_2)","decl":{"start":{"line":40,"column":19},"end":{"line":40,"column":20}},"loc":{"start":{"line":40,"column":32},"end":{"line":263,"column":3}},"line":40},"3":{"name":"(anonymous_3)","decl":{"start":{"line":94,"column":31},"end":{"line":94,"column":32}},"loc":{"start":{"line":94,"column":38},"end":{"line":96,"column":9}},"line":94},"4":{"name":"(anonymous_4)","decl":{"start":{"line":106,"column":31},"end":{"line":106,"column":32}},"loc":{"start":{"line":106,"column":38},"end":{"line":108,"column":9}},"line":106},"5":{"name":"(anonymous_5)","decl":{"start":{"line":118,"column":31},"end":{"line":118,"column":32}},"loc":{"start":{"line":118,"column":38},"end":{"line":120,"column":9}},"line":118}},"branchMap":{"0":{"loc":{"start":{"line":18,"column":2},"end":{"line":20,"column":3}},"type":"if","locations":[{"start":{"line":18,"column":2},"end":{"line":20,"column":3}},{"start":{"line":18,"column":2},"end":{"line":20,"column":3}}],"line":18},"1":{"loc":{"start":{"line":21,"column":2},"end":{"line":24,"column":3}},"type":"if","locations":[{"start":{"line":21,"column":2},"end":{"line":24,"column":3}},{"start":{"line":21,"column":2},"end":{"line":24,"column":3}}],"line":21},"2":{"loc":{"start":{"line":27,"column":4},"end":{"line":30,"column":5}},"type":"if","locations":[{"start":{"line":27,"column":4},"end":{"line":30,"column":5}},{"start":{"line":27,"column":4},"end":{"line":30,"column":5}}],"line":27},"3":{"loc":{"start":{"line":33,"column":4},"end":{"line":36,"column":5}},"type":"if","locations":[{"start":{"line":33,"column":4},"end":{"line":36,"column":5}},{"start":{"line":33,"column":4},"end":{"line":36,"column":5}}],"line":33},"4":{"loc":{"start":{"line":42,"column":4},"end":{"line":262,"column":5}},"type":"if","locations":[{"start":{"line":42,"column":4},"end":{"line":262,"column":5}},{"start":{"line":42,"column":4},"end":{"line":262,"column":5}}],"line":42},"5":{"loc":{"start":{"line":45,"column":6},"end":{"line":89,"column":7}},"type":"if","locations":[{"start":{"line":45,"column":6},"end":{"line":89,"column":7}},{"start":{"line":45,"column":6},"end":{"line":89,"column":7}}],"line":45},"6":{"loc":{"start":{"line":51,"column":8},"end":{"line":88,"column":9}},"type":"if","locations":[{"start":{"line":51,"column":8},"end":{"line":88,"column":9}},{"start":{"line":51,"column":8},"end":{"line":88,"column":9}}],"line":51},"7":{"loc":{"start":{"line":54,"column":10},"end":{"line":75,"column":11}},"type":"if","locations":[{"start":{"line":54,"column":10},"end":{"line":75,"column":11}},{"start":{"line":54,"column":10},"end":{"line":75,"column":11}}],"line":54},"8":{"loc":{"start":{"line":55,"column":12},"end":{"line":56,"column":51}},"type":"binary-expr","locations":[{"start":{"line":55,"column":12},"end":{"line":55,"column":44}},{"start":{"line":56,"column":12},"end":{"line":56,"column":51}}],"line":55},"9":{"loc":{"start":{"line":76,"column":10},"end":{"line":87,"column":11}},"type":"if","locations":[{"start":{"line":76,"column":10},"end":{"line":87,"column":11}},{"start":{"line":76,"column":10},"end":{"line":87,"column":11}}],"line":76},"10":{"loc":{"start":{"line":90,"column":6},"end":{"line":97,"column":7}},"type":"if","locations":[{"start":{"line":90,"column":6},"end":{"line":97,"column":7}},{"start":{"line":90,"column":6},"end":{"line":97,"column":7}}],"line":90},"11":{"loc":{"start":{"line":99,"column":6},"end":{"line":109,"column":7}},"type":"if","locations":[{"start":{"line":99,"column":6},"end":{"line":109,"column":7}},{"start":{"line":99,"column":6},"end":{"line":109,"column":7}}],"line":99},"12":{"loc":{"start":{"line":111,"column":6},"end":{"line":121,"column":7}},"type":"if","locations":[{"start":{"line":111,"column":6},"end":{"line":121,"column":7}},{"start":{"line":111,"column":6},"end":{"line":121,"column":7}}],"line":111},"13":{"loc":{"start":{"line":123,"column":6},"end":{"line":170,"column":7}},"type":"if","locations":[{"start":{"line":123,"column":6},"end":{"line":170,"column":7}},{"start":{"line":123,"column":6},"end":{"line":170,"column":7}}],"line":123},"14":{"loc":{"start":{"line":129,"column":8},"end":{"line":169,"column":9}},"type":"if","locations":[{"start":{"line":129,"column":8},"end":{"line":169,"column":9}},{"start":{"line":129,"column":8},"end":{"line":169,"column":9}}],"line":129},"15":{"loc":{"start":{"line":135,"column":10},"end":{"line":156,"column":11}},"type":"if","locations":[{"start":{"line":135,"column":10},"end":{"line":156,"column":11}},{"start":{"line":135,"column":10},"end":{"line":156,"column":11}}],"line":135},"16":{"loc":{"start":{"line":136,"column":12},"end":{"line":137,"column":51}},"type":"binary-expr","locations":[{"start":{"line":136,"column":12},"end":{"line":136,"column":44}},{"start":{"line":137,"column":12},"end":{"line":137,"column":51}}],"line":136},"17":{"loc":{"start":{"line":158,"column":10},"end":{"line":168,"column":11}},"type":"if","locations":[{"start":{"line":158,"column":10},"end":{"line":168,"column":11}},{"start":{"line":158,"column":10},"end":{"line":168,"column":11}}],"line":158},"18":{"loc":{"start":{"line":172,"column":6},"end":{"line":219,"column":7}},"type":"if","locations":[{"start":{"line":172,"column":6},"end":{"line":219,"column":7}},{"start":{"line":172,"column":6},"end":{"line":219,"column":7}}],"line":172},"19":{"loc":{"start":{"line":178,"column":8},"end":{"line":218,"column":9}},"type":"if","locations":[{"start":{"line":178,"column":8},"end":{"line":218,"column":9}},{"start":{"line":178,"column":8},"end":{"line":218,"column":9}}],"line":178},"20":{"loc":{"start":{"line":182,"column":10},"end":{"line":205,"column":11}},"type":"if","locations":[{"start":{"line":182,"column":10},"end":{"line":205,"column":11}},{"start":{"line":182,"column":10},"end":{"line":205,"column":11}}],"line":182},"21":{"loc":{"start":{"line":183,"column":12},"end":{"line":184,"column":51}},"type":"binary-expr","locations":[{"start":{"line":183,"column":12},"end":{"line":183,"column":44}},{"start":{"line":184,"column":12},"end":{"line":184,"column":51}}],"line":183},"22":{"loc":{"start":{"line":207,"column":10},"end":{"line":217,"column":11}},"type":"if","locations":[{"start":{"line":207,"column":10},"end":{"line":217,"column":11}},{"start":{"line":207,"column":10},"end":{"line":217,"column":11}}],"line":207},"23":{"loc":{"start":{"line":222,"column":6},"end":{"line":261,"column":7}},"type":"if","locations":[{"start":{"line":222,"column":6},"end":{"line":261,"column":7}},{"start":{"line":222,"column":6},"end":{"line":261,"column":7}}],"line":222},"24":{"loc":{"start":{"line":223,"column":8},"end":{"line":260,"column":9}},"type":"if","locations":[{"start":{"line":223,"column":8},"end":{"line":260,"column":9}},{"start":{"line":223,"column":8},"end":{"line":260,"column":9}}],"line":223},"25":{"loc":{"start":{"line":225,"column":10},"end":{"line":246,"column":11}},"type":"if","locations":[{"start":{"line":225,"column":10},"end":{"line":246,"column":11}},{"start":{"line":225,"column":10},"end":{"line":246,"column":11}}],"line":225},"26":{"loc":{"start":{"line":226,"column":12},"end":{"line":227,"column":51}},"type":"binary-expr","locations":[{"start":{"line":226,"column":12},"end":{"line":226,"column":44}},{"start":{"line":227,"column":12},"end":{"line":227,"column":51}}],"line":226},"27":{"loc":{"start":{"line":248,"column":10},"end":{"line":259,"column":11}},"type":"if","locations":[{"start":{"line":248,"column":10},"end":{"line":259,"column":11}},{"start":{"line":248,"column":10},"end":{"line":259,"column":11}}],"line":248}},"s":{"0":1,"1":1,"2":1,"3":1,"4":1,"5":1,"6":0,"7":0,"8":0,"9":0,"10":0,"11":0,"12":0,"13":0,"14":0,"15":0,"16":0,"17":0,"18":0,"19":0,"20":0,"21":0,"22":0,"23":0,"24":0,"25":0,"26":0,"27":0,"28":0,"29":0,"30":0,"31":0,"32":0,"33":0,"34":0,"35":0,"36":0,"37":0,"38":0,"39":0,"40":0,"41":0,"42":0,"43":0,"44":0,"45":0,"46":0,"47":0,"48":0,"49":0,"50":0,"51":0,"52":0,"53":0,"54":0,"55":0,"56":0,"57":0,"58":0,"59":0,"60":0,"61":0,"62":0,"63":0,"64":0,"65":0,"66":0,"67":0,"68":0,"69":0,"70":0,"71":0,"72":0,"73":0,"74":0,"75":0,"76":0,"77":0,"78":0,"79":0,"80":0,"81":0,"82":0,"83":0,"84":0,"85":0,"86":0,"87":0,"88":0,"89":0,"90":0,"91":0,"92":0,"93":0,"94":0,"95":0,"96":1},"f":{"0":0,"1":0,"2":0,"3":0,"4":0,"5":0},"b":{"0":[0,0],"1":[0,0],"2":[0,0],"3":[0,0],"4":[0,0],"5":[0,0],"6":[0,0],"7":[0,0],"8":[0,0],"9":[0,0],"10":[0,0],"11":[0,0],"12":[0,0],"13":[0,0],"14":[0,0],"15":[0,0],"16":[0,0],"17":[0,0],"18":[0,0],"19":[0,0],"20":[0,0],"21":[0,0],"22":[0,0],"23":[0,0],"24":[0,0],"25":[0,0],"26":[0,0],"27":[0,0]},"_coverageSchema":"1a1c01bbd47fc00a2c39e90264f33305004495a9","hash":"640ce5ca1c963db0c26101488cc221d43b6b4006"}
}
