TN:
SF:chatserver.js
FN:50,(anonymous_0)
FN:54,(anonymous_1)
FN:58,(anonymous_2)
FN:86,(anonymous_3)
FN:91,(anonymous_4)
FN:95,(anonymous_5)
FN:130,(anonymous_6)
FN:141,(anonymous_7)
FN:168,(anonymous_8)
FN:190,(anonymous_9)
FN:218,(anonymous_10)
FN:228,(anonymous_11)
FN:255,(anonymous_12)
FN:282,(anonymous_13)
FN:322,(anonymous_14)
FN:351,(anonymous_15)
FN:387,(anonymous_16)
FN:413,(anonymous_17)
FN:449,(anonymous_18)
FN:480,(anonymous_19)
FN:499,(anonymous_20)
FN:513,(anonymous_21)
FN:534,(anonymous_22)
FN:550,(anonymous_23)
FN:562,(anonymous_24)
FN:576,(anonymous_25)
FN:592,(anonymous_26)
FN:607,(anonymous_27)
FN:610,(anonymous_28)
FN:624,(anonymous_29)
FN:641,(anonymous_30)
FN:656,(anonymous_31)
FN:672,(anonymous_32)
FN:687,(anonymous_33)
FN:696,(anonymous_34)
FN:710,(anonymous_35)
FN:729,(anonymous_36)
FN:744,(anonymous_37)
FN:751,(anonymous_38)
FN:762,(anonymous_39)
FN:770,(anonymous_40)
FN:782,(anonymous_41)
FN:788,(anonymous_42)
FN:805,(anonymous_43)
FN:815,(anonymous_44)
FN:828,(anonymous_45)
FN:837,(anonymous_46)
FN:850,(anonymous_47)
FN:858,(anonymous_48)
FN:872,(anonymous_49)
FN:892,(anonymous_50)
FN:911,(anonymous_51)
FN:923,(anonymous_52)
FN:936,(anonymous_53)
FN:943,(anonymous_54)
FN:955,(anonymous_55)
FNF:56
FNH:50
FNDA:0,(anonymous_0)
FNDA:1,(anonymous_1)
FNDA:0,(anonymous_2)
FNDA:0,(anonymous_3)
FNDA:1,(anonymous_4)
FNDA:6,(anonymous_5)
FNDA:2,(anonymous_6)
FNDA:4,(anonymous_7)
FNDA:2,(anonymous_8)
FNDA:4,(anonymous_9)
FNDA:2,(anonymous_10)
FNDA:2,(anonymous_11)
FNDA:2,(anonymous_12)
FNDA:2,(anonymous_13)
FNDA:2,(anonymous_14)
FNDA:2,(anonymous_15)
FNDA:2,(anonymous_16)
FNDA:4,(anonymous_17)
FNDA:2,(anonymous_18)
FNDA:4,(anonymous_19)
FNDA:2,(anonymous_20)
FNDA:2,(anonymous_21)
FNDA:2,(anonymous_22)
FNDA:2,(anonymous_23)
FNDA:2,(anonymous_24)
FNDA:2,(anonymous_25)
FNDA:2,(anonymous_26)
FNDA:0,(anonymous_27)
FNDA:0,(anonymous_28)
FNDA:2,(anonymous_29)
FNDA:2,(anonymous_30)
FNDA:2,(anonymous_31)
FNDA:2,(anonymous_32)
FNDA:2,(anonymous_33)
FNDA:2,(anonymous_34)
FNDA:2,(anonymous_35)
FNDA:2,(anonymous_36)
FNDA:2,(anonymous_37)
FNDA:2,(anonymous_38)
FNDA:2,(anonymous_39)
FNDA:2,(anonymous_40)
FNDA:4,(anonymous_41)
FNDA:4,(anonymous_42)
FNDA:2,(anonymous_43)
FNDA:2,(anonymous_44)
FNDA:2,(anonymous_45)
FNDA:2,(anonymous_46)
FNDA:2,(anonymous_47)
FNDA:2,(anonymous_48)
FNDA:4,(anonymous_49)
FNDA:4,(anonymous_50)
FNDA:4,(anonymous_51)
FNDA:2,(anonymous_52)
FNDA:2,(anonymous_53)
FNDA:2,(anonymous_54)
FNDA:0,(anonymous_55)
DA:3,1
DA:6,1
DA:9,1
DA:12,1
DA:14,1
DA:16,1
DA:19,1
DA:22,1
DA:24,1
DA:25,1
DA:31,1
DA:34,1
DA:43,1
DA:46,1
DA:50,1
DA:51,0
DA:54,1
DA:55,1
DA:58,1
DA:63,1
DA:66,1
DA:74,1
DA:80,1
DA:86,1
DA:87,0
DA:91,1
DA:92,1
DA:95,1
DA:96,6
DA:97,6
DA:98,6
DA:99,2
DA:100,2
DA:102,4
DA:103,2
DA:104,2
DA:107,2
DA:112,2
DA:113,2
DA:114,2
DA:115,2
DA:117,2
DA:130,2
DA:131,2
DA:132,0
DA:134,2
DA:141,1
DA:144,4
DA:145,2
DA:146,2
DA:148,2
DA:149,2
DA:154,2
DA:163,2
DA:168,2
DA:169,2
DA:173,2
DA:174,0
DA:177,2
DA:178,2
DA:179,2
DA:190,1
DA:191,4
DA:192,4
DA:193,2
DA:194,2
DA:196,2
DA:197,2
DA:198,1
DA:203,2
DA:212,2
DA:213,2
DA:214,2
DA:218,1
DA:219,2
DA:220,2
DA:226,1
DA:228,1
DA:229,2
DA:230,2
DA:233,2
DA:235,2
DA:248,2
DA:255,2
DA:256,2
DA:257,0
DA:258,0
DA:264,2
DA:273,2
DA:274,2
DA:280,1
DA:282,1
DA:283,2
DA:284,2
DA:285,2
DA:286,2
DA:300,2
DA:302,2
DA:315,2
DA:322,2
DA:323,2
DA:331,2
DA:343,2
DA:344,2
DA:350,1
DA:351,1
DA:352,2
DA:353,2
DA:365,2
DA:367,2
DA:380,2
DA:387,2
DA:388,2
DA:396,2
DA:406,2
DA:407,2
DA:413,1
DA:414,4
DA:415,4
DA:416,2
DA:417,2
DA:426,2
DA:429,2
DA:442,2
DA:449,2
DA:450,2
DA:459,2
DA:469,2
DA:470,2
DA:480,1
DA:481,4
DA:482,4
DA:484,4
DA:486,4
DA:487,2
DA:488,2
DA:497,2
DA:498,2
DA:499,2
DA:500,2
DA:504,2
DA:512,1
DA:513,1
DA:514,2
DA:515,2
DA:516,2
DA:517,2
DA:521,2
DA:522,2
DA:523,2
DA:526,2
DA:533,2
DA:534,2
DA:535,2
DA:541,2
DA:550,1
DA:551,2
DA:552,2
DA:553,2
DA:555,2
DA:562,2
DA:563,2
DA:567,2
DA:576,1
DA:577,2
DA:578,2
DA:579,2
DA:581,2
DA:592,2
DA:593,2
DA:595,2
DA:598,0
DA:607,1
DA:608,0
DA:609,0
DA:610,0
DA:611,0
DA:615,0
DA:624,1
DA:625,2
DA:626,2
DA:639,2
DA:641,2
DA:642,2
DA:646,2
DA:647,2
DA:656,1
DA:657,2
DA:658,2
DA:670,2
DA:672,2
DA:673,2
DA:677,2
DA:678,2
DA:687,1
DA:688,2
DA:689,2
DA:690,2
DA:694,2
DA:696,2
DA:697,2
DA:698,0
DA:701,2
DA:710,1
DA:711,2
DA:712,2
DA:713,2
DA:714,2
DA:715,2
DA:717,2
DA:719,2
DA:729,2
DA:730,2
DA:735,2
DA:744,1
DA:745,2
DA:746,2
DA:747,2
DA:749,2
DA:751,2
DA:752,2
DA:757,2
DA:762,1
DA:763,2
DA:764,2
DA:765,2
DA:766,2
DA:767,2
DA:768,2
DA:770,2
DA:771,2
DA:776,2
DA:782,1
DA:783,4
DA:784,4
DA:785,4
DA:787,4
DA:788,4
DA:789,4
DA:793,4
DA:794,2
DA:796,2
DA:805,1
DA:806,2
DA:811,2
DA:813,2
DA:815,2
DA:816,2
DA:819,2
DA:820,2
DA:828,1
DA:829,2
DA:833,2
DA:837,2
DA:838,2
DA:841,2
DA:842,2
DA:850,1
DA:851,2
DA:854,2
DA:858,2
DA:859,2
DA:862,2
DA:863,2
DA:872,1
DA:873,4
DA:874,4
DA:875,4
DA:876,4
DA:877,2
DA:878,2
DA:880,2
DA:884,2
DA:885,2
DA:892,1
DA:896,4
DA:897,2
DA:898,2
DA:900,2
DA:904,2
DA:905,2
DA:911,1
DA:912,4
DA:913,4
DA:914,2
DA:915,2
DA:917,2
DA:918,2
DA:920,2
DA:923,2
DA:924,2
DA:927,2
DA:928,2
DA:936,1
DA:937,2
DA:938,2
DA:939,2
DA:941,2
DA:943,2
DA:944,2
DA:948,2
DA:949,2
DA:955,1
DA:956,0
DA:959,1
LF:305
LH:291
BRDA:31,0,0,1
BRDA:31,0,1,1
BRDA:98,1,0,2
BRDA:98,1,1,4
BRDA:102,2,0,2
BRDA:102,2,1,2
BRDA:131,3,0,0
BRDA:131,3,1,2
BRDA:144,4,0,2
BRDA:144,4,1,2
BRDA:169,5,0,0
BRDA:169,5,1,2
BRDA:173,6,0,0
BRDA:173,6,1,2
BRDA:192,7,0,2
BRDA:192,7,1,2
BRDA:197,8,0,1
BRDA:197,8,1,1
BRDA:256,9,0,0
BRDA:256,9,1,2
BRDA:323,10,0,0
BRDA:323,10,1,2
BRDA:388,11,0,0
BRDA:388,11,1,2
BRDA:415,12,0,2
BRDA:415,12,1,2
BRDA:415,13,0,4
BRDA:415,13,1,2
BRDA:415,13,2,2
BRDA:450,14,0,0
BRDA:450,14,1,2
BRDA:486,15,0,2
BRDA:486,15,1,2
BRDA:486,16,0,4
BRDA:486,16,1,4
BRDA:500,17,0,0
BRDA:500,17,1,2
BRDA:535,18,0,0
BRDA:535,18,1,2
BRDA:563,19,0,0
BRDA:563,19,1,2
BRDA:593,20,0,2
BRDA:593,20,1,0
BRDA:611,21,0,0
BRDA:611,21,1,0
BRDA:642,22,0,0
BRDA:642,22,1,2
BRDA:673,23,0,0
BRDA:673,23,1,2
BRDA:697,24,0,0
BRDA:697,24,1,2
BRDA:730,25,0,0
BRDA:730,25,1,2
BRDA:752,26,0,0
BRDA:752,26,1,2
BRDA:771,27,0,0
BRDA:771,27,1,2
BRDA:789,28,0,0
BRDA:789,28,1,4
BRDA:793,29,0,2
BRDA:793,29,1,2
BRDA:816,30,0,0
BRDA:816,30,1,2
BRDA:838,31,0,0
BRDA:838,31,1,2
BRDA:859,32,0,0
BRDA:859,32,1,2
BRDA:876,33,0,2
BRDA:876,33,1,2
BRDA:876,34,0,4
BRDA:876,34,1,2
BRDA:896,35,0,2
BRDA:896,35,1,2
BRDA:913,36,0,2
BRDA:913,36,1,2
BRDA:913,37,0,4
BRDA:913,37,1,4
BRDA:924,38,0,0
BRDA:924,38,1,2
BRDA:944,39,0,0
BRDA:944,39,1,2
BRF:81
BRH:56
end_of_record
TN:
SF:wsserver.js
FN:13,(anonymous_0)
FN:26,(anonymous_1)
FN:40,(anonymous_2)
FN:94,(anonymous_3)
FN:106,(anonymous_4)
FN:118,(anonymous_5)
FNF:6
FNH:0
FNDA:0,(anonymous_0)
FNDA:0,(anonymous_1)
FNDA:0,(anonymous_2)
FNDA:0,(anonymous_3)
FNDA:0,(anonymous_4)
FNDA:0,(anonymous_5)
DA:1,1
DA:3,1
DA:6,1
DA:9,1
DA:10,1
DA:13,1
DA:14,0
DA:15,0
DA:18,0
DA:19,0
DA:21,0
DA:23,0
DA:26,0
DA:27,0
DA:28,0
DA:29,0
DA:31,0
DA:33,0
DA:35,0
DA:40,0
DA:42,0
DA:44,0
DA:45,0
DA:46,0
DA:51,0
DA:52,0
DA:54,0
DA:58,0
DA:65,0
DA:67,0
DA:74,0
DA:76,0
DA:78,0
DA:79,0
DA:86,0
DA:90,0
DA:92,0
DA:93,0
DA:94,0
DA:95,0
DA:99,0
DA:101,0
DA:102,0
DA:103,0
DA:104,0
DA:105,0
DA:106,0
DA:107,0
DA:111,0
DA:113,0
DA:114,0
DA:115,0
DA:116,0
DA:117,0
DA:118,0
DA:119,0
DA:123,0
DA:124,0
DA:129,0
DA:130,0
DA:135,0
DA:139,0
DA:146,0
DA:148,0
DA:155,0
DA:158,0
DA:159,0
DA:160,0
DA:167,0
DA:172,0
DA:173,0
DA:178,0
DA:179,0
DA:182,0
DA:186,0
DA:194,0
DA:196,0
DA:204,0
DA:207,0
DA:208,0
DA:209,0
DA:216,0
DA:222,0
DA:223,0
DA:224,0
DA:225,0
DA:229,0
DA:236,0
DA:238,0
DA:245,0
DA:248,0
DA:249,0
DA:250,0
DA:258,0
DA:265,0
DA:266,0
DA:269,1
LF:97
LH:7
BRDA:18,0,0,0
BRDA:18,0,1,0
BRDA:21,1,0,0
BRDA:21,1,1,0
BRDA:27,2,0,0
BRDA:27,2,1,0
BRDA:33,3,0,0
BRDA:33,3,1,0
BRDA:42,4,0,0
BRDA:42,4,1,0
BRDA:45,5,0,0
BRDA:45,5,1,0
BRDA:51,6,0,0
BRDA:51,6,1,0
BRDA:54,7,0,0
BRDA:54,7,1,0
BRDA:55,8,0,0
BRDA:55,8,1,0
BRDA:76,9,0,0
BRDA:76,9,1,0
BRDA:90,10,0,0
BRDA:90,10,1,0
BRDA:99,11,0,0
BRDA:99,11,1,0
BRDA:111,12,0,0
BRDA:111,12,1,0
BRDA:123,13,0,0
BRDA:123,13,1,0
BRDA:129,14,0,0
BRDA:129,14,1,0
BRDA:135,15,0,0
BRDA:135,15,1,0
BRDA:136,16,0,0
BRDA:136,16,1,0
BRDA:158,17,0,0
BRDA:158,17,1,0
BRDA:172,18,0,0
BRDA:172,18,1,0
BRDA:178,19,0,0
BRDA:178,19,1,0
BRDA:182,20,0,0
BRDA:182,20,1,0
BRDA:183,21,0,0
BRDA:183,21,1,0
BRDA:207,22,0,0
BRDA:207,22,1,0
BRDA:222,23,0,0
BRDA:222,23,1,0
BRDA:223,24,0,0
BRDA:223,24,1,0
BRDA:225,25,0,0
BRDA:225,25,1,0
BRDA:226,26,0,0
BRDA:226,26,1,0
BRDA:248,27,0,0
BRDA:248,27,1,0
BRF:56
BRH:0
end_of_record
